[{'config': 'experiments/GG/splitcifar100/configs/rn18-supsup.yaml', 'name': 'id=supsup~seed=0~sparsity=1', 'sparsity': 1, 'seed': 0, 'log-dir': 'runs/rn18-supsup', 'epochs': 250, 'data': './data'}, {'config': 'experiments/GG/splitcifar100/configs/rn18-supsup.yaml', 'name': 'id=supsup~seed=0~sparsity=2', 'sparsity': 2, 'seed': 0, 'log-dir': 'runs/rn18-supsup', 'epochs': 250, 'data': './data'}, {'config': 'experiments/GG/splitcifar100/configs/rn18-supsup.yaml', 'name': 'id=supsup~seed=0~sparsity=4', 'sparsity': 4, 'seed': 0, 'log-dir': 'runs/rn18-supsup', 'epochs': 250, 'data': './data'}, {'config': 'experiments/GG/splitcifar100/configs/rn18-supsup.yaml', 'name': 'id=supsup~seed=0~sparsity=8', 'sparsity': 8, 'seed': 0, 'log-dir': 'runs/rn18-supsup', 'epochs': 250, 'data': './data'}, {'config': 'experiments/GG/splitcifar100/configs/rn18-supsup.yaml', 'name': 'id=supsup~seed=0~sparsity=16', 'sparsity': 16, 'seed': 0, 'log-dir': 'runs/rn18-supsup', 'epochs': 250, 'data': './data'}, {'config': 'experiments/GG/splitcifar100/configs/rn18-supsup.yaml', 'name': 'id=supsup~seed=0~sparsity=32', 'sparsity': 32, 'seed': 0, 'log-dir': 'runs/rn18-supsup', 'epochs': 250, 'data': './data'}]
=> Reading YAML config from experiments/GG/splitcifar100/configs/rn18-supsup.yaml
=> Saving data in runs/rn18-supsup/id=supsup~seed=0~sparsity=1~try=4
Files already downloaded and verified
Files already downloaded and verified
[26 86  2 55 75 93 16 73 54 95 53 92 78 13  7 30 22 24 33  8 43 62  3 71
 45 48  6 99 82 76 60 80 90 68 51 27 18 56 63 74  1 61 42 41  4 15 17 40
 38  5 91 59  0 34 28 50 11 35 23 52 10 31 66 57 79 85 32 84 14 89 19 29
 49 97 98 69 20 94 72 77 25 37 81 46 39 65 58 12 88 70 87 36 21 83  9 96
 67 64 47 44]
[26 86  2 55 75]
[93 16 73 54 95]
[53 92 78 13  7]
[30 22 24 33  8]
[43 62  3 71 45]
[48  6 99 82 76]
[60 80 90 68 51]
[27 18 56 63 74]
[ 1 61 42 41  4]
[15 17 40 38  5]
[91 59  0 34 28]
[50 11 35 23 52]
[10 31 66 57 79]
[85 32 84 14 89]
[19 29 49 97 98]
[69 20 94 72 77]
[25 37 81 46 39]
[65 58 12 88 70]
[87 36 21 83  9]
[96 67 64 47 44]
Set sparsity of conv1 to 0.04259259259259259
Set sparsity of layer1.0.conv1 to 0.011111111111111112
Set sparsity of layer1.0.conv2 to 0.011111111111111112
Set sparsity of layer1.1.conv1 to 0.011111111111111112
Set sparsity of layer1.1.conv2 to 0.011111111111111112
Set sparsity of layer2.0.conv1 to 0.008333333333333333
Set sparsity of layer2.0.conv2 to 0.005555555555555556
Set sparsity of layer2.0.shortcut.0 to 0.075
Set sparsity of layer2.1.conv1 to 0.005555555555555556
Set sparsity of layer2.1.conv2 to 0.005555555555555556
Set sparsity of layer3.0.conv1 to 0.004166666666666667
Set sparsity of layer3.0.conv2 to 0.002777777777777778
Set sparsity of layer3.0.shortcut.0 to 0.0375
Set sparsity of layer3.1.conv1 to 0.002777777777777778
Set sparsity of layer3.1.conv2 to 0.002777777777777778
Set sparsity of layer4.0.conv1 to 0.0020833333333333333
Set sparsity of layer4.0.conv2 to 0.001388888888888889
Set sparsity of layer4.0.shortcut.0 to 0.01875
Set sparsity of layer4.1.conv1 to 0.001388888888888889
Set sparsity of layer4.1.conv2 to 0.001388888888888889
Set sparsity of linear to 0.20625
=> Parallelizing on [0] gpus
=> Using trainer <module 'trainers.default' from '/home/at2507/supsup/trainers/default.py'>
Task RandSplitCIFAR100: 0
=> Reading YAML config from experiments/GG/splitcifar100/configs/rn18-supsup.yaml
=> Saving data in runs/rn18-supsup/id=supsup~seed=0~sparsity=2~try=4
Files already downloaded and verified
Files already downloaded and verified
[26 86  2 55 75 93 16 73 54 95 53 92 78 13  7 30 22 24 33  8 43 62  3 71
 45 48  6 99 82 76 60 80 90 68 51 27 18 56 63 74  1 61 42 41  4 15 17 40
 38  5 91 59  0 34 28 50 11 35 23 52 10 31 66 57 79 85 32 84 14 89 19 29
 49 97 98 69 20 94 72 77 25 37 81 46 39 65 58 12 88 70 87 36 21 83  9 96
 67 64 47 44]
[26 86  2 55 75]
[93 16 73 54 95]
[53 92 78 13  7]
[30 22 24 33  8]
[43 62  3 71 45]
[48  6 99 82 76]
[60 80 90 68 51]
[27 18 56 63 74]
[ 1 61 42 41  4]
[15 17 40 38  5]
[91 59  0 34 28]
[50 11 35 23 52]
[10 31 66 57 79]
[85 32 84 14 89]
[19 29 49 97 98]
[69 20 94 72 77]
[25 37 81 46 39]
[65 58 12 88 70]
[87 36 21 83  9]
[96 67 64 47 44]
Set sparsity of conv1 to 0.08518518518518518
Set sparsity of layer1.0.conv1 to 0.022222222222222223
Set sparsity of layer1.0.conv2 to 0.022222222222222223
Set sparsity of layer1.1.conv1 to 0.022222222222222223
Set sparsity of layer1.1.conv2 to 0.022222222222222223
Set sparsity of layer2.0.conv1 to 0.016666666666666666
Set sparsity of layer2.0.conv2 to 0.011111111111111112
Set sparsity of layer2.0.shortcut.0 to 0.15
Set sparsity of layer2.1.conv1 to 0.011111111111111112
Set sparsity of layer2.1.conv2 to 0.011111111111111112
Set sparsity of layer3.0.conv1 to 0.008333333333333333
Set sparsity of layer3.0.conv2 to 0.005555555555555556
Set sparsity of layer3.0.shortcut.0 to 0.075
Set sparsity of layer3.1.conv1 to 0.005555555555555556
Set sparsity of layer3.1.conv2 to 0.005555555555555556
Set sparsity of layer4.0.conv1 to 0.004166666666666667
Set sparsity of layer4.0.conv2 to 0.002777777777777778
Set sparsity of layer4.0.shortcut.0 to 0.0375
Set sparsity of layer4.1.conv1 to 0.002777777777777778
Set sparsity of layer4.1.conv2 to 0.002777777777777778
Set sparsity of linear to 0.4125
=> Parallelizing on [1] gpus
=> Using trainer <module 'trainers.default' from '/home/at2507/supsup/trainers/default.py'>
Task RandSplitCIFAR100: 0
Train Epoch: 1 [0/2500 (0%)]	Loss: 1.663259
Train Epoch: 1 [1280/2500 (50%)]	Loss: 1.497976
Train Epoch: 1 [0/2500 (0%)]	Loss: 1.831000
Train Epoch: 1 [1280/2500 (50%)]	Loss: 1.513844

Test set: Average loss: 1.3765, Accuracy: (0.4480)


Test set: Average loss: 1.3578, Accuracy: (0.4640)

Train Epoch: 2 [0/2500 (0%)]	Loss: 1.475293
Train Epoch: 2 [1280/2500 (50%)]	Loss: 1.171400
Train Epoch: 2 [0/2500 (0%)]	Loss: 1.484048
Train Epoch: 2 [1280/2500 (50%)]	Loss: 1.410825

Test set: Average loss: 1.1296, Accuracy: (0.5620)


Test set: Average loss: 1.2788, Accuracy: (0.4820)

Train Epoch: 3 [0/2500 (0%)]	Loss: 1.323792
Train Epoch: 3 [1280/2500 (50%)]	Loss: 1.063386
Train Epoch: 3 [0/2500 (0%)]	Loss: 1.303990
Train Epoch: 3 [1280/2500 (50%)]	Loss: 1.264199

Test set: Average loss: 1.0970, Accuracy: (0.6060)


Test set: Average loss: 1.2595, Accuracy: (0.4840)

Train Epoch: 4 [0/2500 (0%)]	Loss: 1.157543
Train Epoch: 4 [1280/2500 (50%)]	Loss: 1.297371
Train Epoch: 4 [0/2500 (0%)]	Loss: 0.922073
Train Epoch: 4 [1280/2500 (50%)]	Loss: 1.154369

Test set: Average loss: 1.2292, Accuracy: (0.5120)


Test set: Average loss: 0.9948, Accuracy: (0.6220)

Train Epoch: 5 [0/2500 (0%)]	Loss: 1.238376
Train Epoch: 5 [1280/2500 (50%)]	Loss: 1.174333
Train Epoch: 5 [0/2500 (0%)]	Loss: 1.038581
Train Epoch: 5 [1280/2500 (50%)]	Loss: 1.047225

Test set: Average loss: 1.2346, Accuracy: (0.5040)


Test set: Average loss: 1.0471, Accuracy: (0.5960)

Train Epoch: 6 [0/2500 (0%)]	Loss: 1.281980
Train Epoch: 6 [1280/2500 (50%)]	Loss: 1.159563
Train Epoch: 6 [0/2500 (0%)]	Loss: 1.041193
Train Epoch: 6 [1280/2500 (50%)]	Loss: 1.076257

Test set: Average loss: 1.1443, Accuracy: (0.5360)


Test set: Average loss: 0.9550, Accuracy: (0.6340)

Train Epoch: 7 [0/2500 (0%)]	Loss: 1.150614
Train Epoch: 7 [1280/2500 (50%)]	Loss: 1.127556
Train Epoch: 7 [0/2500 (0%)]	Loss: 0.954104
Train Epoch: 7 [1280/2500 (50%)]	Loss: 0.935153

Test set: Average loss: 1.1455, Accuracy: (0.5460)


Test set: Average loss: 1.0295, Accuracy: (0.6140)

Train Epoch: 8 [0/2500 (0%)]	Loss: 1.225967
Train Epoch: 8 [1280/2500 (50%)]	Loss: 1.245373
Train Epoch: 8 [0/2500 (0%)]	Loss: 1.163609
Train Epoch: 8 [1280/2500 (50%)]	Loss: 0.956116

Test set: Average loss: 1.1754, Accuracy: (0.5180)


Test set: Average loss: 0.9823, Accuracy: (0.6360)

Train Epoch: 9 [0/2500 (0%)]	Loss: 1.373737
Train Epoch: 9 [1280/2500 (50%)]	Loss: 1.110922
Train Epoch: 9 [0/2500 (0%)]	Loss: 1.074102
Train Epoch: 9 [1280/2500 (50%)]	Loss: 0.924889

Test set: Average loss: 1.1485, Accuracy: (0.5520)


Test set: Average loss: 1.0143, Accuracy: (0.5820)

Train Epoch: 10 [0/2500 (0%)]	Loss: 1.374021
Train Epoch: 10 [1280/2500 (50%)]	Loss: 1.221420
Train Epoch: 10 [0/2500 (0%)]	Loss: 1.124573
Train Epoch: 10 [1280/2500 (50%)]	Loss: 1.005178

Test set: Average loss: 1.0894, Accuracy: (0.5980)


Test set: Average loss: 0.9448, Accuracy: (0.6320)

Train Epoch: 11 [0/2500 (0%)]	Loss: 1.049422
Train Epoch: 11 [1280/2500 (50%)]	Loss: 0.988186
Train Epoch: 11 [0/2500 (0%)]	Loss: 0.950486
Train Epoch: 11 [1280/2500 (50%)]	Loss: 0.911401

Test set: Average loss: 1.0737, Accuracy: (0.6000)


Test set: Average loss: 0.9405, Accuracy: (0.6420)

Train Epoch: 12 [0/2500 (0%)]	Loss: 1.084953
Train Epoch: 12 [1280/2500 (50%)]	Loss: 1.037719
Train Epoch: 12 [0/2500 (0%)]	Loss: 0.852330
Train Epoch: 12 [1280/2500 (50%)]	Loss: 1.048421

Test set: Average loss: 1.0317, Accuracy: (0.6120)


Test set: Average loss: 0.9980, Accuracy: (0.6400)

Train Epoch: 13 [0/2500 (0%)]	Loss: 1.170205
Train Epoch: 13 [1280/2500 (50%)]	Loss: 1.162457
Train Epoch: 13 [0/2500 (0%)]	Loss: 1.141569
Train Epoch: 13 [1280/2500 (50%)]	Loss: 0.898681

Test set: Average loss: 0.9898, Accuracy: (0.6220)


Test set: Average loss: 1.0140, Accuracy: (0.6240)

Train Epoch: 14 [0/2500 (0%)]	Loss: 1.213426
Train Epoch: 14 [1280/2500 (50%)]	Loss: 0.895814
Train Epoch: 14 [0/2500 (0%)]	Loss: 1.198379
Train Epoch: 14 [1280/2500 (50%)]	Loss: 1.006143

Test set: Average loss: 0.9581, Accuracy: (0.6300)


Test set: Average loss: 0.9780, Accuracy: (0.6440)

Train Epoch: 15 [0/2500 (0%)]	Loss: 0.872341
Train Epoch: 15 [1280/2500 (50%)]	Loss: 1.099921
Train Epoch: 15 [0/2500 (0%)]	Loss: 1.028783
Train Epoch: 15 [1280/2500 (50%)]	Loss: 1.126852

Test set: Average loss: 0.9485, Accuracy: (0.6540)


Test set: Average loss: 1.0703, Accuracy: (0.5940)

Train Epoch: 16 [0/2500 (0%)]	Loss: 1.280965
Train Epoch: 16 [1280/2500 (50%)]	Loss: 1.136798
Train Epoch: 16 [0/2500 (0%)]	Loss: 1.093280
Train Epoch: 16 [1280/2500 (50%)]	Loss: 0.999494

Test set: Average loss: 0.9370, Accuracy: (0.6460)


Test set: Average loss: 0.9953, Accuracy: (0.6000)

Train Epoch: 17 [0/2500 (0%)]	Loss: 0.730014
Train Epoch: 17 [1280/2500 (50%)]	Loss: 0.839616
Train Epoch: 17 [0/2500 (0%)]	Loss: 0.831495
Train Epoch: 17 [1280/2500 (50%)]	Loss: 0.995268

Test set: Average loss: 0.8925, Accuracy: (0.6520)


Test set: Average loss: 1.0289, Accuracy: (0.6080)

Train Epoch: 18 [0/2500 (0%)]	Loss: 0.821145
Train Epoch: 18 [1280/2500 (50%)]	Loss: 0.810101
Train Epoch: 18 [0/2500 (0%)]	Loss: 1.017736
Train Epoch: 18 [1280/2500 (50%)]	Loss: 1.021377

Test set: Average loss: 0.9197, Accuracy: (0.6360)


Test set: Average loss: 0.9914, Accuracy: (0.6140)

Train Epoch: 19 [0/2500 (0%)]	Loss: 0.779318
Train Epoch: 19 [1280/2500 (50%)]	Loss: 0.978397
Train Epoch: 19 [0/2500 (0%)]	Loss: 0.920449
Train Epoch: 19 [1280/2500 (50%)]	Loss: 1.046988

Test set: Average loss: 0.8738, Accuracy: (0.6600)


Test set: Average loss: 0.9780, Accuracy: (0.6260)

Train Epoch: 20 [0/2500 (0%)]	Loss: 0.951074
Train Epoch: 20 [1280/2500 (50%)]	Loss: 0.829614
Train Epoch: 20 [0/2500 (0%)]	Loss: 0.993328
Train Epoch: 20 [1280/2500 (50%)]	Loss: 1.066640

Test set: Average loss: 0.9136, Accuracy: (0.6440)


Test set: Average loss: 0.9504, Accuracy: (0.6300)

Train Epoch: 21 [0/2500 (0%)]	Loss: 0.697007
Train Epoch: 21 [1280/2500 (50%)]	Loss: 0.903086
Train Epoch: 21 [0/2500 (0%)]	Loss: 0.826790
Train Epoch: 21 [1280/2500 (50%)]	Loss: 0.998369

Test set: Average loss: 0.8706, Accuracy: (0.6620)


Test set: Average loss: 0.9423, Accuracy: (0.6620)

Train Epoch: 22 [0/2500 (0%)]	Loss: 0.694874
Train Epoch: 22 [1280/2500 (50%)]	Loss: 0.839819
Train Epoch: 22 [0/2500 (0%)]	Loss: 0.837768
Train Epoch: 22 [1280/2500 (50%)]	Loss: 0.940818

Test set: Average loss: 0.8742, Accuracy: (0.6500)


Test set: Average loss: 0.9397, Accuracy: (0.6260)

Train Epoch: 23 [0/2500 (0%)]	Loss: 0.811689
Train Epoch: 23 [1280/2500 (50%)]	Loss: 0.789515
Train Epoch: 23 [0/2500 (0%)]	Loss: 0.910520
Train Epoch: 23 [1280/2500 (50%)]	Loss: 0.869028

Test set: Average loss: 0.8642, Accuracy: (0.6560)


Test set: Average loss: 0.9442, Accuracy: (0.6360)

Train Epoch: 24 [0/2500 (0%)]	Loss: 0.762850
Train Epoch: 24 [1280/2500 (50%)]	Loss: 0.752705
Train Epoch: 24 [0/2500 (0%)]	Loss: 0.864439
Train Epoch: 24 [1280/2500 (50%)]	Loss: 0.872268

Test set: Average loss: 0.8801, Accuracy: (0.6640)


Test set: Average loss: 0.9844, Accuracy: (0.6080)

Train Epoch: 25 [0/2500 (0%)]	Loss: 0.752821
Train Epoch: 25 [1280/2500 (50%)]	Loss: 0.898187
Train Epoch: 25 [0/2500 (0%)]	Loss: 0.888510
Train Epoch: 25 [1280/2500 (50%)]	Loss: 0.980834

Test set: Average loss: 0.8395, Accuracy: (0.6840)


Test set: Average loss: 0.9378, Accuracy: (0.6540)

Train Epoch: 26 [0/2500 (0%)]	Loss: 0.806980
Train Epoch: 26 [1280/2500 (50%)]	Loss: 0.713788
Train Epoch: 26 [0/2500 (0%)]	Loss: 1.017507
Train Epoch: 26 [1280/2500 (50%)]	Loss: 0.855599

Test set: Average loss: 0.8524, Accuracy: (0.6620)


Test set: Average loss: 0.9808, Accuracy: (0.6360)

Train Epoch: 27 [0/2500 (0%)]	Loss: 0.784103
Train Epoch: 27 [1280/2500 (50%)]	Loss: 0.879790
Train Epoch: 27 [0/2500 (0%)]	Loss: 0.825805
Train Epoch: 27 [1280/2500 (50%)]	Loss: 1.053940

Test set: Average loss: 0.8580, Accuracy: (0.6880)


Test set: Average loss: 0.9941, Accuracy: (0.6400)

Train Epoch: 28 [0/2500 (0%)]	Loss: 0.953443
Train Epoch: 28 [1280/2500 (50%)]	Loss: 0.832097
Train Epoch: 28 [0/2500 (0%)]	Loss: 1.060450
Train Epoch: 28 [1280/2500 (50%)]	Loss: 0.824513

Test set: Average loss: 0.9271, Accuracy: (0.6400)


Test set: Average loss: 0.9623, Accuracy: (0.6400)

Train Epoch: 29 [0/2500 (0%)]	Loss: 1.013177
Train Epoch: 29 [1280/2500 (50%)]	Loss: 0.915947
Train Epoch: 29 [0/2500 (0%)]	Loss: 1.112515
Train Epoch: 29 [1280/2500 (50%)]	Loss: 1.032259

Test set: Average loss: 0.8614, Accuracy: (0.6540)


Test set: Average loss: 0.8990, Accuracy: (0.6480)

Train Epoch: 30 [0/2500 (0%)]	Loss: 0.808768
Train Epoch: 30 [1280/2500 (50%)]	Loss: 0.839890
Train Epoch: 30 [0/2500 (0%)]	Loss: 0.935405
Train Epoch: 30 [1280/2500 (50%)]	Loss: 0.909464

Test set: Average loss: 0.8348, Accuracy: (0.6660)


Test set: Average loss: 0.9271, Accuracy: (0.6420)

Train Epoch: 31 [0/2500 (0%)]	Loss: 0.821591
Train Epoch: 31 [1280/2500 (50%)]	Loss: 0.699744
Train Epoch: 31 [0/2500 (0%)]	Loss: 0.962978
Train Epoch: 31 [1280/2500 (50%)]	Loss: 0.910128

Test set: Average loss: 0.8883, Accuracy: (0.6580)


Test set: Average loss: 0.9023, Accuracy: (0.6660)

Train Epoch: 32 [0/2500 (0%)]	Loss: 0.803063
Train Epoch: 32 [1280/2500 (50%)]	Loss: 0.626938
Train Epoch: 32 [0/2500 (0%)]	Loss: 0.946579
Train Epoch: 32 [1280/2500 (50%)]	Loss: 0.778358

Test set: Average loss: 0.8328, Accuracy: (0.6780)


Test set: Average loss: 0.9496, Accuracy: (0.6380)

Train Epoch: 33 [0/2500 (0%)]	Loss: 0.701066
Train Epoch: 33 [1280/2500 (50%)]	Loss: 0.816220
Train Epoch: 33 [0/2500 (0%)]	Loss: 0.890858
Train Epoch: 33 [1280/2500 (50%)]	Loss: 0.978924

Test set: Average loss: 0.9641, Accuracy: (0.6420)


Test set: Average loss: 0.8979, Accuracy: (0.6340)

Train Epoch: 34 [0/2500 (0%)]	Loss: 0.880324
Train Epoch: 34 [1280/2500 (50%)]	Loss: 0.888366
Train Epoch: 34 [0/2500 (0%)]	Loss: 0.828525
Train Epoch: 34 [1280/2500 (50%)]	Loss: 0.848417

Test set: Average loss: 0.9114, Accuracy: (0.6560)


Test set: Average loss: 0.8240, Accuracy: (0.6740)

Train Epoch: 35 [0/2500 (0%)]	Loss: 0.817663
Train Epoch: 35 [1280/2500 (50%)]	Loss: 0.798353
Train Epoch: 35 [0/2500 (0%)]	Loss: 0.713534
Train Epoch: 35 [1280/2500 (50%)]	Loss: 0.787022

Test set: Average loss: 0.9362, Accuracy: (0.6320)


Test set: Average loss: 0.8378, Accuracy: (0.6760)

Train Epoch: 36 [0/2500 (0%)]	Loss: 0.868585
Train Epoch: 36 [1280/2500 (50%)]	Loss: 0.960662
Train Epoch: 36 [0/2500 (0%)]	Loss: 0.710553
Train Epoch: 36 [1280/2500 (50%)]	Loss: 1.004782

Test set: Average loss: 0.8933, Accuracy: (0.6520)


Test set: Average loss: 0.8921, Accuracy: (0.6500)

Train Epoch: 37 [0/2500 (0%)]	Loss: 0.909702
Train Epoch: 37 [1280/2500 (50%)]	Loss: 0.781079
Train Epoch: 37 [0/2500 (0%)]	Loss: 0.825159
Train Epoch: 37 [1280/2500 (50%)]	Loss: 0.732146

Test set: Average loss: 0.8354, Accuracy: (0.6820)


Test set: Average loss: 0.9006, Accuracy: (0.6500)

Train Epoch: 38 [0/2500 (0%)]	Loss: 0.904171
Train Epoch: 38 [1280/2500 (50%)]	Loss: 0.784934
Train Epoch: 38 [0/2500 (0%)]	Loss: 0.951286
Train Epoch: 38 [1280/2500 (50%)]	Loss: 0.878665

Test set: Average loss: 0.8295, Accuracy: (0.6880)


Test set: Average loss: 0.9614, Accuracy: (0.6280)

Train Epoch: 39 [0/2500 (0%)]	Loss: 0.773193
Train Epoch: 39 [1280/2500 (50%)]	Loss: 0.836797
Train Epoch: 39 [0/2500 (0%)]	Loss: 0.839117
Train Epoch: 39 [1280/2500 (50%)]	Loss: 0.892033

Test set: Average loss: 0.9155, Accuracy: (0.6560)


Test set: Average loss: 0.8974, Accuracy: (0.6500)

Train Epoch: 40 [0/2500 (0%)]	Loss: 0.934753
Train Epoch: 40 [1280/2500 (50%)]	Loss: 0.773471
Train Epoch: 40 [0/2500 (0%)]	Loss: 0.954001
Train Epoch: 40 [1280/2500 (50%)]	Loss: 0.923443

Test set: Average loss: 0.8306, Accuracy: (0.6940)


Test set: Average loss: 0.8933, Accuracy: (0.6660)

Train Epoch: 41 [0/2500 (0%)]	Loss: 0.591888
Train Epoch: 41 [1280/2500 (50%)]	Loss: 0.797694

Test set: Average loss: 0.8907, Accuracy: (0.6600)

Train Epoch: 41 [0/2500 (0%)]	Loss: 0.677293
Train Epoch: 41 [1280/2500 (50%)]	Loss: 0.946364

Test set: Average loss: 0.8710, Accuracy: (0.6620)

Train Epoch: 42 [0/2500 (0%)]	Loss: 0.726040
Train Epoch: 42 [1280/2500 (50%)]	Loss: 0.782022

Test set: Average loss: 0.8455, Accuracy: (0.6700)

Train Epoch: 42 [0/2500 (0%)]	Loss: 0.779516
Train Epoch: 42 [1280/2500 (50%)]	Loss: 0.756114

Test set: Average loss: 0.8379, Accuracy: (0.6680)

Train Epoch: 43 [0/2500 (0%)]	Loss: 0.800133
Train Epoch: 43 [1280/2500 (50%)]	Loss: 1.000275

Test set: Average loss: 0.8389, Accuracy: (0.6680)

Train Epoch: 43 [0/2500 (0%)]	Loss: 0.877377
Train Epoch: 43 [1280/2500 (50%)]	Loss: 1.042197

Test set: Average loss: 0.8860, Accuracy: (0.6620)

Train Epoch: 44 [0/2500 (0%)]	Loss: 0.851518
Train Epoch: 44 [1280/2500 (50%)]	Loss: 0.827355

Test set: Average loss: 0.8542, Accuracy: (0.6720)

Train Epoch: 44 [0/2500 (0%)]	Loss: 0.904247
Train Epoch: 44 [1280/2500 (50%)]	Loss: 0.845409

Test set: Average loss: 0.8617, Accuracy: (0.6760)

Train Epoch: 45 [0/2500 (0%)]	Loss: 0.756077
Train Epoch: 45 [1280/2500 (50%)]	Loss: 0.733691

Test set: Average loss: 0.8130, Accuracy: (0.6940)

Train Epoch: 45 [0/2500 (0%)]	Loss: 0.862128
Train Epoch: 45 [1280/2500 (50%)]	Loss: 0.894002

Test set: Average loss: 0.8927, Accuracy: (0.6640)

Train Epoch: 46 [0/2500 (0%)]	Loss: 0.758167
Train Epoch: 46 [1280/2500 (50%)]	Loss: 0.679614

Test set: Average loss: 0.8422, Accuracy: (0.6860)

Train Epoch: 46 [0/2500 (0%)]	Loss: 0.889236
Train Epoch: 46 [1280/2500 (50%)]	Loss: 0.709396

Test set: Average loss: 0.8808, Accuracy: (0.6660)

Train Epoch: 47 [0/2500 (0%)]	Loss: 0.764444
Train Epoch: 47 [1280/2500 (50%)]	Loss: 0.518891

Test set: Average loss: 0.7909, Accuracy: (0.7160)

Train Epoch: 47 [0/2500 (0%)]	Loss: 0.893113
Train Epoch: 47 [1280/2500 (50%)]	Loss: 0.599367

Test set: Average loss: 0.8520, Accuracy: (0.6780)

Train Epoch: 48 [0/2500 (0%)]	Loss: 0.658386
Train Epoch: 48 [1280/2500 (50%)]	Loss: 0.897583

Test set: Average loss: 0.7879, Accuracy: (0.6920)

Train Epoch: 48 [0/2500 (0%)]	Loss: 0.784407
Train Epoch: 48 [1280/2500 (50%)]	Loss: 0.918641

Test set: Average loss: 0.8586, Accuracy: (0.6660)

Train Epoch: 49 [0/2500 (0%)]	Loss: 0.627568
Train Epoch: 49 [1280/2500 (50%)]	Loss: 0.569015

Test set: Average loss: 0.8212, Accuracy: (0.6880)

Train Epoch: 49 [0/2500 (0%)]	Loss: 0.832155
Train Epoch: 49 [1280/2500 (50%)]	Loss: 0.714072

Test set: Average loss: 0.8662, Accuracy: (0.6700)

Train Epoch: 50 [0/2500 (0%)]	Loss: 0.717483
Train Epoch: 50 [1280/2500 (50%)]	Loss: 0.824443

Test set: Average loss: 0.8023, Accuracy: (0.6940)

Train Epoch: 50 [0/2500 (0%)]	Loss: 0.831858
Train Epoch: 50 [1280/2500 (50%)]	Loss: 0.938683

Test set: Average loss: 0.9271, Accuracy: (0.6340)

Train Epoch: 51 [0/2500 (0%)]	Loss: 0.538629
Train Epoch: 51 [1280/2500 (50%)]	Loss: 0.813833

Test set: Average loss: 0.8152, Accuracy: (0.6960)

Train Epoch: 51 [0/2500 (0%)]	Loss: 0.776258
Train Epoch: 51 [1280/2500 (50%)]	Loss: 0.950511

Test set: Average loss: 0.9190, Accuracy: (0.6380)

Train Epoch: 52 [0/2500 (0%)]	Loss: 0.723887
Train Epoch: 52 [1280/2500 (50%)]	Loss: 0.698456

Test set: Average loss: 0.7461, Accuracy: (0.7260)

Train Epoch: 52 [0/2500 (0%)]	Loss: 0.821953
Train Epoch: 52 [1280/2500 (50%)]	Loss: 0.845112

Test set: Average loss: 0.8451, Accuracy: (0.6720)

Train Epoch: 53 [0/2500 (0%)]	Loss: 0.607972
Train Epoch: 53 [1280/2500 (50%)]	Loss: 0.871694

Test set: Average loss: 0.7721, Accuracy: (0.7120)

Train Epoch: 53 [0/2500 (0%)]	Loss: 0.768560
Train Epoch: 53 [1280/2500 (50%)]	Loss: 0.983073

Test set: Average loss: 0.9425, Accuracy: (0.6220)

Train Epoch: 54 [0/2500 (0%)]	Loss: 0.663831
Train Epoch: 54 [1280/2500 (50%)]	Loss: 0.818773

Test set: Average loss: 0.7764, Accuracy: (0.7240)

Train Epoch: 54 [0/2500 (0%)]	Loss: 0.815173
Train Epoch: 54 [1280/2500 (50%)]	Loss: 0.885067

Test set: Average loss: 0.8353, Accuracy: (0.6760)

Train Epoch: 55 [0/2500 (0%)]	Loss: 0.739429
Train Epoch: 55 [1280/2500 (50%)]	Loss: 0.596113

Test set: Average loss: 0.8072, Accuracy: (0.6880)

Train Epoch: 55 [0/2500 (0%)]	Loss: 0.789290
Train Epoch: 55 [1280/2500 (50%)]	Loss: 0.721997

Test set: Average loss: 0.8432, Accuracy: (0.6800)

Train Epoch: 56 [0/2500 (0%)]	Loss: 0.662409
Train Epoch: 56 [1280/2500 (50%)]	Loss: 0.699772

Test set: Average loss: 0.7496, Accuracy: (0.6980)

Train Epoch: 56 [0/2500 (0%)]	Loss: 0.747405
Train Epoch: 56 [1280/2500 (50%)]	Loss: 0.833294

Test set: Average loss: 0.9321, Accuracy: (0.6440)

Train Epoch: 57 [0/2500 (0%)]	Loss: 0.572451
Train Epoch: 57 [1280/2500 (50%)]	Loss: 0.853452

Test set: Average loss: 0.8242, Accuracy: (0.6940)

Train Epoch: 57 [0/2500 (0%)]	Loss: 0.745625
Train Epoch: 57 [1280/2500 (50%)]	Loss: 0.898889

Test set: Average loss: 0.8524, Accuracy: (0.6580)

Train Epoch: 58 [0/2500 (0%)]	Loss: 0.825498
Train Epoch: 58 [1280/2500 (50%)]	Loss: 0.641698

Test set: Average loss: 0.7807, Accuracy: (0.7000)

Train Epoch: 58 [0/2500 (0%)]	Loss: 0.828713
Train Epoch: 58 [1280/2500 (50%)]	Loss: 0.903892

Test set: Average loss: 0.9232, Accuracy: (0.6460)

Train Epoch: 59 [0/2500 (0%)]	Loss: 0.838100
Train Epoch: 59 [1280/2500 (50%)]	Loss: 0.663380

Test set: Average loss: 0.7519, Accuracy: (0.7100)

Train Epoch: 59 [0/2500 (0%)]	Loss: 0.814836
Train Epoch: 59 [1280/2500 (50%)]	Loss: 0.823907

Test set: Average loss: 0.8518, Accuracy: (0.6800)

Train Epoch: 60 [0/2500 (0%)]	Loss: 0.626465
Train Epoch: 60 [1280/2500 (50%)]	Loss: 0.645587

Test set: Average loss: 0.8221, Accuracy: (0.7140)

Train Epoch: 60 [0/2500 (0%)]	Loss: 0.764521
Train Epoch: 60 [1280/2500 (50%)]	Loss: 0.750560

Test set: Average loss: 0.9334, Accuracy: (0.6360)

Train Epoch: 61 [0/2500 (0%)]	Loss: 0.810673
Train Epoch: 61 [1280/2500 (50%)]	Loss: 0.762027

Test set: Average loss: 0.8155, Accuracy: (0.7000)

Train Epoch: 61 [0/2500 (0%)]	Loss: 0.916460
Train Epoch: 61 [1280/2500 (50%)]	Loss: 0.857625

Test set: Average loss: 0.9183, Accuracy: (0.6480)

Train Epoch: 62 [0/2500 (0%)]	Loss: 0.716652
Train Epoch: 62 [1280/2500 (50%)]	Loss: 0.600517

Test set: Average loss: 0.8649, Accuracy: (0.6760)

Train Epoch: 62 [0/2500 (0%)]	Loss: 0.804918
Train Epoch: 62 [1280/2500 (50%)]	Loss: 0.747514

Test set: Average loss: 0.8366, Accuracy: (0.6600)

Train Epoch: 63 [0/2500 (0%)]	Loss: 0.953146
Train Epoch: 63 [1280/2500 (50%)]	Loss: 0.612952

Test set: Average loss: 0.7799, Accuracy: (0.7240)

Train Epoch: 63 [0/2500 (0%)]	Loss: 0.883705
Train Epoch: 63 [1280/2500 (50%)]	Loss: 0.767595

Test set: Average loss: 0.8552, Accuracy: (0.6580)

Train Epoch: 64 [0/2500 (0%)]	Loss: 0.584423
Train Epoch: 64 [1280/2500 (50%)]	Loss: 0.583481

Test set: Average loss: 0.7881, Accuracy: (0.7020)

Train Epoch: 64 [0/2500 (0%)]	Loss: 0.713184
Train Epoch: 64 [1280/2500 (50%)]	Loss: 0.732105

Test set: Average loss: 0.9210, Accuracy: (0.6380)

Train Epoch: 65 [0/2500 (0%)]	Loss: 0.658827
Train Epoch: 65 [1280/2500 (50%)]	Loss: 0.633660

Test set: Average loss: 0.7476, Accuracy: (0.7300)

Train Epoch: 65 [0/2500 (0%)]	Loss: 0.809678
Train Epoch: 65 [1280/2500 (50%)]	Loss: 0.844573

Test set: Average loss: 0.8570, Accuracy: (0.6600)

Train Epoch: 66 [0/2500 (0%)]	Loss: 0.480432
Train Epoch: 66 [1280/2500 (50%)]	Loss: 0.776603

Test set: Average loss: 0.7965, Accuracy: (0.7060)

Train Epoch: 66 [0/2500 (0%)]	Loss: 0.744220
Train Epoch: 66 [1280/2500 (50%)]	Loss: 0.747062

Test set: Average loss: 0.8328, Accuracy: (0.6800)

Train Epoch: 67 [0/2500 (0%)]	Loss: 0.673387
Train Epoch: 67 [1280/2500 (50%)]	Loss: 0.634704

Test set: Average loss: 0.7389, Accuracy: (0.7180)

Train Epoch: 67 [0/2500 (0%)]	Loss: 0.888898
Train Epoch: 67 [1280/2500 (50%)]	Loss: 0.738423

Test set: Average loss: 0.8689, Accuracy: (0.6680)

Train Epoch: 68 [0/2500 (0%)]	Loss: 0.769451
Train Epoch: 68 [1280/2500 (50%)]	Loss: 0.770067

Test set: Average loss: 0.7722, Accuracy: (0.7000)

Train Epoch: 68 [0/2500 (0%)]	Loss: 0.827834
Train Epoch: 68 [1280/2500 (50%)]	Loss: 0.871454

Test set: Average loss: 0.8526, Accuracy: (0.6840)

Train Epoch: 69 [0/2500 (0%)]	Loss: 0.730808
Train Epoch: 69 [1280/2500 (50%)]	Loss: 0.623126

Test set: Average loss: 0.7404, Accuracy: (0.7260)

Train Epoch: 69 [0/2500 (0%)]	Loss: 0.874674
Train Epoch: 69 [1280/2500 (50%)]	Loss: 0.655071

Test set: Average loss: 0.8424, Accuracy: (0.6560)

Train Epoch: 70 [0/2500 (0%)]	Loss: 0.757762
Train Epoch: 70 [1280/2500 (50%)]	Loss: 0.645109

Test set: Average loss: 0.7125, Accuracy: (0.7200)

Train Epoch: 70 [0/2500 (0%)]	Loss: 0.955113
Train Epoch: 70 [1280/2500 (50%)]	Loss: 0.742542

Test set: Average loss: 0.8707, Accuracy: (0.6640)

Train Epoch: 71 [0/2500 (0%)]	Loss: 0.644046
Train Epoch: 71 [1280/2500 (50%)]	Loss: 0.636686

Test set: Average loss: 0.7772, Accuracy: (0.7160)

Train Epoch: 71 [0/2500 (0%)]	Loss: 0.836965
Train Epoch: 71 [1280/2500 (50%)]	Loss: 0.769250

Test set: Average loss: 0.8261, Accuracy: (0.6960)

Train Epoch: 72 [0/2500 (0%)]	Loss: 0.712151
Train Epoch: 72 [1280/2500 (50%)]	Loss: 0.802616

Test set: Average loss: 0.7672, Accuracy: (0.7040)

Train Epoch: 72 [0/2500 (0%)]	Loss: 0.777880
Train Epoch: 72 [1280/2500 (50%)]	Loss: 0.797552

Test set: Average loss: 0.8730, Accuracy: (0.6820)

Train Epoch: 73 [0/2500 (0%)]	Loss: 0.714651
Train Epoch: 73 [1280/2500 (50%)]	Loss: 0.776425

Test set: Average loss: 0.7311, Accuracy: (0.7260)

Train Epoch: 73 [0/2500 (0%)]	Loss: 0.806536
Train Epoch: 73 [1280/2500 (50%)]	Loss: 0.824303

Test set: Average loss: 0.8673, Accuracy: (0.6480)

Train Epoch: 74 [0/2500 (0%)]	Loss: 0.552286
Train Epoch: 74 [1280/2500 (50%)]	Loss: 0.741793

Test set: Average loss: 0.7349, Accuracy: (0.7400)

Train Epoch: 74 [0/2500 (0%)]	Loss: 0.685070
Train Epoch: 74 [1280/2500 (50%)]	Loss: 0.795432

Test set: Average loss: 0.8721, Accuracy: (0.6580)

Train Epoch: 75 [0/2500 (0%)]	Loss: 0.579005
Train Epoch: 75 [1280/2500 (50%)]	Loss: 0.678626

Test set: Average loss: 0.6950, Accuracy: (0.7500)

Train Epoch: 75 [0/2500 (0%)]	Loss: 0.777964
Train Epoch: 75 [1280/2500 (50%)]	Loss: 0.871652

Test set: Average loss: 0.8873, Accuracy: (0.6500)

Train Epoch: 76 [0/2500 (0%)]	Loss: 0.637695
Train Epoch: 76 [1280/2500 (50%)]	Loss: 0.607810

Test set: Average loss: 0.7329, Accuracy: (0.7200)

Train Epoch: 76 [0/2500 (0%)]	Loss: 0.784164
Train Epoch: 76 [1280/2500 (50%)]	Loss: 0.693778

Test set: Average loss: 0.8793, Accuracy: (0.6640)

Train Epoch: 77 [0/2500 (0%)]	Loss: 0.567691
Train Epoch: 77 [1280/2500 (50%)]	Loss: 0.633519

Test set: Average loss: 0.8115, Accuracy: (0.6800)

Train Epoch: 77 [0/2500 (0%)]	Loss: 0.769609
Train Epoch: 77 [1280/2500 (50%)]	Loss: 0.675038

Test set: Average loss: 0.8721, Accuracy: (0.6460)

Train Epoch: 78 [0/2500 (0%)]	Loss: 0.632029
Train Epoch: 78 [1280/2500 (50%)]	Loss: 0.737132

Test set: Average loss: 0.8133, Accuracy: (0.7060)

Train Epoch: 78 [0/2500 (0%)]	Loss: 0.757452
Train Epoch: 78 [1280/2500 (50%)]	Loss: 1.105737

Test set: Average loss: 0.8934, Accuracy: (0.6520)

Train Epoch: 79 [0/2500 (0%)]	Loss: 0.711659
Train Epoch: 79 [1280/2500 (50%)]	Loss: 0.638240

Test set: Average loss: 0.7741, Accuracy: (0.7200)

Train Epoch: 79 [0/2500 (0%)]	Loss: 0.869419
Train Epoch: 79 [1280/2500 (50%)]	Loss: 0.689048

Test set: Average loss: 0.8747, Accuracy: (0.6660)

Train Epoch: 80 [0/2500 (0%)]	Loss: 0.661660
Train Epoch: 80 [1280/2500 (50%)]	Loss: 0.736994

Test set: Average loss: 0.7775, Accuracy: (0.7040)

Train Epoch: 80 [0/2500 (0%)]	Loss: 0.777723
Train Epoch: 80 [1280/2500 (50%)]	Loss: 0.874628

Test set: Average loss: 0.9282, Accuracy: (0.6520)

Train Epoch: 81 [0/2500 (0%)]	Loss: 0.854098
Train Epoch: 81 [1280/2500 (50%)]	Loss: 0.574500

Test set: Average loss: 0.8069, Accuracy: (0.6940)

Train Epoch: 81 [0/2500 (0%)]	Loss: 1.063497
Train Epoch: 81 [1280/2500 (50%)]	Loss: 0.752942

Test set: Average loss: 0.8804, Accuracy: (0.6620)

Train Epoch: 82 [0/2500 (0%)]	Loss: 0.569439
Train Epoch: 82 [1280/2500 (50%)]	Loss: 0.883163

Test set: Average loss: 0.7596, Accuracy: (0.7180)

Train Epoch: 82 [0/2500 (0%)]	Loss: 0.763039
Train Epoch: 82 [1280/2500 (50%)]	Loss: 0.832663

Test set: Average loss: 0.8921, Accuracy: (0.6640)

Train Epoch: 83 [0/2500 (0%)]	Loss: 0.637693
Train Epoch: 83 [1280/2500 (50%)]	Loss: 0.647846

Test set: Average loss: 0.7539, Accuracy: (0.7200)

Train Epoch: 83 [0/2500 (0%)]	Loss: 0.845180
Train Epoch: 83 [1280/2500 (50%)]	Loss: 0.711906

Test set: Average loss: 0.8313, Accuracy: (0.6960)

Train Epoch: 84 [0/2500 (0%)]	Loss: 0.639722
Train Epoch: 84 [1280/2500 (50%)]	Loss: 0.693407

Test set: Average loss: 0.7798, Accuracy: (0.6960)

Train Epoch: 84 [0/2500 (0%)]	Loss: 0.792800
Train Epoch: 84 [1280/2500 (50%)]	Loss: 0.735562

Test set: Average loss: 0.8786, Accuracy: (0.6680)

Train Epoch: 85 [0/2500 (0%)]	Loss: 0.587151
Train Epoch: 85 [1280/2500 (50%)]	Loss: 0.679802

Test set: Average loss: 0.7646, Accuracy: (0.7020)

Train Epoch: 85 [0/2500 (0%)]	Loss: 0.746965
Train Epoch: 85 [1280/2500 (50%)]	Loss: 0.930005

Test set: Average loss: 0.8511, Accuracy: (0.6700)

Train Epoch: 86 [0/2500 (0%)]	Loss: 0.609542
Train Epoch: 86 [1280/2500 (50%)]	Loss: 0.780611

Test set: Average loss: 0.7532, Accuracy: (0.6980)

Train Epoch: 86 [0/2500 (0%)]	Loss: 0.743315
Train Epoch: 86 [1280/2500 (50%)]	Loss: 0.890630

Test set: Average loss: 0.8318, Accuracy: (0.6800)

Train Epoch: 87 [0/2500 (0%)]	Loss: 0.655138
Train Epoch: 87 [1280/2500 (50%)]	Loss: 0.637037

Test set: Average loss: 0.7499, Accuracy: (0.7200)

Train Epoch: 87 [0/2500 (0%)]	Loss: 0.736857
Train Epoch: 87 [1280/2500 (50%)]	Loss: 0.788125

Test set: Average loss: 0.8310, Accuracy: (0.7020)

Train Epoch: 88 [0/2500 (0%)]	Loss: 0.491477
Train Epoch: 88 [1280/2500 (50%)]	Loss: 0.681890

Test set: Average loss: 0.7364, Accuracy: (0.7200)

Train Epoch: 88 [0/2500 (0%)]	Loss: 0.722319
Train Epoch: 88 [1280/2500 (50%)]	Loss: 0.803197

Test set: Average loss: 0.9105, Accuracy: (0.6560)

Train Epoch: 89 [0/2500 (0%)]	Loss: 0.725854
Train Epoch: 89 [1280/2500 (50%)]	Loss: 0.670669

Test set: Average loss: 0.7206, Accuracy: (0.7300)

Train Epoch: 89 [0/2500 (0%)]	Loss: 0.815617
Train Epoch: 89 [1280/2500 (50%)]	Loss: 0.745368

Test set: Average loss: 0.8776, Accuracy: (0.6540)

Train Epoch: 90 [0/2500 (0%)]	Loss: 0.532193
Train Epoch: 90 [1280/2500 (50%)]	Loss: 0.651364

Test set: Average loss: 0.7579, Accuracy: (0.7060)

Train Epoch: 90 [0/2500 (0%)]	Loss: 0.738833
Train Epoch: 90 [1280/2500 (50%)]	Loss: 0.879676

Test set: Average loss: 0.8314, Accuracy: (0.6920)

Train Epoch: 91 [0/2500 (0%)]	Loss: 0.618522
Train Epoch: 91 [1280/2500 (50%)]	Loss: 0.718521

Test set: Average loss: 0.7455, Accuracy: (0.7180)

Train Epoch: 91 [0/2500 (0%)]	Loss: 0.754925
Train Epoch: 91 [1280/2500 (50%)]	Loss: 0.729075

Test set: Average loss: 0.8703, Accuracy: (0.6520)

Train Epoch: 92 [0/2500 (0%)]	Loss: 0.568586
Train Epoch: 92 [1280/2500 (50%)]	Loss: 0.637059

Test set: Average loss: 0.7408, Accuracy: (0.7080)

Train Epoch: 92 [0/2500 (0%)]	Loss: 0.709583
Train Epoch: 92 [1280/2500 (50%)]	Loss: 0.709548

Test set: Average loss: 0.8368, Accuracy: (0.6760)

Train Epoch: 93 [0/2500 (0%)]	Loss: 0.665699
Train Epoch: 93 [1280/2500 (50%)]	Loss: 0.758092

Test set: Average loss: 0.6898, Accuracy: (0.7260)

Train Epoch: 93 [0/2500 (0%)]	Loss: 0.697727
Train Epoch: 93 [1280/2500 (50%)]	Loss: 0.741549

Test set: Average loss: 0.8439, Accuracy: (0.6620)

Train Epoch: 94 [0/2500 (0%)]	Loss: 0.605491
Train Epoch: 94 [1280/2500 (50%)]	Loss: 0.629511

Test set: Average loss: 0.7400, Accuracy: (0.7160)

Train Epoch: 94 [0/2500 (0%)]	Loss: 0.779672
Train Epoch: 94 [1280/2500 (50%)]	Loss: 0.830741

Test set: Average loss: 0.8545, Accuracy: (0.6700)

Train Epoch: 95 [0/2500 (0%)]	Loss: 0.657077
Train Epoch: 95 [1280/2500 (50%)]	Loss: 0.628216

Test set: Average loss: 0.7684, Accuracy: (0.7180)

Train Epoch: 95 [0/2500 (0%)]	Loss: 0.787628
Train Epoch: 95 [1280/2500 (50%)]	Loss: 0.740403
Train Epoch: 96 [0/2500 (0%)]	Loss: 0.677303
Train Epoch: 96 [1280/2500 (50%)]	Loss: 0.608578

Test set: Average loss: 0.8402, Accuracy: (0.6620)


Test set: Average loss: 0.8597, Accuracy: (0.6800)

Train Epoch: 96 [0/2500 (0%)]	Loss: 0.890791
Train Epoch: 96 [1280/2500 (50%)]	Loss: 0.776031

Test set: Average loss: 0.8734, Accuracy: (0.6580)

Train Epoch: 97 [0/2500 (0%)]	Loss: 0.861824
Train Epoch: 97 [1280/2500 (50%)]	Loss: 0.613216

Test set: Average loss: 0.7468, Accuracy: (0.7100)

Train Epoch: 97 [0/2500 (0%)]	Loss: 0.824560
Train Epoch: 97 [1280/2500 (50%)]	Loss: 0.832771

Test set: Average loss: 0.8838, Accuracy: (0.6620)

Train Epoch: 98 [0/2500 (0%)]	Loss: 0.643383
Train Epoch: 98 [1280/2500 (50%)]	Loss: 0.593674

Test set: Average loss: 0.7601, Accuracy: (0.7320)

Train Epoch: 98 [0/2500 (0%)]	Loss: 0.814696
Train Epoch: 98 [1280/2500 (50%)]	Loss: 0.719294

Test set: Average loss: 0.8554, Accuracy: (0.6580)

Train Epoch: 99 [0/2500 (0%)]	Loss: 0.645070
Train Epoch: 99 [1280/2500 (50%)]	Loss: 0.665953

Test set: Average loss: 0.7249, Accuracy: (0.7400)

Train Epoch: 99 [0/2500 (0%)]	Loss: 0.751800
Train Epoch: 99 [1280/2500 (50%)]	Loss: 0.724773

Test set: Average loss: 0.8585, Accuracy: (0.6880)

Train Epoch: 100 [0/2500 (0%)]	Loss: 0.711182
Train Epoch: 100 [1280/2500 (50%)]	Loss: 0.717808

Test set: Average loss: 0.7820, Accuracy: (0.7040)

Train Epoch: 100 [0/2500 (0%)]	Loss: 0.861032
Train Epoch: 100 [1280/2500 (50%)]	Loss: 0.840940

Test set: Average loss: 0.8915, Accuracy: (0.6660)

Train Epoch: 101 [0/2500 (0%)]	Loss: 0.646995
Train Epoch: 101 [1280/2500 (50%)]	Loss: 0.704282

Test set: Average loss: 0.7468, Accuracy: (0.7020)

Train Epoch: 101 [0/2500 (0%)]	Loss: 0.844275
Train Epoch: 101 [1280/2500 (50%)]	Loss: 0.895585

Test set: Average loss: 0.8938, Accuracy: (0.6720)

Train Epoch: 102 [0/2500 (0%)]	Loss: 0.739888
Train Epoch: 102 [1280/2500 (50%)]	Loss: 0.712943

Test set: Average loss: 0.7443, Accuracy: (0.7320)

Train Epoch: 102 [0/2500 (0%)]	Loss: 0.910679
Train Epoch: 102 [1280/2500 (50%)]	Loss: 0.936817

Test set: Average loss: 0.9151, Accuracy: (0.6540)

Train Epoch: 103 [0/2500 (0%)]	Loss: 0.623995
Train Epoch: 103 [1280/2500 (50%)]	Loss: 0.543749

Test set: Average loss: 0.7064, Accuracy: (0.7340)

Train Epoch: 103 [0/2500 (0%)]	Loss: 0.789286
Train Epoch: 103 [1280/2500 (50%)]	Loss: 0.719365

Test set: Average loss: 0.8485, Accuracy: (0.6620)

Train Epoch: 104 [0/2500 (0%)]	Loss: 0.716908
Train Epoch: 104 [1280/2500 (50%)]	Loss: 0.531409

Test set: Average loss: 0.7223, Accuracy: (0.7300)

Train Epoch: 104 [0/2500 (0%)]	Loss: 0.823745
Train Epoch: 104 [1280/2500 (50%)]	Loss: 0.699750

Test set: Average loss: 0.9260, Accuracy: (0.6400)

Train Epoch: 105 [0/2500 (0%)]	Loss: 0.590965
Train Epoch: 105 [1280/2500 (50%)]	Loss: 0.632915

Test set: Average loss: 0.7206, Accuracy: (0.7280)

Train Epoch: 105 [0/2500 (0%)]	Loss: 0.773349
Train Epoch: 105 [1280/2500 (50%)]	Loss: 0.802134

Test set: Average loss: 0.8480, Accuracy: (0.6600)

Train Epoch: 106 [0/2500 (0%)]	Loss: 0.668543
Train Epoch: 106 [1280/2500 (50%)]	Loss: 0.821571

Test set: Average loss: 0.7435, Accuracy: (0.7360)

Train Epoch: 106 [0/2500 (0%)]	Loss: 0.804109
Train Epoch: 106 [1280/2500 (50%)]	Loss: 0.971650

Test set: Average loss: 0.7800, Accuracy: (0.6960)

Train Epoch: 107 [0/2500 (0%)]	Loss: 0.615152
Train Epoch: 107 [1280/2500 (50%)]	Loss: 0.558015

Test set: Average loss: 0.7879, Accuracy: (0.7240)

Train Epoch: 107 [0/2500 (0%)]	Loss: 0.754672
Train Epoch: 107 [1280/2500 (50%)]	Loss: 0.753808

Test set: Average loss: 0.8334, Accuracy: (0.6860)

Train Epoch: 108 [0/2500 (0%)]	Loss: 0.620012
Train Epoch: 108 [1280/2500 (50%)]	Loss: 0.611908

Test set: Average loss: 0.7269, Accuracy: (0.7240)

Train Epoch: 108 [0/2500 (0%)]	Loss: 0.755169
Train Epoch: 108 [1280/2500 (50%)]	Loss: 0.740119

Test set: Average loss: 0.8918, Accuracy: (0.6600)

Train Epoch: 109 [0/2500 (0%)]	Loss: 0.729228
Train Epoch: 109 [1280/2500 (50%)]	Loss: 0.572142

Test set: Average loss: 0.7507, Accuracy: (0.7340)

Train Epoch: 109 [0/2500 (0%)]	Loss: 1.033403
Train Epoch: 109 [1280/2500 (50%)]	Loss: 0.741309

Test set: Average loss: 0.8741, Accuracy: (0.6600)

Train Epoch: 110 [0/2500 (0%)]	Loss: 0.673636
Train Epoch: 110 [1280/2500 (50%)]	Loss: 0.585794

Test set: Average loss: 0.7065, Accuracy: (0.7440)

Train Epoch: 110 [0/2500 (0%)]	Loss: 1.062349
Train Epoch: 110 [1280/2500 (50%)]	Loss: 0.831291

Test set: Average loss: 0.8219, Accuracy: (0.6840)

Train Epoch: 111 [0/2500 (0%)]	Loss: 0.697414
Train Epoch: 111 [1280/2500 (50%)]	Loss: 0.644930

Test set: Average loss: 0.7582, Accuracy: (0.7240)

Train Epoch: 111 [0/2500 (0%)]	Loss: 0.942256
Train Epoch: 111 [1280/2500 (50%)]	Loss: 0.748878

Test set: Average loss: 0.8150, Accuracy: (0.6780)

Train Epoch: 112 [0/2500 (0%)]	Loss: 0.721726
Train Epoch: 112 [1280/2500 (50%)]	Loss: 0.770187

Test set: Average loss: 0.6843, Accuracy: (0.7520)

Train Epoch: 112 [0/2500 (0%)]	Loss: 0.878906
Train Epoch: 112 [1280/2500 (50%)]	Loss: 0.849445

Test set: Average loss: 0.8485, Accuracy: (0.6860)

Train Epoch: 113 [0/2500 (0%)]	Loss: 0.595659
Train Epoch: 113 [1280/2500 (50%)]	Loss: 0.637691

Test set: Average loss: 0.7348, Accuracy: (0.7300)

Train Epoch: 113 [0/2500 (0%)]	Loss: 0.765335
Train Epoch: 113 [1280/2500 (50%)]	Loss: 0.757135

Test set: Average loss: 0.8578, Accuracy: (0.6580)

Train Epoch: 114 [0/2500 (0%)]	Loss: 0.613046
Train Epoch: 114 [1280/2500 (50%)]	Loss: 0.597696

Test set: Average loss: 0.6936, Accuracy: (0.7320)

Train Epoch: 114 [0/2500 (0%)]	Loss: 0.729528
Train Epoch: 114 [1280/2500 (50%)]	Loss: 0.782515

Test set: Average loss: 0.8407, Accuracy: (0.6720)

Train Epoch: 115 [0/2500 (0%)]	Loss: 0.692986
Train Epoch: 115 [1280/2500 (50%)]	Loss: 0.609360

Test set: Average loss: 0.7028, Accuracy: (0.7400)

Train Epoch: 115 [0/2500 (0%)]	Loss: 0.888024
Train Epoch: 115 [1280/2500 (50%)]	Loss: 0.702869

Test set: Average loss: 0.8719, Accuracy: (0.6620)

Train Epoch: 116 [0/2500 (0%)]	Loss: 0.645769
Train Epoch: 116 [1280/2500 (50%)]	Loss: 0.537550

Test set: Average loss: 0.7734, Accuracy: (0.7240)

Train Epoch: 116 [0/2500 (0%)]	Loss: 0.821574
Train Epoch: 116 [1280/2500 (50%)]	Loss: 0.738768

Test set: Average loss: 0.8954, Accuracy: (0.6660)

Train Epoch: 117 [0/2500 (0%)]	Loss: 0.765522
Train Epoch: 117 [1280/2500 (50%)]	Loss: 0.570849

Test set: Average loss: 0.7263, Accuracy: (0.7220)

Train Epoch: 117 [0/2500 (0%)]	Loss: 0.864125
Train Epoch: 117 [1280/2500 (50%)]	Loss: 0.762274

Test set: Average loss: 0.8204, Accuracy: (0.6720)

Train Epoch: 118 [0/2500 (0%)]	Loss: 0.518474
Train Epoch: 118 [1280/2500 (50%)]	Loss: 0.688663

Test set: Average loss: 0.7310, Accuracy: (0.7340)

Train Epoch: 118 [0/2500 (0%)]	Loss: 0.676227
Train Epoch: 118 [1280/2500 (50%)]	Loss: 0.915382

Test set: Average loss: 0.8271, Accuracy: (0.6860)

Train Epoch: 119 [0/2500 (0%)]	Loss: 0.643854
Train Epoch: 119 [1280/2500 (50%)]	Loss: 0.724992

Test set: Average loss: 0.7485, Accuracy: (0.7320)

Train Epoch: 119 [0/2500 (0%)]	Loss: 0.712511
Train Epoch: 119 [1280/2500 (50%)]	Loss: 0.869956

Test set: Average loss: 0.8940, Accuracy: (0.6640)

Train Epoch: 120 [0/2500 (0%)]	Loss: 0.594257
Train Epoch: 120 [1280/2500 (50%)]	Loss: 0.551630

Test set: Average loss: 0.7131, Accuracy: (0.7340)

Train Epoch: 120 [0/2500 (0%)]	Loss: 0.742352
Train Epoch: 120 [1280/2500 (50%)]	Loss: 0.686541

Test set: Average loss: 0.8693, Accuracy: (0.6820)

Train Epoch: 121 [0/2500 (0%)]	Loss: 0.601304
Train Epoch: 121 [1280/2500 (50%)]	Loss: 0.637762

Test set: Average loss: 0.8133, Accuracy: (0.7140)

Train Epoch: 121 [0/2500 (0%)]	Loss: 0.710559
Train Epoch: 121 [1280/2500 (50%)]	Loss: 0.815671

Test set: Average loss: 0.8167, Accuracy: (0.6780)

Train Epoch: 122 [0/2500 (0%)]	Loss: 0.520234
Train Epoch: 122 [1280/2500 (50%)]	Loss: 0.689433

Test set: Average loss: 0.7130, Accuracy: (0.7280)

Train Epoch: 122 [0/2500 (0%)]	Loss: 0.820542
Train Epoch: 122 [1280/2500 (50%)]	Loss: 0.871464

Test set: Average loss: 0.8289, Accuracy: (0.6980)

Train Epoch: 123 [0/2500 (0%)]	Loss: 0.624342
Train Epoch: 123 [1280/2500 (50%)]	Loss: 0.656674

Test set: Average loss: 0.6615, Accuracy: (0.7600)

Train Epoch: 123 [0/2500 (0%)]	Loss: 0.880967
Train Epoch: 123 [1280/2500 (50%)]	Loss: 0.664339

Test set: Average loss: 0.8184, Accuracy: (0.7060)

Train Epoch: 124 [0/2500 (0%)]	Loss: 0.585601
Train Epoch: 124 [1280/2500 (50%)]	Loss: 0.513403

Test set: Average loss: 0.7014, Accuracy: (0.7380)

Train Epoch: 124 [0/2500 (0%)]	Loss: 0.704192
Train Epoch: 124 [1280/2500 (50%)]	Loss: 0.607028

Test set: Average loss: 0.8651, Accuracy: (0.6740)

Train Epoch: 125 [0/2500 (0%)]	Loss: 0.575359
Train Epoch: 125 [1280/2500 (50%)]	Loss: 0.666241

Test set: Average loss: 0.7267, Accuracy: (0.7320)

Train Epoch: 125 [0/2500 (0%)]	Loss: 0.749213
Train Epoch: 125 [1280/2500 (50%)]	Loss: 0.943085

Test set: Average loss: 0.8580, Accuracy: (0.6700)

Train Epoch: 126 [0/2500 (0%)]	Loss: 0.597553
Train Epoch: 126 [1280/2500 (50%)]	Loss: 0.606546

Test set: Average loss: 0.6866, Accuracy: (0.7360)

Train Epoch: 126 [0/2500 (0%)]	Loss: 0.706323
Train Epoch: 126 [1280/2500 (50%)]	Loss: 0.755055

Test set: Average loss: 0.9079, Accuracy: (0.6380)

Train Epoch: 127 [0/2500 (0%)]	Loss: 0.464863
Train Epoch: 127 [1280/2500 (50%)]	Loss: 0.715358

Test set: Average loss: 0.7110, Accuracy: (0.7460)

Train Epoch: 127 [0/2500 (0%)]	Loss: 0.666623
Train Epoch: 127 [1280/2500 (50%)]	Loss: 0.910080

Test set: Average loss: 0.8393, Accuracy: (0.6680)

Train Epoch: 128 [0/2500 (0%)]	Loss: 0.611421
Train Epoch: 128 [1280/2500 (50%)]	Loss: 0.565129

Test set: Average loss: 0.7350, Accuracy: (0.7320)

Train Epoch: 128 [0/2500 (0%)]	Loss: 0.870910
Train Epoch: 128 [1280/2500 (50%)]	Loss: 0.735465

Test set: Average loss: 0.8262, Accuracy: (0.6920)

Train Epoch: 129 [0/2500 (0%)]	Loss: 0.493077
Train Epoch: 129 [1280/2500 (50%)]	Loss: 0.535054

Test set: Average loss: 0.7008, Accuracy: (0.7320)

Train Epoch: 129 [0/2500 (0%)]	Loss: 0.691586
Train Epoch: 129 [1280/2500 (50%)]	Loss: 0.634646

Test set: Average loss: 0.8380, Accuracy: (0.6900)

Train Epoch: 130 [0/2500 (0%)]	Loss: 0.649541
Train Epoch: 130 [1280/2500 (50%)]	Loss: 0.625718

Test set: Average loss: 0.6731, Accuracy: (0.7280)

Train Epoch: 130 [0/2500 (0%)]	Loss: 0.775403
Train Epoch: 130 [1280/2500 (50%)]	Loss: 0.747714

Test set: Average loss: 0.8434, Accuracy: (0.6920)

Train Epoch: 131 [0/2500 (0%)]	Loss: 0.544951
Train Epoch: 131 [1280/2500 (50%)]	Loss: 0.665811

Test set: Average loss: 0.7472, Accuracy: (0.6760)

Train Epoch: 131 [0/2500 (0%)]	Loss: 0.733225
Train Epoch: 131 [1280/2500 (50%)]	Loss: 0.883691

Test set: Average loss: 0.8010, Accuracy: (0.6960)

Train Epoch: 132 [0/2500 (0%)]	Loss: 0.564683
Train Epoch: 132 [1280/2500 (50%)]	Loss: 0.597401

Test set: Average loss: 0.6718, Accuracy: (0.7520)

Train Epoch: 132 [0/2500 (0%)]	Loss: 0.713773
Train Epoch: 132 [1280/2500 (50%)]	Loss: 0.799507

Test set: Average loss: 0.8835, Accuracy: (0.6520)

Train Epoch: 133 [0/2500 (0%)]	Loss: 0.637906
Train Epoch: 133 [1280/2500 (50%)]	Loss: 0.700257

Test set: Average loss: 0.6953, Accuracy: (0.7280)

Train Epoch: 133 [0/2500 (0%)]	Loss: 0.835969
Train Epoch: 133 [1280/2500 (50%)]	Loss: 0.878698

Test set: Average loss: 0.8926, Accuracy: (0.6460)

Train Epoch: 134 [0/2500 (0%)]	Loss: 0.639576
Train Epoch: 134 [1280/2500 (50%)]	Loss: 0.655119

Test set: Average loss: 0.6824, Accuracy: (0.7360)

Train Epoch: 134 [0/2500 (0%)]	Loss: 0.870065
Train Epoch: 134 [1280/2500 (50%)]	Loss: 0.930535

Test set: Average loss: 0.8555, Accuracy: (0.6760)

Train Epoch: 135 [0/2500 (0%)]	Loss: 0.568410
Train Epoch: 135 [1280/2500 (50%)]	Loss: 0.507930

Test set: Average loss: 0.6605, Accuracy: (0.7340)

Train Epoch: 135 [0/2500 (0%)]	Loss: 0.747378
Train Epoch: 135 [1280/2500 (50%)]	Loss: 0.736932

Test set: Average loss: 0.7969, Accuracy: (0.6660)

Train Epoch: 136 [0/2500 (0%)]	Loss: 0.521223
Train Epoch: 136 [1280/2500 (50%)]	Loss: 0.608295

Test set: Average loss: 0.6604, Accuracy: (0.7380)

Train Epoch: 136 [0/2500 (0%)]	Loss: 0.717669
Train Epoch: 136 [1280/2500 (50%)]	Loss: 0.778546

Test set: Average loss: 0.8020, Accuracy: (0.7140)

Train Epoch: 137 [0/2500 (0%)]	Loss: 0.558945
Train Epoch: 137 [1280/2500 (50%)]	Loss: 0.437955

Test set: Average loss: 0.7181, Accuracy: (0.7400)

Train Epoch: 137 [0/2500 (0%)]	Loss: 0.867636
Train Epoch: 137 [1280/2500 (50%)]	Loss: 0.741488

Test set: Average loss: 0.8867, Accuracy: (0.6760)

Train Epoch: 138 [0/2500 (0%)]	Loss: 0.599085
Train Epoch: 138 [1280/2500 (50%)]	Loss: 0.589188

Test set: Average loss: 0.7162, Accuracy: (0.7280)

Train Epoch: 138 [0/2500 (0%)]	Loss: 0.791970
Train Epoch: 138 [1280/2500 (50%)]	Loss: 0.782274

Test set: Average loss: 0.8167, Accuracy: (0.7000)

Train Epoch: 139 [0/2500 (0%)]	Loss: 0.432939
Train Epoch: 139 [1280/2500 (50%)]	Loss: 0.590277

Test set: Average loss: 0.6642, Accuracy: (0.7480)

Train Epoch: 139 [0/2500 (0%)]	Loss: 0.646816
Train Epoch: 139 [1280/2500 (50%)]	Loss: 0.750449

Test set: Average loss: 0.8823, Accuracy: (0.6660)

Train Epoch: 140 [0/2500 (0%)]	Loss: 0.441335
Train Epoch: 140 [1280/2500 (50%)]	Loss: 0.633535

Test set: Average loss: 0.7029, Accuracy: (0.7440)

Train Epoch: 140 [0/2500 (0%)]	Loss: 0.642988
Train Epoch: 140 [1280/2500 (50%)]	Loss: 0.839905

Test set: Average loss: 0.7990, Accuracy: (0.6860)

Train Epoch: 141 [0/2500 (0%)]	Loss: 0.466769
Train Epoch: 141 [1280/2500 (50%)]	Loss: 0.568923

Test set: Average loss: 0.7194, Accuracy: (0.7460)

Train Epoch: 141 [0/2500 (0%)]	Loss: 0.711634
Train Epoch: 141 [1280/2500 (50%)]	Loss: 0.673085

Test set: Average loss: 0.8452, Accuracy: (0.6840)

Train Epoch: 142 [0/2500 (0%)]	Loss: 0.653072
Train Epoch: 142 [1280/2500 (50%)]	Loss: 0.563978

Test set: Average loss: 0.6830, Accuracy: (0.7420)

Train Epoch: 142 [0/2500 (0%)]	Loss: 0.792626
Train Epoch: 142 [1280/2500 (50%)]	Loss: 0.645602
Train Epoch: 143 [0/2500 (0%)]	Loss: 0.595056
Train Epoch: 143 [1280/2500 (50%)]	Loss: 0.529993

Test set: Average loss: 0.7952, Accuracy: (0.6820)


Test set: Average loss: 0.6602, Accuracy: (0.7540)

Train Epoch: 143 [0/2500 (0%)]	Loss: 0.740209
Train Epoch: 143 [1280/2500 (50%)]	Loss: 0.687576

Test set: Average loss: 0.7951, Accuracy: (0.7020)

Train Epoch: 144 [0/2500 (0%)]	Loss: 0.564071
Train Epoch: 144 [1280/2500 (50%)]	Loss: 0.608381

Test set: Average loss: 0.7328, Accuracy: (0.7180)

Train Epoch: 144 [0/2500 (0%)]	Loss: 0.735731
Train Epoch: 144 [1280/2500 (50%)]	Loss: 0.719493

Test set: Average loss: 0.7900, Accuracy: (0.6820)

Train Epoch: 145 [0/2500 (0%)]	Loss: 0.589720
Train Epoch: 145 [1280/2500 (50%)]	Loss: 0.485638

Test set: Average loss: 0.6167, Accuracy: (0.7700)

Train Epoch: 145 [0/2500 (0%)]	Loss: 0.732826
Train Epoch: 145 [1280/2500 (50%)]	Loss: 0.702058

Test set: Average loss: 0.8337, Accuracy: (0.6840)

Train Epoch: 146 [0/2500 (0%)]	Loss: 0.600583
Train Epoch: 146 [1280/2500 (50%)]	Loss: 0.501347

Test set: Average loss: 0.6679, Accuracy: (0.7580)

Train Epoch: 146 [0/2500 (0%)]	Loss: 0.838851
Train Epoch: 146 [1280/2500 (50%)]	Loss: 0.640110

Test set: Average loss: 0.8432, Accuracy: (0.6760)

Train Epoch: 147 [0/2500 (0%)]	Loss: 0.455919
Train Epoch: 147 [1280/2500 (50%)]	Loss: 0.582747

Test set: Average loss: 0.6778, Accuracy: (0.7460)

Train Epoch: 147 [0/2500 (0%)]	Loss: 0.623304
Train Epoch: 147 [1280/2500 (50%)]	Loss: 0.813679

Test set: Average loss: 0.7764, Accuracy: (0.6920)

Train Epoch: 148 [0/2500 (0%)]	Loss: 0.499014
Train Epoch: 148 [1280/2500 (50%)]	Loss: 0.682573

Test set: Average loss: 0.6429, Accuracy: (0.7500)

Train Epoch: 148 [0/2500 (0%)]	Loss: 0.660505
Train Epoch: 148 [1280/2500 (50%)]	Loss: 0.909442

Test set: Average loss: 0.7915, Accuracy: (0.6960)

Train Epoch: 149 [0/2500 (0%)]	Loss: 0.506127
Train Epoch: 149 [1280/2500 (50%)]	Loss: 0.570634

Test set: Average loss: 0.6490, Accuracy: (0.7500)

Train Epoch: 149 [0/2500 (0%)]	Loss: 0.653286
Train Epoch: 149 [1280/2500 (50%)]	Loss: 0.771903

Test set: Average loss: 0.8399, Accuracy: (0.6680)

Train Epoch: 150 [0/2500 (0%)]	Loss: 0.625719
Train Epoch: 150 [1280/2500 (50%)]	Loss: 0.549556

Test set: Average loss: 0.6860, Accuracy: (0.7560)

Train Epoch: 150 [0/2500 (0%)]	Loss: 0.875549
Train Epoch: 150 [1280/2500 (50%)]	Loss: 0.767275

Test set: Average loss: 0.8229, Accuracy: (0.7100)

Train Epoch: 151 [0/2500 (0%)]	Loss: 0.482275
Train Epoch: 151 [1280/2500 (50%)]	Loss: 0.670544

Test set: Average loss: 0.6461, Accuracy: (0.7500)

Train Epoch: 151 [0/2500 (0%)]	Loss: 0.681156
Train Epoch: 151 [1280/2500 (50%)]	Loss: 0.754902

Test set: Average loss: 0.8223, Accuracy: (0.6760)

Train Epoch: 152 [0/2500 (0%)]	Loss: 0.658652
Train Epoch: 152 [1280/2500 (50%)]	Loss: 0.557492

Test set: Average loss: 0.6846, Accuracy: (0.7540)

Train Epoch: 152 [0/2500 (0%)]	Loss: 0.831273
Train Epoch: 152 [1280/2500 (50%)]	Loss: 0.731411

Test set: Average loss: 0.8310, Accuracy: (0.6700)

Train Epoch: 153 [0/2500 (0%)]	Loss: 0.579237
Train Epoch: 153 [1280/2500 (50%)]	Loss: 0.542686

Test set: Average loss: 0.6716, Accuracy: (0.7560)

Train Epoch: 153 [0/2500 (0%)]	Loss: 0.894795
Train Epoch: 153 [1280/2500 (50%)]	Loss: 0.690298

Test set: Average loss: 0.7975, Accuracy: (0.6980)

Train Epoch: 154 [0/2500 (0%)]	Loss: 0.644204
Train Epoch: 154 [1280/2500 (50%)]	Loss: 0.441771

Test set: Average loss: 0.6591, Accuracy: (0.7660)

Train Epoch: 154 [0/2500 (0%)]	Loss: 0.829339
Train Epoch: 154 [1280/2500 (50%)]	Loss: 0.583014

Test set: Average loss: 0.8350, Accuracy: (0.6820)

Train Epoch: 155 [0/2500 (0%)]	Loss: 0.435544
Train Epoch: 155 [1280/2500 (50%)]	Loss: 0.379604

Test set: Average loss: 0.6557, Accuracy: (0.7600)

Train Epoch: 155 [0/2500 (0%)]	Loss: 0.691732
Train Epoch: 155 [1280/2500 (50%)]	Loss: 0.625566

Test set: Average loss: 0.8101, Accuracy: (0.7120)

Train Epoch: 156 [0/2500 (0%)]	Loss: 0.466110
Train Epoch: 156 [1280/2500 (50%)]	Loss: 0.555147

Test set: Average loss: 0.7265, Accuracy: (0.7420)

Train Epoch: 156 [0/2500 (0%)]	Loss: 0.650048
Train Epoch: 156 [1280/2500 (50%)]	Loss: 0.734233

Test set: Average loss: 0.8514, Accuracy: (0.6700)

Train Epoch: 157 [0/2500 (0%)]	Loss: 0.469251
Train Epoch: 157 [1280/2500 (50%)]	Loss: 0.519507

Test set: Average loss: 0.6457, Accuracy: (0.7540)

Train Epoch: 157 [0/2500 (0%)]	Loss: 0.666002
Train Epoch: 157 [1280/2500 (50%)]	Loss: 0.747464

Test set: Average loss: 0.8214, Accuracy: (0.6840)

Train Epoch: 158 [0/2500 (0%)]	Loss: 0.536619
Train Epoch: 158 [1280/2500 (50%)]	Loss: 0.472682

Test set: Average loss: 0.6945, Accuracy: (0.7300)

Train Epoch: 158 [0/2500 (0%)]	Loss: 0.721897
Train Epoch: 158 [1280/2500 (50%)]	Loss: 0.720047

Test set: Average loss: 0.8204, Accuracy: (0.6660)

Train Epoch: 159 [0/2500 (0%)]	Loss: 0.442129
Train Epoch: 159 [1280/2500 (50%)]	Loss: 0.544316

Test set: Average loss: 0.6095, Accuracy: (0.7620)

Train Epoch: 159 [0/2500 (0%)]	Loss: 0.743201
Train Epoch: 159 [1280/2500 (50%)]	Loss: 0.779572

Test set: Average loss: 0.8019, Accuracy: (0.7000)

Train Epoch: 160 [0/2500 (0%)]	Loss: 0.525684
Train Epoch: 160 [1280/2500 (50%)]	Loss: 0.477729

Test set: Average loss: 0.7281, Accuracy: (0.7180)

Train Epoch: 160 [0/2500 (0%)]	Loss: 0.667433
Train Epoch: 160 [1280/2500 (50%)]	Loss: 0.773541

Test set: Average loss: 0.8361, Accuracy: (0.6900)

Train Epoch: 161 [0/2500 (0%)]	Loss: 0.591358
Train Epoch: 161 [1280/2500 (50%)]	Loss: 0.596764

Test set: Average loss: 0.6959, Accuracy: (0.7340)

Train Epoch: 161 [0/2500 (0%)]	Loss: 0.773126
Train Epoch: 161 [1280/2500 (50%)]	Loss: 0.825592

Test set: Average loss: 0.8323, Accuracy: (0.6820)

Train Epoch: 162 [0/2500 (0%)]	Loss: 0.469985
Train Epoch: 162 [1280/2500 (50%)]	Loss: 0.630898

Test set: Average loss: 0.6634, Accuracy: (0.7660)

Train Epoch: 162 [0/2500 (0%)]	Loss: 0.654474
Train Epoch: 162 [1280/2500 (50%)]	Loss: 0.755273

Test set: Average loss: 0.8271, Accuracy: (0.6900)

Train Epoch: 163 [0/2500 (0%)]	Loss: 0.547723
Train Epoch: 163 [1280/2500 (50%)]	Loss: 0.527295

Test set: Average loss: 0.6518, Accuracy: (0.7480)

Train Epoch: 163 [0/2500 (0%)]	Loss: 0.635564
Train Epoch: 163 [1280/2500 (50%)]	Loss: 0.747365

Test set: Average loss: 0.8270, Accuracy: (0.6800)

Train Epoch: 164 [0/2500 (0%)]	Loss: 0.513035
Train Epoch: 164 [1280/2500 (50%)]	Loss: 0.599675

Test set: Average loss: 0.6376, Accuracy: (0.7500)

Train Epoch: 164 [0/2500 (0%)]	Loss: 0.711842
Train Epoch: 164 [1280/2500 (50%)]	Loss: 0.737799
Train Epoch: 165 [0/2500 (0%)]	Loss: 0.458728
Train Epoch: 165 [1280/2500 (50%)]	Loss: 0.528770

Test set: Average loss: 0.8065, Accuracy: (0.6780)


Test set: Average loss: 0.6579, Accuracy: (0.7440)

Train Epoch: 165 [0/2500 (0%)]	Loss: 0.612464
Train Epoch: 165 [1280/2500 (50%)]	Loss: 0.650775

Test set: Average loss: 0.7589, Accuracy: (0.7020)

Train Epoch: 166 [0/2500 (0%)]	Loss: 0.573380
Train Epoch: 166 [1280/2500 (50%)]	Loss: 0.438624

Test set: Average loss: 0.7146, Accuracy: (0.7160)

Train Epoch: 166 [0/2500 (0%)]	Loss: 0.705078
Train Epoch: 166 [1280/2500 (50%)]	Loss: 0.685599
Train Epoch: 167 [0/2500 (0%)]	Loss: 0.482756
Train Epoch: 167 [1280/2500 (50%)]	Loss: 0.463031

Test set: Average loss: 0.8023, Accuracy: (0.6880)


Test set: Average loss: 0.6363, Accuracy: (0.7560)

Train Epoch: 167 [0/2500 (0%)]	Loss: 0.616190
Train Epoch: 167 [1280/2500 (50%)]	Loss: 0.678393
Train Epoch: 168 [0/2500 (0%)]	Loss: 0.473235
Train Epoch: 168 [1280/2500 (50%)]	Loss: 0.598559

Test set: Average loss: 0.8240, Accuracy: (0.6860)


Test set: Average loss: 0.7040, Accuracy: (0.7320)

Train Epoch: 168 [0/2500 (0%)]	Loss: 0.646690
Train Epoch: 168 [1280/2500 (50%)]	Loss: 0.798550
Train Epoch: 169 [0/2500 (0%)]	Loss: 0.502513
Train Epoch: 169 [1280/2500 (50%)]	Loss: 0.603464

Test set: Average loss: 0.8257, Accuracy: (0.6880)


Test set: Average loss: 0.6717, Accuracy: (0.7280)

Train Epoch: 169 [0/2500 (0%)]	Loss: 0.629783
Train Epoch: 169 [1280/2500 (50%)]	Loss: 0.848492
Train Epoch: 170 [0/2500 (0%)]	Loss: 0.523189
Train Epoch: 170 [1280/2500 (50%)]	Loss: 0.533058

Test set: Average loss: 0.7928, Accuracy: (0.7100)


Test set: Average loss: 0.6607, Accuracy: (0.7520)

Train Epoch: 170 [0/2500 (0%)]	Loss: 0.768986
Train Epoch: 170 [1280/2500 (50%)]	Loss: 0.690804
Train Epoch: 171 [0/2500 (0%)]	Loss: 0.514801
Train Epoch: 171 [1280/2500 (50%)]	Loss: 0.489784

Test set: Average loss: 0.8050, Accuracy: (0.6920)


Test set: Average loss: 0.7000, Accuracy: (0.7600)

Train Epoch: 171 [0/2500 (0%)]	Loss: 0.722771
Train Epoch: 171 [1280/2500 (50%)]	Loss: 0.768588
Train Epoch: 172 [0/2500 (0%)]	Loss: 0.518431
Train Epoch: 172 [1280/2500 (50%)]	Loss: 0.596077

Test set: Average loss: 0.7936, Accuracy: (0.6960)

