Collecting package metadata (current_repodata.json): ...working... done
Solving environment: ...working... done

# All requested packages already installed.

Looking in links: https://download.pytorch.org/whl/torch_stable.html
Requirement already satisfied: torch==1.5.0+cu101 in /home/at2507/miniconda3/lib/python3.8/site-packages (1.5.0+cu101)
Requirement already satisfied: torchvision==0.6.0+cu101 in /home/at2507/miniconda3/lib/python3.8/site-packages (0.6.0+cu101)
Requirement already satisfied: future in /home/at2507/miniconda3/lib/python3.8/site-packages (from torch==1.5.0+cu101) (0.18.2)
Requirement already satisfied: numpy in /home/at2507/miniconda3/lib/python3.8/site-packages (from torch==1.5.0+cu101) (1.18.1)
Requirement already satisfied: pillow>=4.1.1 in /home/at2507/miniconda3/lib/python3.8/site-packages (from torchvision==0.6.0+cu101) (7.2.0)
[{'config': 'experiments/SupsupSeed/splitcifar100/configs/rn18-supsup_3.yaml', 'name': 'id=supsup~seed=0~sparsity=1', 'sparsity': 1, 'seed': 0, 'log-dir': 'runs/SupsupSeed/rn18-supsup_gpu2_num_masks_3', 'epochs': 250, 'data': './data'}, {'config': 'experiments/SupsupSeed/splitcifar100/configs/rn18-supsup_3.yaml', 'name': 'id=supsup~seed=0~sparsity=2', 'sparsity': 2, 'seed': 0, 'log-dir': 'runs/SupsupSeed/rn18-supsup_gpu2_num_masks_3', 'epochs': 250, 'data': './data'}, {'config': 'experiments/SupsupSeed/splitcifar100/configs/rn18-supsup_3.yaml', 'name': 'id=supsup~seed=0~sparsity=4', 'sparsity': 4, 'seed': 0, 'log-dir': 'runs/SupsupSeed/rn18-supsup_gpu2_num_masks_3', 'epochs': 250, 'data': './data'}, {'config': 'experiments/SupsupSeed/splitcifar100/configs/rn18-supsup_3.yaml', 'name': 'id=supsup~seed=0~sparsity=8', 'sparsity': 8, 'seed': 0, 'log-dir': 'runs/SupsupSeed/rn18-supsup_gpu2_num_masks_3', 'epochs': 250, 'data': './data'}, {'config': 'experiments/SupsupSeed/splitcifar100/configs/rn18-supsup_3.yaml', 'name': 'id=supsup~seed=0~sparsity=16', 'sparsity': 16, 'seed': 0, 'log-dir': 'runs/SupsupSeed/rn18-supsup_gpu2_num_masks_3', 'epochs': 250, 'data': './data'}, {'config': 'experiments/SupsupSeed/splitcifar100/configs/rn18-supsup_3.yaml', 'name': 'id=supsup~seed=0~sparsity=32', 'sparsity': 32, 'seed': 0, 'log-dir': 'runs/SupsupSeed/rn18-supsup_gpu2_num_masks_3', 'epochs': 250, 'data': './data'}]
=> Reading YAML config from experiments/SupsupSeed/splitcifar100/configs/rn18-supsup_3.yaml
=> Saving data in runs/SupsupSeed/rn18-supsup_gpu2_num_masks_3/id=supsup~seed=0~sparsity=1~try=8
Files already downloaded and verified
Files already downloaded and verified
[26 86  2 55 75 93 16 73 54 95 53 92 78 13  7 30 22 24 33  8 43 62  3 71
 45 48  6 99 82 76 60 80 90 68 51 27 18 56 63 74  1 61 42 41  4 15 17 40
 38  5 91 59  0 34 28 50 11 35 23 52 10 31 66 57 79 85 32 84 14 89 19 29
 49 97 98 69 20 94 72 77 25 37 81 46 39 65 58 12 88 70 87 36 21 83  9 96
 67 64 47 44]
[26 86  2 55 75]
[93 16 73 54 95]
[53 92 78 13  7]
Set sparsity of conv1 to 0.04259259259259259
Set sparsity of layer1.0.conv1 to 0.011111111111111112
Set sparsity of layer1.0.conv2 to 0.011111111111111112
Set sparsity of layer1.1.conv1 to 0.011111111111111112
Set sparsity of layer1.1.conv2 to 0.011111111111111112
Set sparsity of layer2.0.conv1 to 0.008333333333333333
Set sparsity of layer2.0.conv2 to 0.005555555555555556
Set sparsity of layer2.0.shortcut.0 to 0.075
Set sparsity of layer2.1.conv1 to 0.005555555555555556
Set sparsity of layer2.1.conv2 to 0.005555555555555556
Set sparsity of layer3.0.conv1 to 0.004166666666666667
Set sparsity of layer3.0.conv2 to 0.002777777777777778
Set sparsity of layer3.0.shortcut.0 to 0.0375
Set sparsity of layer3.1.conv1 to 0.002777777777777778
Set sparsity of layer3.1.conv2 to 0.002777777777777778
Set sparsity of layer4.0.conv1 to 0.0020833333333333333
Set sparsity of layer4.0.conv2 to 0.001388888888888889
Set sparsity of layer4.0.shortcut.0 to 0.01875
Set sparsity of layer4.1.conv1 to 0.001388888888888889
Set sparsity of layer4.1.conv2 to 0.001388888888888889
Set sparsity of linear to 0.20625
=> Parallelizing on [0] gpus
=> Using trainer <module 'trainers.default' from '/home/at2507/supsup_team/supsup/trainers/default.py'>
Task RandSplitCIFAR100: 0
Train Epoch: 1 [0/2500 (0%)]	Loss: 1.670147
Train Epoch: 1 [1280/2500 (50%)]	Loss: 1.427125

Test set: Average loss: 1.3809, Accuracy: (0.4220)

Train Epoch: 2 [0/2500 (0%)]	Loss: 1.440543
Train Epoch: 2 [1280/2500 (50%)]	Loss: 1.508847

Test set: Average loss: 1.2763, Accuracy: (0.4420)

Train Epoch: 3 [0/2500 (0%)]	Loss: 1.296674
Train Epoch: 3 [1280/2500 (50%)]	Loss: 1.284483

Test set: Average loss: 1.2022, Accuracy: (0.5240)

Train Epoch: 4 [0/2500 (0%)]	Loss: 1.213592
Train Epoch: 4 [1280/2500 (50%)]	Loss: 1.284631

Test set: Average loss: 1.1793, Accuracy: (0.5420)

Train Epoch: 5 [0/2500 (0%)]	Loss: 1.230855
Train Epoch: 5 [1280/2500 (50%)]	Loss: 1.124439

Test set: Average loss: 1.0867, Accuracy: (0.6120)

Train Epoch: 6 [0/2500 (0%)]	Loss: 1.051805
Train Epoch: 6 [1280/2500 (50%)]	Loss: 1.099308

Test set: Average loss: 1.0565, Accuracy: (0.6060)

Train Epoch: 7 [0/2500 (0%)]	Loss: 1.069177
Train Epoch: 7 [1280/2500 (50%)]	Loss: 1.256099

Test set: Average loss: 1.0731, Accuracy: (0.5860)

Train Epoch: 8 [0/2500 (0%)]	Loss: 1.041570
Train Epoch: 8 [1280/2500 (50%)]	Loss: 1.100405

Test set: Average loss: 1.0644, Accuracy: (0.6100)

Train Epoch: 9 [0/2500 (0%)]	Loss: 0.969466
Train Epoch: 9 [1280/2500 (50%)]	Loss: 1.306868

Test set: Average loss: 1.0132, Accuracy: (0.6240)

Train Epoch: 10 [0/2500 (0%)]	Loss: 1.158224
Train Epoch: 10 [1280/2500 (50%)]	Loss: 0.980089

Test set: Average loss: 1.0765, Accuracy: (0.5780)

Train Epoch: 11 [0/2500 (0%)]	Loss: 1.042733
Train Epoch: 11 [1280/2500 (50%)]	Loss: 1.138247

Test set: Average loss: 0.9933, Accuracy: (0.6260)

Train Epoch: 12 [0/2500 (0%)]	Loss: 1.090491
Train Epoch: 12 [1280/2500 (50%)]	Loss: 1.082047

Test set: Average loss: 1.0416, Accuracy: (0.5880)

Train Epoch: 13 [0/2500 (0%)]	Loss: 1.006193
Train Epoch: 13 [1280/2500 (50%)]	Loss: 1.228109

Test set: Average loss: 0.9863, Accuracy: (0.6280)

Train Epoch: 14 [0/2500 (0%)]	Loss: 0.963233
Train Epoch: 14 [1280/2500 (50%)]	Loss: 1.028224

Test set: Average loss: 1.0584, Accuracy: (0.5840)

Train Epoch: 15 [0/2500 (0%)]	Loss: 1.158277
Train Epoch: 15 [1280/2500 (50%)]	Loss: 1.019809

Test set: Average loss: 1.0347, Accuracy: (0.6040)

Train Epoch: 16 [0/2500 (0%)]	Loss: 1.120948
Train Epoch: 16 [1280/2500 (50%)]	Loss: 0.991658

Test set: Average loss: 0.9795, Accuracy: (0.6280)

Train Epoch: 17 [0/2500 (0%)]	Loss: 0.933087
Train Epoch: 17 [1280/2500 (50%)]	Loss: 1.095632

Test set: Average loss: 1.0126, Accuracy: (0.6220)

Train Epoch: 18 [0/2500 (0%)]	Loss: 1.079150
Train Epoch: 18 [1280/2500 (50%)]	Loss: 1.062083

Test set: Average loss: 0.9935, Accuracy: (0.6200)

Train Epoch: 19 [0/2500 (0%)]	Loss: 0.951040
Train Epoch: 19 [1280/2500 (50%)]	Loss: 0.885858

Test set: Average loss: 0.9530, Accuracy: (0.6440)

Train Epoch: 20 [0/2500 (0%)]	Loss: 0.905008
Train Epoch: 20 [1280/2500 (50%)]	Loss: 1.114035

Test set: Average loss: 1.0372, Accuracy: (0.6200)

Train Epoch: 21 [0/2500 (0%)]	Loss: 1.025526
Train Epoch: 21 [1280/2500 (50%)]	Loss: 0.955151

Test set: Average loss: 0.9480, Accuracy: (0.6220)

Train Epoch: 22 [0/2500 (0%)]	Loss: 0.958446
Train Epoch: 22 [1280/2500 (50%)]	Loss: 0.946004

Test set: Average loss: 0.9379, Accuracy: (0.6580)

Train Epoch: 23 [0/2500 (0%)]	Loss: 1.036379
Train Epoch: 23 [1280/2500 (50%)]	Loss: 0.893787

Test set: Average loss: 0.9278, Accuracy: (0.6360)

Train Epoch: 24 [0/2500 (0%)]	Loss: 0.983941
Train Epoch: 24 [1280/2500 (50%)]	Loss: 0.894594

Test set: Average loss: 0.8882, Accuracy: (0.6860)

Train Epoch: 25 [0/2500 (0%)]	Loss: 0.954974
Train Epoch: 25 [1280/2500 (50%)]	Loss: 0.935900

Test set: Average loss: 0.9667, Accuracy: (0.6120)

Train Epoch: 26 [0/2500 (0%)]	Loss: 0.963162
Train Epoch: 26 [1280/2500 (50%)]	Loss: 0.983418

Test set: Average loss: 0.9215, Accuracy: (0.6460)

Train Epoch: 27 [0/2500 (0%)]	Loss: 0.753996
Train Epoch: 27 [1280/2500 (50%)]	Loss: 0.917685

Test set: Average loss: 0.9545, Accuracy: (0.6520)

Train Epoch: 28 [0/2500 (0%)]	Loss: 0.902110
Train Epoch: 28 [1280/2500 (50%)]	Loss: 0.885040

Test set: Average loss: 0.9650, Accuracy: (0.6080)

Train Epoch: 29 [0/2500 (0%)]	Loss: 0.815353
Train Epoch: 29 [1280/2500 (50%)]	Loss: 1.004715

Test set: Average loss: 0.9128, Accuracy: (0.6460)

Train Epoch: 30 [0/2500 (0%)]	Loss: 1.019317
Train Epoch: 30 [1280/2500 (50%)]	Loss: 1.068929

Test set: Average loss: 0.9497, Accuracy: (0.6320)

Train Epoch: 31 [0/2500 (0%)]	Loss: 1.045141
Train Epoch: 31 [1280/2500 (50%)]	Loss: 1.066902

Test set: Average loss: 0.9489, Accuracy: (0.6400)

Train Epoch: 32 [0/2500 (0%)]	Loss: 0.789354
Train Epoch: 32 [1280/2500 (50%)]	Loss: 1.149675

Test set: Average loss: 0.9439, Accuracy: (0.6380)

Train Epoch: 33 [0/2500 (0%)]	Loss: 0.913594
Train Epoch: 33 [1280/2500 (50%)]	Loss: 1.034885

Test set: Average loss: 0.8731, Accuracy: (0.6380)

Train Epoch: 34 [0/2500 (0%)]	Loss: 0.952628
Train Epoch: 34 [1280/2500 (50%)]	Loss: 0.941272

Test set: Average loss: 0.8444, Accuracy: (0.6560)

Train Epoch: 35 [0/2500 (0%)]	Loss: 0.922946
Train Epoch: 35 [1280/2500 (50%)]	Loss: 0.884479

Test set: Average loss: 0.9168, Accuracy: (0.6520)

Train Epoch: 36 [0/2500 (0%)]	Loss: 0.924130
Train Epoch: 36 [1280/2500 (50%)]	Loss: 0.849427

Test set: Average loss: 0.8861, Accuracy: (0.6440)

Train Epoch: 37 [0/2500 (0%)]	Loss: 0.724578
Train Epoch: 37 [1280/2500 (50%)]	Loss: 0.865612

Test set: Average loss: 0.8853, Accuracy: (0.6660)

Train Epoch: 38 [0/2500 (0%)]	Loss: 0.905124
Train Epoch: 38 [1280/2500 (50%)]	Loss: 0.989920

Test set: Average loss: 0.8914, Accuracy: (0.6560)

Train Epoch: 39 [0/2500 (0%)]	Loss: 0.947934
Train Epoch: 39 [1280/2500 (50%)]	Loss: 0.860808

Test set: Average loss: 0.9242, Accuracy: (0.6440)

Train Epoch: 40 [0/2500 (0%)]	Loss: 0.832032
Train Epoch: 40 [1280/2500 (50%)]	Loss: 0.837899

Test set: Average loss: 0.9718, Accuracy: (0.6300)

Train Epoch: 41 [0/2500 (0%)]	Loss: 1.077860
Train Epoch: 41 [1280/2500 (50%)]	Loss: 0.929377

Test set: Average loss: 0.8691, Accuracy: (0.6560)

Train Epoch: 42 [0/2500 (0%)]	Loss: 0.726734
Train Epoch: 42 [1280/2500 (50%)]	Loss: 0.840588

Test set: Average loss: 0.8623, Accuracy: (0.6740)

Train Epoch: 43 [0/2500 (0%)]	Loss: 0.950087
Train Epoch: 43 [1280/2500 (50%)]	Loss: 0.935677

Test set: Average loss: 0.9001, Accuracy: (0.6680)

Train Epoch: 44 [0/2500 (0%)]	Loss: 0.952744
Train Epoch: 44 [1280/2500 (50%)]	Loss: 0.792310

Test set: Average loss: 0.9290, Accuracy: (0.6380)

Train Epoch: 45 [0/2500 (0%)]	Loss: 0.898441
Train Epoch: 45 [1280/2500 (50%)]	Loss: 0.753593

Test set: Average loss: 0.8980, Accuracy: (0.6360)

Train Epoch: 46 [0/2500 (0%)]	Loss: 0.957551
Train Epoch: 46 [1280/2500 (50%)]	Loss: 1.044789

Test set: Average loss: 1.3181, Accuracy: (0.5000)

Train Epoch: 47 [0/2500 (0%)]	Loss: 1.494917
Train Epoch: 47 [1280/2500 (50%)]	Loss: 0.800300

Test set: Average loss: 0.8529, Accuracy: (0.6700)

Train Epoch: 48 [0/2500 (0%)]	Loss: 0.835254
Train Epoch: 48 [1280/2500 (50%)]	Loss: 0.947978

Test set: Average loss: 0.8690, Accuracy: (0.6800)

Train Epoch: 49 [0/2500 (0%)]	Loss: 1.008152
Train Epoch: 49 [1280/2500 (50%)]	Loss: 0.725476

Test set: Average loss: 0.8751, Accuracy: (0.6940)

Train Epoch: 50 [0/2500 (0%)]	Loss: 0.788072
Train Epoch: 50 [1280/2500 (50%)]	Loss: 0.933096

Test set: Average loss: 0.8476, Accuracy: (0.6600)

Train Epoch: 51 [0/2500 (0%)]	Loss: 0.888354
Train Epoch: 51 [1280/2500 (50%)]	Loss: 0.844180

Test set: Average loss: 0.8941, Accuracy: (0.6580)

Train Epoch: 52 [0/2500 (0%)]	Loss: 0.888032
Train Epoch: 52 [1280/2500 (50%)]	Loss: 0.865404

Test set: Average loss: 0.8769, Accuracy: (0.6400)

Train Epoch: 53 [0/2500 (0%)]	Loss: 0.858958
Train Epoch: 53 [1280/2500 (50%)]	Loss: 0.876035

Test set: Average loss: 0.8640, Accuracy: (0.6720)

Train Epoch: 54 [0/2500 (0%)]	Loss: 0.791511
Train Epoch: 54 [1280/2500 (50%)]	Loss: 0.854033

Test set: Average loss: 0.8608, Accuracy: (0.6760)

Train Epoch: 55 [0/2500 (0%)]	Loss: 0.881971
Train Epoch: 55 [1280/2500 (50%)]	Loss: 0.901959

Test set: Average loss: 0.8704, Accuracy: (0.6860)

Train Epoch: 56 [0/2500 (0%)]	Loss: 0.891760
Train Epoch: 56 [1280/2500 (50%)]	Loss: 0.868475

Test set: Average loss: 0.8207, Accuracy: (0.6820)

Train Epoch: 57 [0/2500 (0%)]	Loss: 0.898371
Train Epoch: 57 [1280/2500 (50%)]	Loss: 0.905161

Test set: Average loss: 0.8709, Accuracy: (0.6600)

Train Epoch: 58 [0/2500 (0%)]	Loss: 0.860033
Train Epoch: 58 [1280/2500 (50%)]	Loss: 1.023776

Test set: Average loss: 0.9041, Accuracy: (0.6620)

Train Epoch: 59 [0/2500 (0%)]	Loss: 0.953969
Train Epoch: 59 [1280/2500 (50%)]	Loss: 0.850710

Test set: Average loss: 0.8493, Accuracy: (0.6700)

Train Epoch: 60 [0/2500 (0%)]	Loss: 0.909558
Train Epoch: 60 [1280/2500 (50%)]	Loss: 0.786462

Test set: Average loss: 0.8921, Accuracy: (0.6520)

Train Epoch: 61 [0/2500 (0%)]	Loss: 0.736802
Train Epoch: 61 [1280/2500 (50%)]	Loss: 0.870373

Test set: Average loss: 0.8867, Accuracy: (0.6440)

Train Epoch: 62 [0/2500 (0%)]	Loss: 0.790287
Train Epoch: 62 [1280/2500 (50%)]	Loss: 0.809479

Test set: Average loss: 0.8631, Accuracy: (0.6540)

Train Epoch: 63 [0/2500 (0%)]	Loss: 0.852057
Train Epoch: 63 [1280/2500 (50%)]	Loss: 0.779517

Test set: Average loss: 0.8345, Accuracy: (0.6880)

Train Epoch: 64 [0/2500 (0%)]	Loss: 0.630946
Train Epoch: 64 [1280/2500 (50%)]	Loss: 0.886905

Test set: Average loss: 0.8534, Accuracy: (0.6640)

Train Epoch: 65 [0/2500 (0%)]	Loss: 0.775630
Train Epoch: 65 [1280/2500 (50%)]	Loss: 0.995854

Test set: Average loss: 0.9411, Accuracy: (0.6160)

Train Epoch: 66 [0/2500 (0%)]	Loss: 0.965481
Train Epoch: 66 [1280/2500 (50%)]	Loss: 0.780465

Test set: Average loss: 0.8691, Accuracy: (0.6580)

Train Epoch: 67 [0/2500 (0%)]	Loss: 0.850072
Train Epoch: 67 [1280/2500 (50%)]	Loss: 0.865463

Test set: Average loss: 0.8841, Accuracy: (0.6640)

Train Epoch: 68 [0/2500 (0%)]	Loss: 0.839669
Train Epoch: 68 [1280/2500 (50%)]	Loss: 0.831561

Test set: Average loss: 0.8646, Accuracy: (0.6540)

Train Epoch: 69 [0/2500 (0%)]	Loss: 0.765347
Train Epoch: 69 [1280/2500 (50%)]	Loss: 0.933285

Test set: Average loss: 0.8305, Accuracy: (0.6740)

Train Epoch: 70 [0/2500 (0%)]	Loss: 0.964219
Train Epoch: 70 [1280/2500 (50%)]	Loss: 0.807542

Test set: Average loss: 0.8072, Accuracy: (0.6980)

Train Epoch: 71 [0/2500 (0%)]	Loss: 0.821271
Train Epoch: 71 [1280/2500 (50%)]	Loss: 0.958602

Test set: Average loss: 0.9256, Accuracy: (0.6460)

Train Epoch: 72 [0/2500 (0%)]	Loss: 0.872505
Train Epoch: 72 [1280/2500 (50%)]	Loss: 0.805219

Test set: Average loss: 0.8556, Accuracy: (0.6780)

Train Epoch: 73 [0/2500 (0%)]	Loss: 0.857496
Train Epoch: 73 [1280/2500 (50%)]	Loss: 0.928280

Test set: Average loss: 0.8216, Accuracy: (0.6720)

Train Epoch: 74 [0/2500 (0%)]	Loss: 0.878432
Train Epoch: 74 [1280/2500 (50%)]	Loss: 0.833130

Test set: Average loss: 0.8259, Accuracy: (0.6940)

Train Epoch: 75 [0/2500 (0%)]	Loss: 0.879337
Train Epoch: 75 [1280/2500 (50%)]	Loss: 0.930146

Test set: Average loss: 0.8521, Accuracy: (0.6800)

Train Epoch: 76 [0/2500 (0%)]	Loss: 0.966719
Train Epoch: 76 [1280/2500 (50%)]	Loss: 0.982921

Test set: Average loss: 0.8435, Accuracy: (0.6780)

Train Epoch: 77 [0/2500 (0%)]	Loss: 0.760691
Train Epoch: 77 [1280/2500 (50%)]	Loss: 0.878758

Test set: Average loss: 0.8924, Accuracy: (0.6580)

Train Epoch: 78 [0/2500 (0%)]	Loss: 0.857076
Train Epoch: 78 [1280/2500 (50%)]	Loss: 0.814313

Test set: Average loss: 0.9025, Accuracy: (0.6560)

Train Epoch: 79 [0/2500 (0%)]	Loss: 0.806670
Train Epoch: 79 [1280/2500 (50%)]	Loss: 0.826968

Test set: Average loss: 0.8775, Accuracy: (0.6680)

Train Epoch: 80 [0/2500 (0%)]	Loss: 0.687287
Train Epoch: 80 [1280/2500 (50%)]	Loss: 0.776661

Test set: Average loss: 0.9190, Accuracy: (0.6400)

Train Epoch: 81 [0/2500 (0%)]	Loss: 0.834233
Train Epoch: 81 [1280/2500 (50%)]	Loss: 0.888024

Test set: Average loss: 0.9236, Accuracy: (0.6440)

Train Epoch: 82 [0/2500 (0%)]	Loss: 0.884531
Train Epoch: 82 [1280/2500 (50%)]	Loss: 0.785504

Test set: Average loss: 0.7986, Accuracy: (0.7000)

Train Epoch: 83 [0/2500 (0%)]	Loss: 0.740821
Train Epoch: 83 [1280/2500 (50%)]	Loss: 0.908968

Test set: Average loss: 0.8252, Accuracy: (0.6840)

Train Epoch: 84 [0/2500 (0%)]	Loss: 0.698913
Train Epoch: 84 [1280/2500 (50%)]	Loss: 0.867170

Test set: Average loss: 0.8369, Accuracy: (0.6620)

Train Epoch: 85 [0/2500 (0%)]	Loss: 0.747554
Train Epoch: 85 [1280/2500 (50%)]	Loss: 0.795481

Test set: Average loss: 0.8320, Accuracy: (0.6740)

Train Epoch: 86 [0/2500 (0%)]	Loss: 0.800738
Train Epoch: 86 [1280/2500 (50%)]	Loss: 0.716730

Test set: Average loss: 0.8713, Accuracy: (0.6620)

Train Epoch: 87 [0/2500 (0%)]	Loss: 0.826274
Train Epoch: 87 [1280/2500 (50%)]	Loss: 0.888493

Test set: Average loss: 0.8772, Accuracy: (0.6580)

Train Epoch: 88 [0/2500 (0%)]	Loss: 0.980892
Train Epoch: 88 [1280/2500 (50%)]	Loss: 0.836961

Test set: Average loss: 0.8723, Accuracy: (0.6420)

Train Epoch: 89 [0/2500 (0%)]	Loss: 0.908647
Train Epoch: 89 [1280/2500 (50%)]	Loss: 0.754531

Test set: Average loss: 0.8468, Accuracy: (0.6840)

Train Epoch: 90 [0/2500 (0%)]	Loss: 0.804587
Train Epoch: 90 [1280/2500 (50%)]	Loss: 0.850374

Test set: Average loss: 0.8755, Accuracy: (0.6620)

Train Epoch: 91 [0/2500 (0%)]	Loss: 0.823212
Train Epoch: 91 [1280/2500 (50%)]	Loss: 0.831880

Test set: Average loss: 0.8427, Accuracy: (0.6700)

Train Epoch: 92 [0/2500 (0%)]	Loss: 0.871808
Train Epoch: 92 [1280/2500 (50%)]	Loss: 0.708398

Test set: Average loss: 0.8378, Accuracy: (0.6760)

Train Epoch: 93 [0/2500 (0%)]	Loss: 0.910269
Train Epoch: 93 [1280/2500 (50%)]	Loss: 0.925237

Test set: Average loss: 0.8328, Accuracy: (0.6860)

Train Epoch: 94 [0/2500 (0%)]	Loss: 0.834431
Train Epoch: 94 [1280/2500 (50%)]	Loss: 0.833466

Test set: Average loss: 0.8112, Accuracy: (0.6920)

Train Epoch: 95 [0/2500 (0%)]	Loss: 0.844576
Train Epoch: 95 [1280/2500 (50%)]	Loss: 0.886791

Test set: Average loss: 0.8435, Accuracy: (0.6760)

Train Epoch: 96 [0/2500 (0%)]	Loss: 0.833554
Train Epoch: 96 [1280/2500 (50%)]	Loss: 0.882108

Test set: Average loss: 0.8809, Accuracy: (0.6640)

Train Epoch: 97 [0/2500 (0%)]	Loss: 0.808295
Train Epoch: 97 [1280/2500 (50%)]	Loss: 0.737280

Test set: Average loss: 0.8247, Accuracy: (0.6860)

Train Epoch: 98 [0/2500 (0%)]	Loss: 0.762600
Train Epoch: 98 [1280/2500 (50%)]	Loss: 0.779857

Test set: Average loss: 0.8245, Accuracy: (0.6780)

Train Epoch: 99 [0/2500 (0%)]	Loss: 0.743475
Train Epoch: 99 [1280/2500 (50%)]	Loss: 0.903685

Test set: Average loss: 0.8119, Accuracy: (0.6860)

Train Epoch: 100 [0/2500 (0%)]	Loss: 0.715328
Train Epoch: 100 [1280/2500 (50%)]	Loss: 0.764093

Test set: Average loss: 0.7943, Accuracy: (0.7100)

Train Epoch: 101 [0/2500 (0%)]	Loss: 0.894094
Train Epoch: 101 [1280/2500 (50%)]	Loss: 0.783103

Test set: Average loss: 0.8140, Accuracy: (0.6880)

Train Epoch: 102 [0/2500 (0%)]	Loss: 0.777618
Train Epoch: 102 [1280/2500 (50%)]	Loss: 0.769165

Test set: Average loss: 0.8475, Accuracy: (0.6800)

Train Epoch: 103 [0/2500 (0%)]	Loss: 0.764069
Train Epoch: 103 [1280/2500 (50%)]	Loss: 0.751478

Test set: Average loss: 0.8324, Accuracy: (0.6740)

Train Epoch: 104 [0/2500 (0%)]	Loss: 0.792094
Train Epoch: 104 [1280/2500 (50%)]	Loss: 0.813477

Test set: Average loss: 0.8389, Accuracy: (0.6660)

Train Epoch: 105 [0/2500 (0%)]	Loss: 0.822583
Train Epoch: 105 [1280/2500 (50%)]	Loss: 0.908668

Test set: Average loss: 0.8538, Accuracy: (0.6760)

Train Epoch: 106 [0/2500 (0%)]	Loss: 0.753021
Train Epoch: 106 [1280/2500 (50%)]	Loss: 0.884201

Test set: Average loss: 0.8023, Accuracy: (0.6960)

Train Epoch: 107 [0/2500 (0%)]	Loss: 0.875396
Train Epoch: 107 [1280/2500 (50%)]	Loss: 0.853934

Test set: Average loss: 0.8396, Accuracy: (0.6660)

Train Epoch: 108 [0/2500 (0%)]	Loss: 0.841748
Train Epoch: 108 [1280/2500 (50%)]	Loss: 0.857691

Test set: Average loss: 0.8148, Accuracy: (0.6900)

Train Epoch: 109 [0/2500 (0%)]	Loss: 0.747318
Train Epoch: 109 [1280/2500 (50%)]	Loss: 0.798605

Test set: Average loss: 0.8141, Accuracy: (0.6900)

Train Epoch: 110 [0/2500 (0%)]	Loss: 0.737629
Train Epoch: 110 [1280/2500 (50%)]	Loss: 0.788604

Test set: Average loss: 0.7832, Accuracy: (0.7120)

Train Epoch: 111 [0/2500 (0%)]	Loss: 0.698987
Train Epoch: 111 [1280/2500 (50%)]	Loss: 0.852170

Test set: Average loss: 0.8245, Accuracy: (0.6720)

Train Epoch: 112 [0/2500 (0%)]	Loss: 0.850835
Train Epoch: 112 [1280/2500 (50%)]	Loss: 0.835436

Test set: Average loss: 0.8060, Accuracy: (0.6800)

Train Epoch: 113 [0/2500 (0%)]	Loss: 0.633053
Train Epoch: 113 [1280/2500 (50%)]	Loss: 0.730917

Test set: Average loss: 0.8180, Accuracy: (0.7020)

Train Epoch: 114 [0/2500 (0%)]	Loss: 0.819580
Train Epoch: 114 [1280/2500 (50%)]	Loss: 0.824621

Test set: Average loss: 0.8040, Accuracy: (0.6860)

Train Epoch: 115 [0/2500 (0%)]	Loss: 0.751657
Train Epoch: 115 [1280/2500 (50%)]	Loss: 0.705309

Test set: Average loss: 0.8306, Accuracy: (0.6980)

Train Epoch: 116 [0/2500 (0%)]	Loss: 0.866133
Train Epoch: 116 [1280/2500 (50%)]	Loss: 0.737090

Test set: Average loss: 0.8514, Accuracy: (0.6780)

Train Epoch: 117 [0/2500 (0%)]	Loss: 0.688025
Train Epoch: 117 [1280/2500 (50%)]	Loss: 0.748819

Test set: Average loss: 0.8547, Accuracy: (0.6900)

Train Epoch: 118 [0/2500 (0%)]	Loss: 0.721783
Train Epoch: 118 [1280/2500 (50%)]	Loss: 0.680577

Test set: Average loss: 0.8329, Accuracy: (0.6760)

Train Epoch: 119 [0/2500 (0%)]	Loss: 0.906124
Train Epoch: 119 [1280/2500 (50%)]	Loss: 0.727750

Test set: Average loss: 0.8046, Accuracy: (0.6780)

Train Epoch: 120 [0/2500 (0%)]	Loss: 0.714976
Train Epoch: 120 [1280/2500 (50%)]	Loss: 0.864719

Test set: Average loss: 0.7916, Accuracy: (0.7100)

Train Epoch: 121 [0/2500 (0%)]	Loss: 0.912880
Train Epoch: 121 [1280/2500 (50%)]	Loss: 0.945901

Test set: Average loss: 0.8037, Accuracy: (0.6880)

Train Epoch: 122 [0/2500 (0%)]	Loss: 0.806279
Train Epoch: 122 [1280/2500 (50%)]	Loss: 0.699576

Test set: Average loss: 0.7831, Accuracy: (0.7160)

Train Epoch: 123 [0/2500 (0%)]	Loss: 0.804179
Train Epoch: 123 [1280/2500 (50%)]	Loss: 0.820229

Test set: Average loss: 0.8409, Accuracy: (0.6800)

Train Epoch: 124 [0/2500 (0%)]	Loss: 0.662963
Train Epoch: 124 [1280/2500 (50%)]	Loss: 0.604385

Test set: Average loss: 0.7949, Accuracy: (0.6820)

Train Epoch: 125 [0/2500 (0%)]	Loss: 0.770464
Train Epoch: 125 [1280/2500 (50%)]	Loss: 0.706843

Test set: Average loss: 0.8057, Accuracy: (0.6860)

Train Epoch: 126 [0/2500 (0%)]	Loss: 0.814812
Train Epoch: 126 [1280/2500 (50%)]	Loss: 0.807399

Test set: Average loss: 0.7603, Accuracy: (0.7020)

Train Epoch: 127 [0/2500 (0%)]	Loss: 0.800423
Train Epoch: 127 [1280/2500 (50%)]	Loss: 0.672795

Test set: Average loss: 0.8050, Accuracy: (0.6800)

Train Epoch: 128 [0/2500 (0%)]	Loss: 0.803436
Train Epoch: 128 [1280/2500 (50%)]	Loss: 0.837856

Test set: Average loss: 0.7992, Accuracy: (0.6960)

Train Epoch: 129 [0/2500 (0%)]	Loss: 0.649103
Train Epoch: 129 [1280/2500 (50%)]	Loss: 0.676353

Test set: Average loss: 0.8040, Accuracy: (0.7160)

Train Epoch: 130 [0/2500 (0%)]	Loss: 0.800460
Train Epoch: 130 [1280/2500 (50%)]	Loss: 0.715586

Test set: Average loss: 0.8866, Accuracy: (0.6720)

Train Epoch: 131 [0/2500 (0%)]	Loss: 0.856839
Train Epoch: 131 [1280/2500 (50%)]	Loss: 0.775279

Test set: Average loss: 0.8218, Accuracy: (0.6860)

Train Epoch: 132 [0/2500 (0%)]	Loss: 0.858167
Train Epoch: 132 [1280/2500 (50%)]	Loss: 0.772968

Test set: Average loss: 0.8144, Accuracy: (0.6960)

Train Epoch: 133 [0/2500 (0%)]	Loss: 0.726409
Train Epoch: 133 [1280/2500 (50%)]	Loss: 0.745924

Test set: Average loss: 0.8197, Accuracy: (0.6800)

Train Epoch: 134 [0/2500 (0%)]	Loss: 0.780425
Train Epoch: 134 [1280/2500 (50%)]	Loss: 0.722014

Test set: Average loss: 0.8963, Accuracy: (0.6580)

Train Epoch: 135 [0/2500 (0%)]	Loss: 0.839585
Train Epoch: 135 [1280/2500 (50%)]	Loss: 0.848923

Test set: Average loss: 0.8204, Accuracy: (0.6800)

Train Epoch: 136 [0/2500 (0%)]	Loss: 0.961655
Train Epoch: 136 [1280/2500 (50%)]	Loss: 0.856740

Test set: Average loss: 0.8134, Accuracy: (0.6700)

Train Epoch: 137 [0/2500 (0%)]	Loss: 0.761775
Train Epoch: 137 [1280/2500 (50%)]	Loss: 0.640154

Test set: Average loss: 0.7644, Accuracy: (0.7140)

Train Epoch: 138 [0/2500 (0%)]	Loss: 0.694131
Train Epoch: 138 [1280/2500 (50%)]	Loss: 0.791201

Test set: Average loss: 0.8098, Accuracy: (0.6960)

Train Epoch: 139 [0/2500 (0%)]	Loss: 0.649449
Train Epoch: 139 [1280/2500 (50%)]	Loss: 0.748908

Test set: Average loss: 0.8210, Accuracy: (0.6900)

Train Epoch: 140 [0/2500 (0%)]	Loss: 0.858945
Train Epoch: 140 [1280/2500 (50%)]	Loss: 0.643717

Test set: Average loss: 0.7531, Accuracy: (0.7080)

Train Epoch: 141 [0/2500 (0%)]	Loss: 0.689288
Train Epoch: 141 [1280/2500 (50%)]	Loss: 0.791074

Test set: Average loss: 0.8104, Accuracy: (0.7020)

Train Epoch: 142 [0/2500 (0%)]	Loss: 0.654610
Train Epoch: 142 [1280/2500 (50%)]	Loss: 0.646831

Test set: Average loss: 0.7744, Accuracy: (0.7000)

Train Epoch: 143 [0/2500 (0%)]	Loss: 0.711186
Train Epoch: 143 [1280/2500 (50%)]	Loss: 0.771386

Test set: Average loss: 0.8081, Accuracy: (0.6980)

Train Epoch: 144 [0/2500 (0%)]	Loss: 0.745413
Train Epoch: 144 [1280/2500 (50%)]	Loss: 0.749830

Test set: Average loss: 0.8312, Accuracy: (0.7180)

Train Epoch: 145 [0/2500 (0%)]	Loss: 0.879489
Train Epoch: 145 [1280/2500 (50%)]	Loss: 0.863110

Test set: Average loss: 0.7807, Accuracy: (0.7100)

Train Epoch: 146 [0/2500 (0%)]	Loss: 0.759374
Train Epoch: 146 [1280/2500 (50%)]	Loss: 0.798827

Test set: Average loss: 0.8320, Accuracy: (0.6780)

Train Epoch: 147 [0/2500 (0%)]	Loss: 0.809862
Train Epoch: 147 [1280/2500 (50%)]	Loss: 0.838675

Test set: Average loss: 0.8414, Accuracy: (0.6760)

Train Epoch: 148 [0/2500 (0%)]	Loss: 0.854572
Train Epoch: 148 [1280/2500 (50%)]	Loss: 0.709183

Test set: Average loss: 0.7870, Accuracy: (0.7020)

Train Epoch: 149 [0/2500 (0%)]	Loss: 0.817441
Train Epoch: 149 [1280/2500 (50%)]	Loss: 0.748140

Test set: Average loss: 0.8029, Accuracy: (0.7060)

Train Epoch: 150 [0/2500 (0%)]	Loss: 0.802686
Train Epoch: 150 [1280/2500 (50%)]	Loss: 0.718948

Test set: Average loss: 0.8387, Accuracy: (0.6820)

Train Epoch: 151 [0/2500 (0%)]	Loss: 0.735245
Train Epoch: 151 [1280/2500 (50%)]	Loss: 0.726602

Test set: Average loss: 0.7911, Accuracy: (0.7080)

Train Epoch: 152 [0/2500 (0%)]	Loss: 0.715841
Train Epoch: 152 [1280/2500 (50%)]	Loss: 0.813973

Test set: Average loss: 0.7892, Accuracy: (0.7140)

Train Epoch: 153 [0/2500 (0%)]	Loss: 0.749379
Train Epoch: 153 [1280/2500 (50%)]	Loss: 0.776657

Test set: Average loss: 0.7983, Accuracy: (0.6940)

Train Epoch: 154 [0/2500 (0%)]	Loss: 0.768089
Train Epoch: 154 [1280/2500 (50%)]	Loss: 0.805065

Test set: Average loss: 0.8342, Accuracy: (0.6640)

Train Epoch: 155 [0/2500 (0%)]	Loss: 0.908950
Train Epoch: 155 [1280/2500 (50%)]	Loss: 0.778869

Test set: Average loss: 0.8067, Accuracy: (0.6820)

Train Epoch: 156 [0/2500 (0%)]	Loss: 0.781250
Train Epoch: 156 [1280/2500 (50%)]	Loss: 0.679967

Test set: Average loss: 0.7952, Accuracy: (0.7080)

Train Epoch: 157 [0/2500 (0%)]	Loss: 0.743943
Train Epoch: 157 [1280/2500 (50%)]	Loss: 0.810926

Test set: Average loss: 0.7891, Accuracy: (0.6900)

Train Epoch: 158 [0/2500 (0%)]	Loss: 0.686989
Train Epoch: 158 [1280/2500 (50%)]	Loss: 0.697199

Test set: Average loss: 0.7953, Accuracy: (0.6840)

Train Epoch: 159 [0/2500 (0%)]	Loss: 0.742697
Train Epoch: 159 [1280/2500 (50%)]	Loss: 0.796634

Test set: Average loss: 0.7699, Accuracy: (0.6880)

Train Epoch: 160 [0/2500 (0%)]	Loss: 0.735890
Train Epoch: 160 [1280/2500 (50%)]	Loss: 0.686268

Test set: Average loss: 0.8123, Accuracy: (0.6880)

Train Epoch: 161 [0/2500 (0%)]	Loss: 0.665122
Train Epoch: 161 [1280/2500 (50%)]	Loss: 0.845824

Test set: Average loss: 0.8222, Accuracy: (0.6920)

Train Epoch: 162 [0/2500 (0%)]	Loss: 0.831048
Train Epoch: 162 [1280/2500 (50%)]	Loss: 0.762413

Test set: Average loss: 0.7921, Accuracy: (0.7080)

Train Epoch: 163 [0/2500 (0%)]	Loss: 0.804665
Train Epoch: 163 [1280/2500 (50%)]	Loss: 0.780234

Test set: Average loss: 0.8236, Accuracy: (0.7080)

Train Epoch: 164 [0/2500 (0%)]	Loss: 0.653863
Train Epoch: 164 [1280/2500 (50%)]	Loss: 0.772959

Test set: Average loss: 0.8064, Accuracy: (0.7060)

Train Epoch: 165 [0/2500 (0%)]	Loss: 0.814433
Train Epoch: 165 [1280/2500 (50%)]	Loss: 0.793893

Test set: Average loss: 0.8099, Accuracy: (0.6960)

Train Epoch: 166 [0/2500 (0%)]	Loss: 0.587533
Train Epoch: 166 [1280/2500 (50%)]	Loss: 0.747974

Test set: Average loss: 0.7999, Accuracy: (0.6940)

Train Epoch: 167 [0/2500 (0%)]	Loss: 0.699084
Train Epoch: 167 [1280/2500 (50%)]	Loss: 0.780502

Test set: Average loss: 0.7899, Accuracy: (0.7000)

Train Epoch: 168 [0/2500 (0%)]	Loss: 0.779680
Train Epoch: 168 [1280/2500 (50%)]	Loss: 0.767126

Test set: Average loss: 0.8075, Accuracy: (0.6880)

Train Epoch: 169 [0/2500 (0%)]	Loss: 0.835650
Train Epoch: 169 [1280/2500 (50%)]	Loss: 0.683630

Test set: Average loss: 0.8014, Accuracy: (0.7140)

Train Epoch: 170 [0/2500 (0%)]	Loss: 0.722488
Train Epoch: 170 [1280/2500 (50%)]	Loss: 0.658909

Test set: Average loss: 0.7967, Accuracy: (0.7120)

Train Epoch: 171 [0/2500 (0%)]	Loss: 0.651805
Train Epoch: 171 [1280/2500 (50%)]	Loss: 0.790605

Test set: Average loss: 0.7701, Accuracy: (0.7020)

Train Epoch: 172 [0/2500 (0%)]	Loss: 0.683325
Train Epoch: 172 [1280/2500 (50%)]	Loss: 0.717050

Test set: Average loss: 0.7989, Accuracy: (0.7020)

Train Epoch: 173 [0/2500 (0%)]	Loss: 0.779138
Train Epoch: 173 [1280/2500 (50%)]	Loss: 0.785567

Test set: Average loss: 0.8063, Accuracy: (0.6960)

Train Epoch: 174 [0/2500 (0%)]	Loss: 0.960206
Train Epoch: 174 [1280/2500 (50%)]	Loss: 0.707504

Test set: Average loss: 0.7784, Accuracy: (0.7100)

Train Epoch: 175 [0/2500 (0%)]	Loss: 0.721682
Train Epoch: 175 [1280/2500 (50%)]	Loss: 0.740921

Test set: Average loss: 0.8041, Accuracy: (0.6980)

Train Epoch: 176 [0/2500 (0%)]	Loss: 0.899766
Train Epoch: 176 [1280/2500 (50%)]	Loss: 0.681528

Test set: Average loss: 0.7627, Accuracy: (0.7220)

Train Epoch: 177 [0/2500 (0%)]	Loss: 0.734306
Train Epoch: 177 [1280/2500 (50%)]	Loss: 0.753473

Test set: Average loss: 0.8098, Accuracy: (0.6940)

Train Epoch: 178 [0/2500 (0%)]	Loss: 0.714993
Train Epoch: 178 [1280/2500 (50%)]	Loss: 0.729119

Test set: Average loss: 0.7904, Accuracy: (0.7020)

Train Epoch: 179 [0/2500 (0%)]	Loss: 0.702578
Train Epoch: 179 [1280/2500 (50%)]	Loss: 0.649445

Test set: Average loss: 0.7581, Accuracy: (0.7180)

Train Epoch: 180 [0/2500 (0%)]	Loss: 0.885883
Train Epoch: 180 [1280/2500 (50%)]	Loss: 0.670137

Test set: Average loss: 0.7636, Accuracy: (0.7080)

Train Epoch: 181 [0/2500 (0%)]	Loss: 0.540003
Train Epoch: 181 [1280/2500 (50%)]	Loss: 0.708247

Test set: Average loss: 0.8209, Accuracy: (0.6940)

Train Epoch: 182 [0/2500 (0%)]	Loss: 0.719414
Train Epoch: 182 [1280/2500 (50%)]	Loss: 0.869060

Test set: Average loss: 0.8162, Accuracy: (0.7020)

Train Epoch: 183 [0/2500 (0%)]	Loss: 0.811065
Train Epoch: 183 [1280/2500 (50%)]	Loss: 0.656836

Test set: Average loss: 0.8374, Accuracy: (0.6800)

Train Epoch: 184 [0/2500 (0%)]	Loss: 0.679420
Train Epoch: 184 [1280/2500 (50%)]	Loss: 0.698848

Test set: Average loss: 0.7805, Accuracy: (0.7120)

Train Epoch: 185 [0/2500 (0%)]	Loss: 0.782402
Train Epoch: 185 [1280/2500 (50%)]	Loss: 0.851441

Test set: Average loss: 0.7616, Accuracy: (0.7220)

Train Epoch: 186 [0/2500 (0%)]	Loss: 0.682815
Train Epoch: 186 [1280/2500 (50%)]	Loss: 0.969094

Test set: Average loss: 0.7820, Accuracy: (0.6920)

Train Epoch: 187 [0/2500 (0%)]	Loss: 0.706167
Train Epoch: 187 [1280/2500 (50%)]	Loss: 0.597813

Test set: Average loss: 0.7773, Accuracy: (0.6940)

Train Epoch: 188 [0/2500 (0%)]	Loss: 0.602725
Train Epoch: 188 [1280/2500 (50%)]	Loss: 0.693586

Test set: Average loss: 0.7935, Accuracy: (0.7020)

Train Epoch: 189 [0/2500 (0%)]	Loss: 0.687278
Train Epoch: 189 [1280/2500 (50%)]	Loss: 0.801202

Test set: Average loss: 0.8232, Accuracy: (0.6880)

Train Epoch: 190 [0/2500 (0%)]	Loss: 0.723365
Train Epoch: 190 [1280/2500 (50%)]	Loss: 0.736028

Test set: Average loss: 0.7980, Accuracy: (0.7040)

Train Epoch: 191 [0/2500 (0%)]	Loss: 0.764601
Train Epoch: 191 [1280/2500 (50%)]	Loss: 0.680459

Test set: Average loss: 0.7675, Accuracy: (0.7020)

Train Epoch: 192 [0/2500 (0%)]	Loss: 0.788033
Train Epoch: 192 [1280/2500 (50%)]	Loss: 0.710531

Test set: Average loss: 0.7645, Accuracy: (0.7080)

Train Epoch: 193 [0/2500 (0%)]	Loss: 0.793493
Train Epoch: 193 [1280/2500 (50%)]	Loss: 0.586947

Test set: Average loss: 0.8210, Accuracy: (0.6760)

Train Epoch: 194 [0/2500 (0%)]	Loss: 0.721214
Train Epoch: 194 [1280/2500 (50%)]	Loss: 0.663137

Test set: Average loss: 0.8901, Accuracy: (0.6680)

Train Epoch: 195 [0/2500 (0%)]	Loss: 0.637830
Train Epoch: 195 [1280/2500 (50%)]	Loss: 0.669523

Test set: Average loss: 0.7963, Accuracy: (0.6940)

Train Epoch: 196 [0/2500 (0%)]	Loss: 0.654912
Train Epoch: 196 [1280/2500 (50%)]	Loss: 0.841103

Test set: Average loss: 0.7756, Accuracy: (0.7300)

Train Epoch: 197 [0/2500 (0%)]	Loss: 0.740015
Train Epoch: 197 [1280/2500 (50%)]	Loss: 0.750487

Test set: Average loss: 0.7300, Accuracy: (0.7060)

Train Epoch: 198 [0/2500 (0%)]	Loss: 0.519442
Train Epoch: 198 [1280/2500 (50%)]	Loss: 0.702115

Test set: Average loss: 0.7946, Accuracy: (0.6740)

Train Epoch: 199 [0/2500 (0%)]	Loss: 0.697605
Train Epoch: 199 [1280/2500 (50%)]	Loss: 0.659883

Test set: Average loss: 0.8150, Accuracy: (0.6840)

Train Epoch: 200 [0/2500 (0%)]	Loss: 0.652847
Train Epoch: 200 [1280/2500 (50%)]	Loss: 0.745282

Test set: Average loss: 0.7603, Accuracy: (0.7120)

Train Epoch: 201 [0/2500 (0%)]	Loss: 0.730810
Train Epoch: 201 [1280/2500 (50%)]	Loss: 0.804751

Test set: Average loss: 0.7760, Accuracy: (0.6900)

Train Epoch: 202 [0/2500 (0%)]	Loss: 0.620668
Train Epoch: 202 [1280/2500 (50%)]	Loss: 0.798028

Test set: Average loss: 0.7824, Accuracy: (0.7020)

Train Epoch: 203 [0/2500 (0%)]	Loss: 0.763924
Train Epoch: 203 [1280/2500 (50%)]	Loss: 0.836174

Test set: Average loss: 0.7845, Accuracy: (0.7100)

Train Epoch: 204 [0/2500 (0%)]	Loss: 0.745726
Train Epoch: 204 [1280/2500 (50%)]	Loss: 0.696551

Test set: Average loss: 0.7914, Accuracy: (0.6820)

Train Epoch: 205 [0/2500 (0%)]	Loss: 0.597031
Train Epoch: 205 [1280/2500 (50%)]	Loss: 0.554643

Test set: Average loss: 0.8400, Accuracy: (0.6860)

Train Epoch: 206 [0/2500 (0%)]	Loss: 0.866924
Train Epoch: 206 [1280/2500 (50%)]	Loss: 0.787225

Test set: Average loss: 0.8016, Accuracy: (0.6880)

Train Epoch: 207 [0/2500 (0%)]	Loss: 0.716568
Train Epoch: 207 [1280/2500 (50%)]	Loss: 0.722928

Test set: Average loss: 0.7809, Accuracy: (0.7080)

Train Epoch: 208 [0/2500 (0%)]	Loss: 0.795692
Train Epoch: 208 [1280/2500 (50%)]	Loss: 0.580155

Test set: Average loss: 0.7949, Accuracy: (0.7000)

Train Epoch: 209 [0/2500 (0%)]	Loss: 0.739382
Train Epoch: 209 [1280/2500 (50%)]	Loss: 0.784845

Test set: Average loss: 0.8480, Accuracy: (0.6960)

Train Epoch: 210 [0/2500 (0%)]	Loss: 0.807615
Train Epoch: 210 [1280/2500 (50%)]	Loss: 0.674956

Test set: Average loss: 0.8077, Accuracy: (0.7020)

Train Epoch: 211 [0/2500 (0%)]	Loss: 0.741035
Train Epoch: 211 [1280/2500 (50%)]	Loss: 0.604884

Test set: Average loss: 0.7655, Accuracy: (0.7140)

Train Epoch: 212 [0/2500 (0%)]	Loss: 0.782014
Train Epoch: 212 [1280/2500 (50%)]	Loss: 0.774696

Test set: Average loss: 0.7622, Accuracy: (0.7200)

Train Epoch: 213 [0/2500 (0%)]	Loss: 0.559988
Train Epoch: 213 [1280/2500 (50%)]	Loss: 0.678579

Test set: Average loss: 0.7936, Accuracy: (0.6880)

Train Epoch: 214 [0/2500 (0%)]	Loss: 0.716716
Train Epoch: 214 [1280/2500 (50%)]	Loss: 0.782055

Test set: Average loss: 0.7587, Accuracy: (0.7180)

Train Epoch: 215 [0/2500 (0%)]	Loss: 0.776782
Train Epoch: 215 [1280/2500 (50%)]	Loss: 0.692734

Test set: Average loss: 0.7502, Accuracy: (0.7300)

Train Epoch: 216 [0/2500 (0%)]	Loss: 0.670752
Train Epoch: 216 [1280/2500 (50%)]	Loss: 0.743850

Test set: Average loss: 0.7394, Accuracy: (0.7200)

Train Epoch: 217 [0/2500 (0%)]	Loss: 0.673342
Train Epoch: 217 [1280/2500 (50%)]	Loss: 0.611260

Test set: Average loss: 0.7735, Accuracy: (0.6960)

Train Epoch: 218 [0/2500 (0%)]	Loss: 0.639883
Train Epoch: 218 [1280/2500 (50%)]	Loss: 0.710764

Test set: Average loss: 0.7447, Accuracy: (0.7180)

Train Epoch: 219 [0/2500 (0%)]	Loss: 0.747620
Train Epoch: 219 [1280/2500 (50%)]	Loss: 0.604073

Test set: Average loss: 0.7710, Accuracy: (0.6980)

Train Epoch: 220 [0/2500 (0%)]	Loss: 0.725645
Train Epoch: 220 [1280/2500 (50%)]	Loss: 0.811562

Test set: Average loss: 0.7803, Accuracy: (0.6840)

Train Epoch: 221 [0/2500 (0%)]	Loss: 0.585432
Train Epoch: 221 [1280/2500 (50%)]	Loss: 0.705824

Test set: Average loss: 0.7070, Accuracy: (0.7160)

Train Epoch: 222 [0/2500 (0%)]	Loss: 0.728917
Train Epoch: 222 [1280/2500 (50%)]	Loss: 0.707361

Test set: Average loss: 0.7666, Accuracy: (0.7100)

Train Epoch: 223 [0/2500 (0%)]	Loss: 0.713958
Train Epoch: 223 [1280/2500 (50%)]	Loss: 0.579451

Test set: Average loss: 0.7836, Accuracy: (0.7000)

Train Epoch: 224 [0/2500 (0%)]	Loss: 0.654657
Train Epoch: 224 [1280/2500 (50%)]	Loss: 0.632590

Test set: Average loss: 0.8268, Accuracy: (0.7080)

Train Epoch: 225 [0/2500 (0%)]	Loss: 0.869999
Train Epoch: 225 [1280/2500 (50%)]	Loss: 0.747570

Test set: Average loss: 0.7379, Accuracy: (0.7260)

Train Epoch: 226 [0/2500 (0%)]	Loss: 0.770030
Train Epoch: 226 [1280/2500 (50%)]	Loss: 0.777867

Test set: Average loss: 0.7762, Accuracy: (0.7140)

Train Epoch: 227 [0/2500 (0%)]	Loss: 0.643655
Train Epoch: 227 [1280/2500 (50%)]	Loss: 0.659433

Test set: Average loss: 0.7536, Accuracy: (0.7140)

Train Epoch: 228 [0/2500 (0%)]	Loss: 0.772509
Train Epoch: 228 [1280/2500 (50%)]	Loss: 0.620973

Test set: Average loss: 0.7171, Accuracy: (0.7300)

Train Epoch: 229 [0/2500 (0%)]	Loss: 0.652963
Train Epoch: 229 [1280/2500 (50%)]	Loss: 0.678180

Test set: Average loss: 0.7731, Accuracy: (0.6860)

Train Epoch: 230 [0/2500 (0%)]	Loss: 0.645588
Train Epoch: 230 [1280/2500 (50%)]	Loss: 0.579086

Test set: Average loss: 0.7620, Accuracy: (0.7100)

Train Epoch: 231 [0/2500 (0%)]	Loss: 0.682960
Train Epoch: 231 [1280/2500 (50%)]	Loss: 0.683781

Test set: Average loss: 0.7553, Accuracy: (0.7200)

Train Epoch: 232 [0/2500 (0%)]	Loss: 0.580441
Train Epoch: 232 [1280/2500 (50%)]	Loss: 0.627866

Test set: Average loss: 0.7601, Accuracy: (0.6940)

Train Epoch: 233 [0/2500 (0%)]	Loss: 0.627445
Train Epoch: 233 [1280/2500 (50%)]	Loss: 0.979915

Test set: Average loss: 0.7176, Accuracy: (0.7280)

Train Epoch: 234 [0/2500 (0%)]	Loss: 0.843671
Train Epoch: 234 [1280/2500 (50%)]	Loss: 0.600057

Test set: Average loss: 0.7196, Accuracy: (0.7200)

Train Epoch: 235 [0/2500 (0%)]	Loss: 0.717772
Train Epoch: 235 [1280/2500 (50%)]	Loss: 0.654301

Test set: Average loss: 0.7407, Accuracy: (0.7140)

Train Epoch: 236 [0/2500 (0%)]	Loss: 0.632230
Train Epoch: 236 [1280/2500 (50%)]	Loss: 0.699446

Test set: Average loss: 0.7586, Accuracy: (0.7140)

Train Epoch: 237 [0/2500 (0%)]	Loss: 0.583281
Train Epoch: 237 [1280/2500 (50%)]	Loss: 0.778269

Test set: Average loss: 0.7443, Accuracy: (0.7120)

Train Epoch: 238 [0/2500 (0%)]	Loss: 0.663633
Train Epoch: 238 [1280/2500 (50%)]	Loss: 0.751279

Test set: Average loss: 0.7991, Accuracy: (0.7020)

Train Epoch: 239 [0/2500 (0%)]	Loss: 0.654043
Train Epoch: 239 [1280/2500 (50%)]	Loss: 0.660613

Test set: Average loss: 0.7017, Accuracy: (0.7360)

Train Epoch: 240 [0/2500 (0%)]	Loss: 0.573704
Train Epoch: 240 [1280/2500 (50%)]	Loss: 0.603260

Test set: Average loss: 0.7430, Accuracy: (0.7140)

Train Epoch: 241 [0/2500 (0%)]	Loss: 0.647695
Train Epoch: 241 [1280/2500 (50%)]	Loss: 0.648381

Test set: Average loss: 0.7559, Accuracy: (0.7360)

Train Epoch: 242 [0/2500 (0%)]	Loss: 0.718852
Train Epoch: 242 [1280/2500 (50%)]	Loss: 0.684744

Test set: Average loss: 0.7343, Accuracy: (0.7180)

Train Epoch: 243 [0/2500 (0%)]	Loss: 0.624029
Train Epoch: 243 [1280/2500 (50%)]	Loss: 0.780155

Test set: Average loss: 0.7533, Accuracy: (0.7120)

Train Epoch: 244 [0/2500 (0%)]	Loss: 0.553293
Train Epoch: 244 [1280/2500 (50%)]	Loss: 0.779710

Test set: Average loss: 0.7313, Accuracy: (0.7200)

Train Epoch: 245 [0/2500 (0%)]	Loss: 0.779574
Train Epoch: 245 [1280/2500 (50%)]	Loss: 0.568022

Test set: Average loss: 0.7254, Accuracy: (0.7160)

Train Epoch: 246 [0/2500 (0%)]	Loss: 0.773214
Train Epoch: 246 [1280/2500 (50%)]	Loss: 0.588568

Test set: Average loss: 0.7317, Accuracy: (0.7200)

Train Epoch: 247 [0/2500 (0%)]	Loss: 0.653090
Train Epoch: 247 [1280/2500 (50%)]	Loss: 0.725238

Test set: Average loss: 0.7210, Accuracy: (0.7200)

Train Epoch: 248 [0/2500 (0%)]	Loss: 0.619002
Train Epoch: 248 [1280/2500 (50%)]	Loss: 0.749496

Test set: Average loss: 0.7477, Accuracy: (0.7020)

Train Epoch: 249 [0/2500 (0%)]	Loss: 0.622373
Train Epoch: 249 [1280/2500 (50%)]	Loss: 0.602590

Test set: Average loss: 0.7129, Accuracy: (0.7320)

Train Epoch: 250 [0/2500 (0%)]	Loss: 0.665591
Train Epoch: 250 [1280/2500 (50%)]	Loss: 0.683537

Test set: Average loss: 0.6997, Accuracy: (0.7340)

Task RandSplitCIFAR100: 1
Train Epoch: 1 [0/2500 (0%)]	Loss: 1.585848
Train Epoch: 1 [1280/2500 (50%)]	Loss: 1.318607

Test set: Average loss: 1.3289, Accuracy: (0.3960)

Train Epoch: 2 [0/2500 (0%)]	Loss: 1.212268
Train Epoch: 2 [1280/2500 (50%)]	Loss: 1.241177

Test set: Average loss: 1.1592, Accuracy: (0.5080)

Train Epoch: 3 [0/2500 (0%)]	Loss: 1.203135
Train Epoch: 3 [1280/2500 (50%)]	Loss: 1.220430

Test set: Average loss: 1.1756, Accuracy: (0.5140)

Train Epoch: 4 [0/2500 (0%)]	Loss: 1.142090
Train Epoch: 4 [1280/2500 (50%)]	Loss: 1.279083

Test set: Average loss: 1.1184, Accuracy: (0.5300)

Train Epoch: 5 [0/2500 (0%)]	Loss: 1.164529
Train Epoch: 5 [1280/2500 (50%)]	Loss: 1.008307

Test set: Average loss: 1.1316, Accuracy: (0.5300)

Train Epoch: 6 [0/2500 (0%)]	Loss: 1.023039
Train Epoch: 6 [1280/2500 (50%)]	Loss: 0.976417

Test set: Average loss: 1.0957, Accuracy: (0.5420)

Train Epoch: 7 [0/2500 (0%)]	Loss: 1.055465
Train Epoch: 7 [1280/2500 (50%)]	Loss: 0.960819

Test set: Average loss: 1.0364, Accuracy: (0.5680)

Train Epoch: 8 [0/2500 (0%)]	Loss: 1.029089
Train Epoch: 8 [1280/2500 (50%)]	Loss: 1.061084

Test set: Average loss: 1.0748, Accuracy: (0.5740)

Train Epoch: 9 [0/2500 (0%)]	Loss: 0.936835
Train Epoch: 9 [1280/2500 (50%)]	Loss: 1.003505

Test set: Average loss: 1.1237, Accuracy: (0.5460)

Train Epoch: 10 [0/2500 (0%)]	Loss: 1.010646
Train Epoch: 10 [1280/2500 (50%)]	Loss: 0.985317

Test set: Average loss: 1.0707, Accuracy: (0.5660)

Train Epoch: 11 [0/2500 (0%)]	Loss: 0.846199
Train Epoch: 11 [1280/2500 (50%)]	Loss: 1.006554

Test set: Average loss: 1.0837, Accuracy: (0.5680)

Train Epoch: 12 [0/2500 (0%)]	Loss: 0.935521
Train Epoch: 12 [1280/2500 (50%)]	Loss: 1.004066

Test set: Average loss: 1.0712, Accuracy: (0.5720)

Train Epoch: 13 [0/2500 (0%)]	Loss: 1.040010
Train Epoch: 13 [1280/2500 (50%)]	Loss: 1.136021

Test set: Average loss: 1.0173, Accuracy: (0.5920)

Train Epoch: 14 [0/2500 (0%)]	Loss: 0.872699
Train Epoch: 14 [1280/2500 (50%)]	Loss: 0.964827

Test set: Average loss: 1.0127, Accuracy: (0.5760)

Train Epoch: 15 [0/2500 (0%)]	Loss: 1.027133
Train Epoch: 15 [1280/2500 (50%)]	Loss: 1.082316

Test set: Average loss: 1.0351, Accuracy: (0.5600)

Train Epoch: 16 [0/2500 (0%)]	Loss: 0.904533
Train Epoch: 16 [1280/2500 (50%)]	Loss: 0.939907

Test set: Average loss: 1.0066, Accuracy: (0.5920)

Train Epoch: 17 [0/2500 (0%)]	Loss: 0.918532
Train Epoch: 17 [1280/2500 (50%)]	Loss: 0.981317

Test set: Average loss: 1.0113, Accuracy: (0.5860)

Train Epoch: 18 [0/2500 (0%)]	Loss: 0.965000
Train Epoch: 18 [1280/2500 (50%)]	Loss: 0.984494

Test set: Average loss: 1.0376, Accuracy: (0.5740)

Train Epoch: 19 [0/2500 (0%)]	Loss: 1.099903
Train Epoch: 19 [1280/2500 (50%)]	Loss: 0.984315

Test set: Average loss: 1.0366, Accuracy: (0.5700)

Train Epoch: 20 [0/2500 (0%)]	Loss: 1.049490
Train Epoch: 20 [1280/2500 (50%)]	Loss: 0.903001

Test set: Average loss: 0.9902, Accuracy: (0.6080)

Train Epoch: 21 [0/2500 (0%)]	Loss: 0.820693
Train Epoch: 21 [1280/2500 (50%)]	Loss: 0.899702

Test set: Average loss: 0.9565, Accuracy: (0.6020)

Train Epoch: 22 [0/2500 (0%)]	Loss: 0.848700
Train Epoch: 22 [1280/2500 (50%)]	Loss: 0.909126

Test set: Average loss: 0.9498, Accuracy: (0.6220)

Train Epoch: 23 [0/2500 (0%)]	Loss: 0.939324
Train Epoch: 23 [1280/2500 (50%)]	Loss: 0.966660

Test set: Average loss: 0.9336, Accuracy: (0.6220)

Train Epoch: 24 [0/2500 (0%)]	Loss: 0.857244
Train Epoch: 24 [1280/2500 (50%)]	Loss: 0.921366

Test set: Average loss: 0.9328, Accuracy: (0.5980)

Train Epoch: 25 [0/2500 (0%)]	Loss: 0.855459
Train Epoch: 25 [1280/2500 (50%)]	Loss: 0.835519

Test set: Average loss: 0.9335, Accuracy: (0.6140)

Train Epoch: 26 [0/2500 (0%)]	Loss: 0.912206
Train Epoch: 26 [1280/2500 (50%)]	Loss: 0.730627

Test set: Average loss: 1.0465, Accuracy: (0.5800)

Train Epoch: 27 [0/2500 (0%)]	Loss: 0.952748
Train Epoch: 27 [1280/2500 (50%)]	Loss: 0.987251

Test set: Average loss: 0.9115, Accuracy: (0.6460)

Train Epoch: 28 [0/2500 (0%)]	Loss: 0.911977
Train Epoch: 28 [1280/2500 (50%)]	Loss: 0.843665

Test set: Average loss: 0.9606, Accuracy: (0.6100)

Train Epoch: 29 [0/2500 (0%)]	Loss: 0.915795
Train Epoch: 29 [1280/2500 (50%)]	Loss: 0.913696

Test set: Average loss: 1.0352, Accuracy: (0.5880)

Train Epoch: 30 [0/2500 (0%)]	Loss: 0.899492
Train Epoch: 30 [1280/2500 (50%)]	Loss: 0.755341

Test set: Average loss: 0.8976, Accuracy: (0.6520)

Train Epoch: 31 [0/2500 (0%)]	Loss: 0.920767
Train Epoch: 31 [1280/2500 (50%)]	Loss: 0.719509

Test set: Average loss: 0.8966, Accuracy: (0.6240)

Train Epoch: 32 [0/2500 (0%)]	Loss: 0.829573
Train Epoch: 32 [1280/2500 (50%)]	Loss: 0.969055

Test set: Average loss: 0.8571, Accuracy: (0.6620)

Train Epoch: 33 [0/2500 (0%)]	Loss: 0.962529
Train Epoch: 33 [1280/2500 (50%)]	Loss: 1.003439

Test set: Average loss: 0.8663, Accuracy: (0.6320)

Train Epoch: 34 [0/2500 (0%)]	Loss: 0.867204
Train Epoch: 34 [1280/2500 (50%)]	Loss: 0.976082

Test set: Average loss: 0.8662, Accuracy: (0.6640)

Train Epoch: 35 [0/2500 (0%)]	Loss: 0.780143
Train Epoch: 35 [1280/2500 (50%)]	Loss: 0.902911

Test set: Average loss: 0.8797, Accuracy: (0.6500)

Train Epoch: 36 [0/2500 (0%)]	Loss: 0.815653
Train Epoch: 36 [1280/2500 (50%)]	Loss: 0.780335

Test set: Average loss: 0.8997, Accuracy: (0.6440)

Train Epoch: 37 [0/2500 (0%)]	Loss: 0.874688
Train Epoch: 37 [1280/2500 (50%)]	Loss: 0.851176

Test set: Average loss: 0.8438, Accuracy: (0.6440)

Train Epoch: 38 [0/2500 (0%)]	Loss: 0.713924
Train Epoch: 38 [1280/2500 (50%)]	Loss: 0.821944

Test set: Average loss: 0.8860, Accuracy: (0.6600)

Train Epoch: 39 [0/2500 (0%)]	Loss: 0.804888
Train Epoch: 39 [1280/2500 (50%)]	Loss: 0.847128

Test set: Average loss: 0.8719, Accuracy: (0.6420)

Train Epoch: 40 [0/2500 (0%)]	Loss: 0.856777
Train Epoch: 40 [1280/2500 (50%)]	Loss: 0.878454

Test set: Average loss: 0.8203, Accuracy: (0.6600)

Train Epoch: 41 [0/2500 (0%)]	Loss: 0.828335
Train Epoch: 41 [1280/2500 (50%)]	Loss: 0.843341

Test set: Average loss: 0.8726, Accuracy: (0.6300)

Train Epoch: 42 [0/2500 (0%)]	Loss: 0.690796
Train Epoch: 42 [1280/2500 (50%)]	Loss: 0.712793

Test set: Average loss: 0.8484, Accuracy: (0.6680)

Train Epoch: 43 [0/2500 (0%)]	Loss: 0.843354
Train Epoch: 43 [1280/2500 (50%)]	Loss: 0.682555

Test set: Average loss: 0.8590, Accuracy: (0.6640)

Train Epoch: 44 [0/2500 (0%)]	Loss: 0.924809
Train Epoch: 44 [1280/2500 (50%)]	Loss: 0.798357

Test set: Average loss: 0.8377, Accuracy: (0.6620)

Train Epoch: 45 [0/2500 (0%)]	Loss: 0.839822
Train Epoch: 45 [1280/2500 (50%)]	Loss: 0.774070

Test set: Average loss: 0.8932, Accuracy: (0.6400)

Train Epoch: 46 [0/2500 (0%)]	Loss: 0.810351
Train Epoch: 46 [1280/2500 (50%)]	Loss: 0.947555

Test set: Average loss: 0.8481, Accuracy: (0.6720)

Train Epoch: 47 [0/2500 (0%)]	Loss: 0.985525
Train Epoch: 47 [1280/2500 (50%)]	Loss: 0.956644

Test set: Average loss: 0.8984, Accuracy: (0.6320)

Train Epoch: 48 [0/2500 (0%)]	Loss: 0.857959
Train Epoch: 48 [1280/2500 (50%)]	Loss: 0.924458

Test set: Average loss: 0.8582, Accuracy: (0.6700)

Train Epoch: 49 [0/2500 (0%)]	Loss: 0.686246
Train Epoch: 49 [1280/2500 (50%)]	Loss: 0.788478

Test set: Average loss: 0.8028, Accuracy: (0.6940)

Train Epoch: 50 [0/2500 (0%)]	Loss: 0.744980
Train Epoch: 50 [1280/2500 (50%)]	Loss: 0.910801

Test set: Average loss: 0.8502, Accuracy: (0.6880)

Train Epoch: 51 [0/2500 (0%)]	Loss: 0.843175
Train Epoch: 51 [1280/2500 (50%)]	Loss: 0.755044

Test set: Average loss: 0.9066, Accuracy: (0.6440)

Train Epoch: 52 [0/2500 (0%)]	Loss: 0.828056
Train Epoch: 52 [1280/2500 (50%)]	Loss: 0.884254

Test set: Average loss: 0.8065, Accuracy: (0.6840)

Train Epoch: 53 [0/2500 (0%)]	Loss: 0.780964
Train Epoch: 53 [1280/2500 (50%)]	Loss: 0.880914

Test set: Average loss: 0.8717, Accuracy: (0.6660)

Train Epoch: 54 [0/2500 (0%)]	Loss: 0.808262
Train Epoch: 54 [1280/2500 (50%)]	Loss: 0.928362

Test set: Average loss: 0.8744, Accuracy: (0.6580)

Train Epoch: 55 [0/2500 (0%)]	Loss: 0.775677
Train Epoch: 55 [1280/2500 (50%)]	Loss: 0.905438

Test set: Average loss: 0.8236, Accuracy: (0.6840)

Train Epoch: 56 [0/2500 (0%)]	Loss: 0.930149
Train Epoch: 56 [1280/2500 (50%)]	Loss: 0.759677

Test set: Average loss: 0.8739, Accuracy: (0.6600)

Train Epoch: 57 [0/2500 (0%)]	Loss: 0.748963
Train Epoch: 57 [1280/2500 (50%)]	Loss: 0.715167

Test set: Average loss: 0.8839, Accuracy: (0.6600)

Train Epoch: 58 [0/2500 (0%)]	Loss: 0.682751
Train Epoch: 58 [1280/2500 (50%)]	Loss: 0.829494

Test set: Average loss: 0.9051, Accuracy: (0.6600)

Train Epoch: 59 [0/2500 (0%)]	Loss: 0.943511
Train Epoch: 59 [1280/2500 (50%)]	Loss: 0.729459

Test set: Average loss: 0.8670, Accuracy: (0.6680)

Train Epoch: 60 [0/2500 (0%)]	Loss: 0.722593
Train Epoch: 60 [1280/2500 (50%)]	Loss: 0.729230

Test set: Average loss: 0.8529, Accuracy: (0.6720)

Train Epoch: 61 [0/2500 (0%)]	Loss: 0.722782
Train Epoch: 61 [1280/2500 (50%)]	Loss: 0.772842

Test set: Average loss: 0.8647, Accuracy: (0.6760)

Train Epoch: 62 [0/2500 (0%)]	Loss: 0.773122
Train Epoch: 62 [1280/2500 (50%)]	Loss: 0.825987

Test set: Average loss: 0.8545, Accuracy: (0.6700)

Train Epoch: 63 [0/2500 (0%)]	Loss: 0.752059
Train Epoch: 63 [1280/2500 (50%)]	Loss: 0.777197

Test set: Average loss: 0.8699, Accuracy: (0.6560)

Train Epoch: 64 [0/2500 (0%)]	Loss: 0.679588
Train Epoch: 64 [1280/2500 (50%)]	Loss: 0.744225

Test set: Average loss: 0.7994, Accuracy: (0.6720)

Train Epoch: 65 [0/2500 (0%)]	Loss: 0.822609
Train Epoch: 65 [1280/2500 (50%)]	Loss: 0.873222

Test set: Average loss: 0.8670, Accuracy: (0.6460)

Train Epoch: 66 [0/2500 (0%)]	Loss: 0.727289
Train Epoch: 66 [1280/2500 (50%)]	Loss: 0.782890

Test set: Average loss: 0.8440, Accuracy: (0.6760)

Train Epoch: 67 [0/2500 (0%)]	Loss: 0.850475
Train Epoch: 67 [1280/2500 (50%)]	Loss: 0.849668

Test set: Average loss: 0.8304, Accuracy: (0.6520)

Train Epoch: 68 [0/2500 (0%)]	Loss: 0.920331
Train Epoch: 68 [1280/2500 (50%)]	Loss: 0.918202

Test set: Average loss: 0.8047, Accuracy: (0.6740)

Train Epoch: 69 [0/2500 (0%)]	Loss: 0.776276
Train Epoch: 69 [1280/2500 (50%)]	Loss: 0.765387

Test set: Average loss: 0.7839, Accuracy: (0.6940)

Train Epoch: 70 [0/2500 (0%)]	Loss: 0.779328
Train Epoch: 70 [1280/2500 (50%)]	Loss: 0.689718

Test set: Average loss: 0.8167, Accuracy: (0.6760)

Train Epoch: 71 [0/2500 (0%)]	Loss: 0.844497
Train Epoch: 71 [1280/2500 (50%)]	Loss: 0.822714

Test set: Average loss: 0.8054, Accuracy: (0.6880)

Train Epoch: 72 [0/2500 (0%)]	Loss: 0.752017
Train Epoch: 72 [1280/2500 (50%)]	Loss: 0.689347

Test set: Average loss: 0.8198, Accuracy: (0.6540)

Train Epoch: 73 [0/2500 (0%)]	Loss: 0.574748
Train Epoch: 73 [1280/2500 (50%)]	Loss: 0.757624

Test set: Average loss: 0.8472, Accuracy: (0.6680)

Train Epoch: 74 [0/2500 (0%)]	Loss: 0.796569
Train Epoch: 74 [1280/2500 (50%)]	Loss: 0.877523

Test set: Average loss: 0.7612, Accuracy: (0.7120)

Train Epoch: 75 [0/2500 (0%)]	Loss: 0.637627
Train Epoch: 75 [1280/2500 (50%)]	Loss: 0.689033

Test set: Average loss: 0.8141, Accuracy: (0.6900)

Train Epoch: 76 [0/2500 (0%)]	Loss: 0.678478
Train Epoch: 76 [1280/2500 (50%)]	Loss: 1.039886

Test set: Average loss: 0.8597, Accuracy: (0.6780)

Train Epoch: 77 [0/2500 (0%)]	Loss: 0.768087
Train Epoch: 77 [1280/2500 (50%)]	Loss: 0.733391

Test set: Average loss: 0.8197, Accuracy: (0.6820)

Train Epoch: 78 [0/2500 (0%)]	Loss: 0.775902
Train Epoch: 78 [1280/2500 (50%)]	Loss: 0.725369

Test set: Average loss: 0.8170, Accuracy: (0.6700)

Train Epoch: 79 [0/2500 (0%)]	Loss: 0.652937
Train Epoch: 79 [1280/2500 (50%)]	Loss: 0.728601

Test set: Average loss: 0.8466, Accuracy: (0.6560)

Train Epoch: 80 [0/2500 (0%)]	Loss: 0.864909
Train Epoch: 80 [1280/2500 (50%)]	Loss: 0.691703

Test set: Average loss: 0.7926, Accuracy: (0.6880)

Train Epoch: 81 [0/2500 (0%)]	Loss: 0.839176
Train Epoch: 81 [1280/2500 (50%)]	Loss: 0.694450

Test set: Average loss: 0.8177, Accuracy: (0.6940)

Train Epoch: 82 [0/2500 (0%)]	Loss: 0.758583
Train Epoch: 82 [1280/2500 (50%)]	Loss: 0.644760

Test set: Average loss: 0.8086, Accuracy: (0.7000)

Train Epoch: 83 [0/2500 (0%)]	Loss: 0.695599
Train Epoch: 83 [1280/2500 (50%)]	Loss: 0.842308

Test set: Average loss: 0.7878, Accuracy: (0.7020)

Train Epoch: 84 [0/2500 (0%)]	Loss: 0.776156
Train Epoch: 84 [1280/2500 (50%)]	Loss: 0.761964

Test set: Average loss: 0.7750, Accuracy: (0.7000)

Train Epoch: 85 [0/2500 (0%)]	Loss: 0.687926
Train Epoch: 85 [1280/2500 (50%)]	Loss: 0.768342

Test set: Average loss: 0.7911, Accuracy: (0.6900)

Train Epoch: 86 [0/2500 (0%)]	Loss: 0.767544
Train Epoch: 86 [1280/2500 (50%)]	Loss: 0.793594

Test set: Average loss: 0.7421, Accuracy: (0.6980)

Train Epoch: 87 [0/2500 (0%)]	Loss: 0.800206
Train Epoch: 87 [1280/2500 (50%)]	Loss: 0.706372

Test set: Average loss: 0.8122, Accuracy: (0.6780)

Train Epoch: 88 [0/2500 (0%)]	Loss: 0.651052
Train Epoch: 88 [1280/2500 (50%)]	Loss: 0.624282

Test set: Average loss: 0.7321, Accuracy: (0.7080)

Train Epoch: 89 [0/2500 (0%)]	Loss: 0.657447
Train Epoch: 89 [1280/2500 (50%)]	Loss: 0.706876

Test set: Average loss: 0.7786, Accuracy: (0.6660)

Train Epoch: 90 [0/2500 (0%)]	Loss: 0.805175
Train Epoch: 90 [1280/2500 (50%)]	Loss: 0.734788

Test set: Average loss: 0.7708, Accuracy: (0.7100)

Train Epoch: 91 [0/2500 (0%)]	Loss: 0.681080
Train Epoch: 91 [1280/2500 (50%)]	Loss: 0.815535

Test set: Average loss: 0.7535, Accuracy: (0.7040)

Train Epoch: 92 [0/2500 (0%)]	Loss: 0.656938
Train Epoch: 92 [1280/2500 (50%)]	Loss: 0.815156

Test set: Average loss: 0.7823, Accuracy: (0.6880)

Train Epoch: 93 [0/2500 (0%)]	Loss: 0.813959
Train Epoch: 93 [1280/2500 (50%)]	Loss: 0.729447

Test set: Average loss: 0.7974, Accuracy: (0.6900)

Train Epoch: 94 [0/2500 (0%)]	Loss: 0.676484
Train Epoch: 94 [1280/2500 (50%)]	Loss: 0.709374

Test set: Average loss: 0.7699, Accuracy: (0.7060)

Train Epoch: 95 [0/2500 (0%)]	Loss: 0.687857
Train Epoch: 95 [1280/2500 (50%)]	Loss: 0.769548

Test set: Average loss: 0.7720, Accuracy: (0.7100)

Train Epoch: 96 [0/2500 (0%)]	Loss: 0.746896
Train Epoch: 96 [1280/2500 (50%)]	Loss: 0.766563

Test set: Average loss: 0.7458, Accuracy: (0.6860)

Train Epoch: 97 [0/2500 (0%)]	Loss: 0.735369
Train Epoch: 97 [1280/2500 (50%)]	Loss: 0.756091

Test set: Average loss: 0.8330, Accuracy: (0.6780)

Train Epoch: 98 [0/2500 (0%)]	Loss: 0.840840
Train Epoch: 98 [1280/2500 (50%)]	Loss: 0.711101

Test set: Average loss: 0.8190, Accuracy: (0.7000)

Train Epoch: 99 [0/2500 (0%)]	Loss: 0.721239
Train Epoch: 99 [1280/2500 (50%)]	Loss: 0.718292

Test set: Average loss: 0.7455, Accuracy: (0.7100)

Train Epoch: 100 [0/2500 (0%)]	Loss: 0.638140
Train Epoch: 100 [1280/2500 (50%)]	Loss: 0.790769

Test set: Average loss: 0.7794, Accuracy: (0.7020)

Train Epoch: 101 [0/2500 (0%)]	Loss: 0.775487
Train Epoch: 101 [1280/2500 (50%)]	Loss: 0.719115

Test set: Average loss: 0.7703, Accuracy: (0.7100)

Train Epoch: 102 [0/2500 (0%)]	Loss: 0.582996
Train Epoch: 102 [1280/2500 (50%)]	Loss: 0.722865

Test set: Average loss: 0.7851, Accuracy: (0.6920)

Train Epoch: 103 [0/2500 (0%)]	Loss: 0.487618
Train Epoch: 103 [1280/2500 (50%)]	Loss: 0.824972

Test set: Average loss: 0.7513, Accuracy: (0.7080)

Train Epoch: 104 [0/2500 (0%)]	Loss: 0.675407
Train Epoch: 104 [1280/2500 (50%)]	Loss: 0.678635

Test set: Average loss: 0.7490, Accuracy: (0.6940)

Train Epoch: 105 [0/2500 (0%)]	Loss: 0.660926
Train Epoch: 105 [1280/2500 (50%)]	Loss: 0.776235

Test set: Average loss: 0.7774, Accuracy: (0.7120)

Train Epoch: 106 [0/2500 (0%)]	Loss: 0.651190
Train Epoch: 106 [1280/2500 (50%)]	Loss: 0.765802

Test set: Average loss: 0.7609, Accuracy: (0.7000)

Train Epoch: 107 [0/2500 (0%)]	Loss: 0.693003
Train Epoch: 107 [1280/2500 (50%)]	Loss: 0.756893

Test set: Average loss: 0.7701, Accuracy: (0.7280)

Train Epoch: 108 [0/2500 (0%)]	Loss: 0.660177
Train Epoch: 108 [1280/2500 (50%)]	Loss: 0.634439

Test set: Average loss: 0.7598, Accuracy: (0.7120)

Train Epoch: 109 [0/2500 (0%)]	Loss: 0.732746
Train Epoch: 109 [1280/2500 (50%)]	Loss: 0.712157

Test set: Average loss: 0.7355, Accuracy: (0.7060)

Train Epoch: 110 [0/2500 (0%)]	Loss: 0.657571
Train Epoch: 110 [1280/2500 (50%)]	Loss: 0.816179

Test set: Average loss: 0.7622, Accuracy: (0.6980)

Train Epoch: 111 [0/2500 (0%)]	Loss: 0.568951
Train Epoch: 111 [1280/2500 (50%)]	Loss: 0.767267

Test set: Average loss: 0.8110, Accuracy: (0.6860)

Train Epoch: 112 [0/2500 (0%)]	Loss: 0.657363
Train Epoch: 112 [1280/2500 (50%)]	Loss: 0.683366

Test set: Average loss: 0.7767, Accuracy: (0.7000)

Train Epoch: 113 [0/2500 (0%)]	Loss: 0.747648
Train Epoch: 113 [1280/2500 (50%)]	Loss: 0.807307

Test set: Average loss: 0.7328, Accuracy: (0.7040)

Train Epoch: 114 [0/2500 (0%)]	Loss: 0.849466
Train Epoch: 114 [1280/2500 (50%)]	Loss: 0.671129

Test set: Average loss: 0.7552, Accuracy: (0.7160)

Train Epoch: 115 [0/2500 (0%)]	Loss: 0.777853
Train Epoch: 115 [1280/2500 (50%)]	Loss: 0.923292

Test set: Average loss: 0.7500, Accuracy: (0.7060)

Train Epoch: 116 [0/2500 (0%)]	Loss: 0.675354
Train Epoch: 116 [1280/2500 (50%)]	Loss: 0.667073

Test set: Average loss: 0.7474, Accuracy: (0.6940)

Train Epoch: 117 [0/2500 (0%)]	Loss: 0.815689
Train Epoch: 117 [1280/2500 (50%)]	Loss: 0.688823

Test set: Average loss: 0.7750, Accuracy: (0.7220)

Train Epoch: 118 [0/2500 (0%)]	Loss: 0.614975
Train Epoch: 118 [1280/2500 (50%)]	Loss: 0.937550

Test set: Average loss: 0.7495, Accuracy: (0.7220)

Train Epoch: 119 [0/2500 (0%)]	Loss: 0.754449
Train Epoch: 119 [1280/2500 (50%)]	Loss: 0.742875

Test set: Average loss: 0.7316, Accuracy: (0.7200)

Train Epoch: 120 [0/2500 (0%)]	Loss: 0.631835
Train Epoch: 120 [1280/2500 (50%)]	Loss: 0.619993

Test set: Average loss: 0.7537, Accuracy: (0.6820)

Train Epoch: 121 [0/2500 (0%)]	Loss: 0.685758
Train Epoch: 121 [1280/2500 (50%)]	Loss: 0.636655

Test set: Average loss: 0.7617, Accuracy: (0.7100)

Train Epoch: 122 [0/2500 (0%)]	Loss: 0.749551
Train Epoch: 122 [1280/2500 (50%)]	Loss: 0.705300

Test set: Average loss: 0.7334, Accuracy: (0.7200)

Train Epoch: 123 [0/2500 (0%)]	Loss: 0.524241
Train Epoch: 123 [1280/2500 (50%)]	Loss: 0.741853

Test set: Average loss: 0.7691, Accuracy: (0.6940)

Train Epoch: 124 [0/2500 (0%)]	Loss: 0.534016
Train Epoch: 124 [1280/2500 (50%)]	Loss: 0.668911

Test set: Average loss: 0.7023, Accuracy: (0.7480)

Train Epoch: 125 [0/2500 (0%)]	Loss: 0.690147
Train Epoch: 125 [1280/2500 (50%)]	Loss: 0.708949

Test set: Average loss: 0.7336, Accuracy: (0.7280)

Train Epoch: 126 [0/2500 (0%)]	Loss: 0.706366
Train Epoch: 126 [1280/2500 (50%)]	Loss: 0.696832

Test set: Average loss: 0.7571, Accuracy: (0.7000)

Train Epoch: 127 [0/2500 (0%)]	Loss: 0.814017
Train Epoch: 127 [1280/2500 (50%)]	Loss: 0.558245

Test set: Average loss: 0.7176, Accuracy: (0.7200)

Train Epoch: 128 [0/2500 (0%)]	Loss: 0.689072
Train Epoch: 128 [1280/2500 (50%)]	Loss: 0.699335

Test set: Average loss: 0.7324, Accuracy: (0.7340)

Train Epoch: 129 [0/2500 (0%)]	Loss: 0.662060
Train Epoch: 129 [1280/2500 (50%)]	Loss: 0.655726

Test set: Average loss: 0.7458, Accuracy: (0.7160)

Train Epoch: 130 [0/2500 (0%)]	Loss: 0.645697
Train Epoch: 130 [1280/2500 (50%)]	Loss: 0.723046

Test set: Average loss: 0.7057, Accuracy: (0.7180)

Train Epoch: 131 [0/2500 (0%)]	Loss: 0.671926
Train Epoch: 131 [1280/2500 (50%)]	Loss: 0.652339

Test set: Average loss: 0.7549, Accuracy: (0.7140)

Train Epoch: 132 [0/2500 (0%)]	Loss: 0.585672
Train Epoch: 132 [1280/2500 (50%)]	Loss: 0.620851

Test set: Average loss: 0.7098, Accuracy: (0.7200)

Train Epoch: 133 [0/2500 (0%)]	Loss: 0.676696
Train Epoch: 133 [1280/2500 (50%)]	Loss: 0.791132

Test set: Average loss: 0.7562, Accuracy: (0.7040)

Train Epoch: 134 [0/2500 (0%)]	Loss: 0.658464
Train Epoch: 134 [1280/2500 (50%)]	Loss: 0.776332

Test set: Average loss: 0.7456, Accuracy: (0.7160)

Train Epoch: 135 [0/2500 (0%)]	Loss: 0.600084
Train Epoch: 135 [1280/2500 (50%)]	Loss: 0.620081

Test set: Average loss: 0.7292, Accuracy: (0.7060)

Train Epoch: 136 [0/2500 (0%)]	Loss: 0.661050
Train Epoch: 136 [1280/2500 (50%)]	Loss: 0.604057

Test set: Average loss: 0.7700, Accuracy: (0.7140)

Train Epoch: 137 [0/2500 (0%)]	Loss: 0.715529
Train Epoch: 137 [1280/2500 (50%)]	Loss: 0.661440

Test set: Average loss: 0.7547, Accuracy: (0.7080)

Train Epoch: 138 [0/2500 (0%)]	Loss: 0.734907
Train Epoch: 138 [1280/2500 (50%)]	Loss: 0.662443

Test set: Average loss: 0.7179, Accuracy: (0.7360)

Train Epoch: 139 [0/2500 (0%)]	Loss: 0.787146
Train Epoch: 139 [1280/2500 (50%)]	Loss: 0.698825

Test set: Average loss: 0.7319, Accuracy: (0.7060)

Train Epoch: 140 [0/2500 (0%)]	Loss: 0.642047
Train Epoch: 140 [1280/2500 (50%)]	Loss: 0.733445

Test set: Average loss: 0.7226, Accuracy: (0.7240)

Train Epoch: 141 [0/2500 (0%)]	Loss: 0.600205
Train Epoch: 141 [1280/2500 (50%)]	Loss: 0.670688

Test set: Average loss: 0.7623, Accuracy: (0.6840)

Train Epoch: 142 [0/2500 (0%)]	Loss: 0.633354
Train Epoch: 142 [1280/2500 (50%)]	Loss: 0.573044

Test set: Average loss: 0.7946, Accuracy: (0.7000)

Train Epoch: 143 [0/2500 (0%)]	Loss: 0.560843
Train Epoch: 143 [1280/2500 (50%)]	Loss: 0.600306

Test set: Average loss: 0.7692, Accuracy: (0.7100)

Train Epoch: 144 [0/2500 (0%)]	Loss: 0.630106
Train Epoch: 144 [1280/2500 (50%)]	Loss: 0.747372

Test set: Average loss: 0.7590, Accuracy: (0.7140)

Train Epoch: 145 [0/2500 (0%)]	Loss: 0.838838
Train Epoch: 145 [1280/2500 (50%)]	Loss: 0.696578

Test set: Average loss: 0.7220, Accuracy: (0.7160)

Train Epoch: 146 [0/2500 (0%)]	Loss: 0.698088
Train Epoch: 146 [1280/2500 (50%)]	Loss: 0.621593

Test set: Average loss: 0.7505, Accuracy: (0.7100)

Train Epoch: 147 [0/2500 (0%)]	Loss: 0.551282
Train Epoch: 147 [1280/2500 (50%)]	Loss: 0.683002

Test set: Average loss: 0.7615, Accuracy: (0.7080)

Train Epoch: 148 [0/2500 (0%)]	Loss: 0.775743
Train Epoch: 148 [1280/2500 (50%)]	Loss: 0.808708

Test set: Average loss: 0.7644, Accuracy: (0.7040)

Train Epoch: 149 [0/2500 (0%)]	Loss: 0.674707
Train Epoch: 149 [1280/2500 (50%)]	Loss: 0.682165

Test set: Average loss: 0.7280, Accuracy: (0.7240)

Train Epoch: 150 [0/2500 (0%)]	Loss: 0.579890
Train Epoch: 150 [1280/2500 (50%)]	Loss: 0.745577

Test set: Average loss: 0.7520, Accuracy: (0.7020)

Train Epoch: 151 [0/2500 (0%)]	Loss: 0.608459
Train Epoch: 151 [1280/2500 (50%)]	Loss: 0.722874

Test set: Average loss: 0.7658, Accuracy: (0.7160)

Train Epoch: 152 [0/2500 (0%)]	Loss: 0.736809
Train Epoch: 152 [1280/2500 (50%)]	Loss: 0.733944

Test set: Average loss: 0.7449, Accuracy: (0.7080)

Train Epoch: 153 [0/2500 (0%)]	Loss: 0.554532
Train Epoch: 153 [1280/2500 (50%)]	Loss: 0.647256

Test set: Average loss: 0.7593, Accuracy: (0.7300)

Train Epoch: 154 [0/2500 (0%)]	Loss: 0.747548
Train Epoch: 154 [1280/2500 (50%)]	Loss: 0.591193

Test set: Average loss: 0.7590, Accuracy: (0.7180)

Train Epoch: 155 [0/2500 (0%)]	Loss: 0.634545
Train Epoch: 155 [1280/2500 (50%)]	Loss: 0.626909

Test set: Average loss: 0.7509, Accuracy: (0.7160)

Train Epoch: 156 [0/2500 (0%)]	Loss: 0.602540
Train Epoch: 156 [1280/2500 (50%)]	Loss: 0.841787

Test set: Average loss: 0.7541, Accuracy: (0.7100)

Train Epoch: 157 [0/2500 (0%)]	Loss: 0.564042
Train Epoch: 157 [1280/2500 (50%)]	Loss: 0.663195

Test set: Average loss: 0.7432, Accuracy: (0.7160)

Train Epoch: 158 [0/2500 (0%)]	Loss: 0.573610
Train Epoch: 158 [1280/2500 (50%)]	Loss: 0.576456

Test set: Average loss: 0.7029, Accuracy: (0.7380)

Train Epoch: 159 [0/2500 (0%)]	Loss: 0.640148
Train Epoch: 159 [1280/2500 (50%)]	Loss: 0.692326

Test set: Average loss: 0.7518, Accuracy: (0.7260)

Train Epoch: 160 [0/2500 (0%)]	Loss: 0.632365
Train Epoch: 160 [1280/2500 (50%)]	Loss: 0.624502

Test set: Average loss: 0.7035, Accuracy: (0.7460)

Train Epoch: 161 [0/2500 (0%)]	Loss: 0.655033
Train Epoch: 161 [1280/2500 (50%)]	Loss: 0.805928

Test set: Average loss: 0.7054, Accuracy: (0.7340)

Train Epoch: 162 [0/2500 (0%)]	Loss: 0.732594
Train Epoch: 162 [1280/2500 (50%)]	Loss: 0.561527

Test set: Average loss: 0.7638, Accuracy: (0.7040)

Train Epoch: 163 [0/2500 (0%)]	Loss: 0.670271
Train Epoch: 163 [1280/2500 (50%)]	Loss: 0.641276

Test set: Average loss: 0.7538, Accuracy: (0.7220)

Train Epoch: 164 [0/2500 (0%)]	Loss: 0.531551
Train Epoch: 164 [1280/2500 (50%)]	Loss: 0.656158

Test set: Average loss: 0.7134, Accuracy: (0.7140)

Train Epoch: 165 [0/2500 (0%)]	Loss: 0.565821
Train Epoch: 165 [1280/2500 (50%)]	Loss: 0.715511

Test set: Average loss: 0.6908, Accuracy: (0.7320)

Train Epoch: 166 [0/2500 (0%)]	Loss: 0.747349
Train Epoch: 166 [1280/2500 (50%)]	Loss: 0.662090

Test set: Average loss: 0.7224, Accuracy: (0.7320)

Train Epoch: 167 [0/2500 (0%)]	Loss: 0.665274
Train Epoch: 167 [1280/2500 (50%)]	Loss: 0.615929

Test set: Average loss: 0.7310, Accuracy: (0.7320)

Train Epoch: 168 [0/2500 (0%)]	Loss: 0.643618
Train Epoch: 168 [1280/2500 (50%)]	Loss: 0.664267

Test set: Average loss: 0.7244, Accuracy: (0.7200)

Train Epoch: 169 [0/2500 (0%)]	Loss: 0.662207
Train Epoch: 169 [1280/2500 (50%)]	Loss: 0.674343

Test set: Average loss: 0.7543, Accuracy: (0.7180)

Train Epoch: 170 [0/2500 (0%)]	Loss: 0.659603
Train Epoch: 170 [1280/2500 (50%)]	Loss: 0.587397

Test set: Average loss: 0.7001, Accuracy: (0.7280)

Train Epoch: 171 [0/2500 (0%)]	Loss: 0.571930
Train Epoch: 171 [1280/2500 (50%)]	Loss: 0.644311

Test set: Average loss: 0.6836, Accuracy: (0.7360)

Train Epoch: 172 [0/2500 (0%)]	Loss: 0.651534
Train Epoch: 172 [1280/2500 (50%)]	Loss: 0.786175

Test set: Average loss: 0.7262, Accuracy: (0.7200)

Train Epoch: 173 [0/2500 (0%)]	Loss: 0.553349
Train Epoch: 173 [1280/2500 (50%)]	Loss: 0.643142

Test set: Average loss: 0.7777, Accuracy: (0.7140)

Train Epoch: 174 [0/2500 (0%)]	Loss: 0.654975
Train Epoch: 174 [1280/2500 (50%)]	Loss: 0.584570

Test set: Average loss: 0.7826, Accuracy: (0.6900)

Train Epoch: 175 [0/2500 (0%)]	Loss: 0.769301
Train Epoch: 175 [1280/2500 (50%)]	Loss: 0.634098

Test set: Average loss: 0.8146, Accuracy: (0.7040)

Train Epoch: 176 [0/2500 (0%)]	Loss: 0.649558
Train Epoch: 176 [1280/2500 (50%)]	Loss: 0.727922

Test set: Average loss: 0.7589, Accuracy: (0.7180)

Train Epoch: 177 [0/2500 (0%)]	Loss: 0.580939
Train Epoch: 177 [1280/2500 (50%)]	Loss: 0.605114

Test set: Average loss: 0.7314, Accuracy: (0.7360)

Train Epoch: 178 [0/2500 (0%)]	Loss: 0.600493
Train Epoch: 178 [1280/2500 (50%)]	Loss: 0.643844

Test set: Average loss: 0.7243, Accuracy: (0.7120)

Train Epoch: 179 [0/2500 (0%)]	Loss: 0.510555
Train Epoch: 179 [1280/2500 (50%)]	Loss: 0.648194

Test set: Average loss: 0.7398, Accuracy: (0.7260)

Train Epoch: 180 [0/2500 (0%)]	Loss: 0.644168
Train Epoch: 180 [1280/2500 (50%)]	Loss: 0.792685

Test set: Average loss: 0.7936, Accuracy: (0.6920)

Train Epoch: 181 [0/2500 (0%)]	Loss: 0.693751
Train Epoch: 181 [1280/2500 (50%)]	Loss: 0.676645

Test set: Average loss: 0.6893, Accuracy: (0.7520)

Train Epoch: 182 [0/2500 (0%)]	Loss: 0.818899
Train Epoch: 182 [1280/2500 (50%)]	Loss: 0.653791

Test set: Average loss: 0.6843, Accuracy: (0.7480)

Train Epoch: 183 [0/2500 (0%)]	Loss: 0.696936
Train Epoch: 183 [1280/2500 (50%)]	Loss: 0.555647

Test set: Average loss: 0.7125, Accuracy: (0.7380)

Train Epoch: 184 [0/2500 (0%)]	Loss: 0.508406
Train Epoch: 184 [1280/2500 (50%)]	Loss: 0.788612

Test set: Average loss: 0.7057, Accuracy: (0.7280)

Train Epoch: 185 [0/2500 (0%)]	Loss: 0.524505
Train Epoch: 185 [1280/2500 (50%)]	Loss: 0.710223

Test set: Average loss: 0.7248, Accuracy: (0.7420)

Train Epoch: 186 [0/2500 (0%)]	Loss: 0.688931
Train Epoch: 186 [1280/2500 (50%)]	Loss: 0.595087

Test set: Average loss: 0.7283, Accuracy: (0.7200)

Train Epoch: 187 [0/2500 (0%)]	Loss: 0.511988
Train Epoch: 187 [1280/2500 (50%)]	Loss: 0.641823

Test set: Average loss: 0.7293, Accuracy: (0.7160)

Train Epoch: 188 [0/2500 (0%)]	Loss: 0.715752
Train Epoch: 188 [1280/2500 (50%)]	Loss: 0.714457

Test set: Average loss: 0.7498, Accuracy: (0.7260)

Train Epoch: 189 [0/2500 (0%)]	Loss: 0.645197
Train Epoch: 189 [1280/2500 (50%)]	Loss: 0.713358

Test set: Average loss: 0.7551, Accuracy: (0.7180)

Train Epoch: 190 [0/2500 (0%)]	Loss: 0.752785
Train Epoch: 190 [1280/2500 (50%)]	Loss: 0.723958

Test set: Average loss: 0.7894, Accuracy: (0.6980)

Train Epoch: 191 [0/2500 (0%)]	Loss: 0.619183
Train Epoch: 191 [1280/2500 (50%)]	Loss: 0.691443

Test set: Average loss: 0.7280, Accuracy: (0.7260)

Train Epoch: 192 [0/2500 (0%)]	Loss: 0.639786
Train Epoch: 192 [1280/2500 (50%)]	Loss: 0.540910

Test set: Average loss: 0.7362, Accuracy: (0.7180)

Train Epoch: 193 [0/2500 (0%)]	Loss: 0.781921
Train Epoch: 193 [1280/2500 (50%)]	Loss: 0.702345

Test set: Average loss: 0.7072, Accuracy: (0.7260)

Train Epoch: 194 [0/2500 (0%)]	Loss: 0.751277
Train Epoch: 194 [1280/2500 (50%)]	Loss: 0.689609

Test set: Average loss: 0.6884, Accuracy: (0.7340)

Train Epoch: 195 [0/2500 (0%)]	Loss: 0.685887
Train Epoch: 195 [1280/2500 (50%)]	Loss: 0.696604

Test set: Average loss: 0.6672, Accuracy: (0.7480)

Train Epoch: 196 [0/2500 (0%)]	Loss: 0.580186
Train Epoch: 196 [1280/2500 (50%)]	Loss: 0.642746

Test set: Average loss: 0.6850, Accuracy: (0.7300)

Train Epoch: 197 [0/2500 (0%)]	Loss: 0.685315
Train Epoch: 197 [1280/2500 (50%)]	Loss: 0.618033

Test set: Average loss: 0.6856, Accuracy: (0.7460)

Train Epoch: 198 [0/2500 (0%)]	Loss: 0.606880
Train Epoch: 198 [1280/2500 (50%)]	Loss: 0.656097

Test set: Average loss: 0.6908, Accuracy: (0.7380)

Train Epoch: 199 [0/2500 (0%)]	Loss: 0.575920
Train Epoch: 199 [1280/2500 (50%)]	Loss: 0.537415

Test set: Average loss: 0.6902, Accuracy: (0.7460)

Train Epoch: 200 [0/2500 (0%)]	Loss: 0.764700
Train Epoch: 200 [1280/2500 (50%)]	Loss: 0.654063

Test set: Average loss: 0.6940, Accuracy: (0.7280)

Train Epoch: 201 [0/2500 (0%)]	Loss: 0.659081
Train Epoch: 201 [1280/2500 (50%)]	Loss: 0.728679

Test set: Average loss: 0.7350, Accuracy: (0.7420)

Train Epoch: 202 [0/2500 (0%)]	Loss: 0.572936
Train Epoch: 202 [1280/2500 (50%)]	Loss: 0.641230

Test set: Average loss: 0.7776, Accuracy: (0.7180)

Train Epoch: 203 [0/2500 (0%)]	Loss: 0.623194
Train Epoch: 203 [1280/2500 (50%)]	Loss: 0.552024

Test set: Average loss: 0.7118, Accuracy: (0.7340)

Train Epoch: 204 [0/2500 (0%)]	Loss: 0.675889
Train Epoch: 204 [1280/2500 (50%)]	Loss: 0.626387

Test set: Average loss: 0.7232, Accuracy: (0.7320)

Train Epoch: 205 [0/2500 (0%)]	Loss: 0.585016
Train Epoch: 205 [1280/2500 (50%)]	Loss: 0.611184

Test set: Average loss: 0.6956, Accuracy: (0.7340)

Train Epoch: 206 [0/2500 (0%)]	Loss: 0.711079
Train Epoch: 206 [1280/2500 (50%)]	Loss: 0.493680

Test set: Average loss: 0.6716, Accuracy: (0.7500)

Train Epoch: 207 [0/2500 (0%)]	Loss: 0.560534
Train Epoch: 207 [1280/2500 (50%)]	Loss: 0.616645

Test set: Average loss: 0.7563, Accuracy: (0.7140)

Train Epoch: 208 [0/2500 (0%)]	Loss: 0.614602
Train Epoch: 208 [1280/2500 (50%)]	Loss: 0.602837

Test set: Average loss: 0.7163, Accuracy: (0.7280)

Train Epoch: 209 [0/2500 (0%)]	Loss: 0.601256
Train Epoch: 209 [1280/2500 (50%)]	Loss: 0.561625

Test set: Average loss: 0.7999, Accuracy: (0.7200)

Train Epoch: 210 [0/2500 (0%)]	Loss: 0.708772
Train Epoch: 210 [1280/2500 (50%)]	Loss: 0.520787

Test set: Average loss: 0.6536, Accuracy: (0.7360)

Train Epoch: 211 [0/2500 (0%)]	Loss: 0.644528
Train Epoch: 211 [1280/2500 (50%)]	Loss: 0.563141

Test set: Average loss: 0.6771, Accuracy: (0.7400)

Train Epoch: 212 [0/2500 (0%)]	Loss: 0.671131
Train Epoch: 212 [1280/2500 (50%)]	Loss: 0.534275

Test set: Average loss: 0.6910, Accuracy: (0.7520)

Train Epoch: 213 [0/2500 (0%)]	Loss: 0.613718
Train Epoch: 213 [1280/2500 (50%)]	Loss: 0.475284

Test set: Average loss: 0.6955, Accuracy: (0.7240)

Train Epoch: 214 [0/2500 (0%)]	Loss: 0.604942
Train Epoch: 214 [1280/2500 (50%)]	Loss: 0.695261

Test set: Average loss: 0.6869, Accuracy: (0.7560)

Train Epoch: 215 [0/2500 (0%)]	Loss: 0.602526
Train Epoch: 215 [1280/2500 (50%)]	Loss: 0.631808

Test set: Average loss: 0.7126, Accuracy: (0.7340)

Train Epoch: 216 [0/2500 (0%)]	Loss: 0.621856
Train Epoch: 216 [1280/2500 (50%)]	Loss: 0.589908

Test set: Average loss: 0.6644, Accuracy: (0.7460)

Train Epoch: 217 [0/2500 (0%)]	Loss: 0.564205
Train Epoch: 217 [1280/2500 (50%)]	Loss: 0.513206

Test set: Average loss: 0.7244, Accuracy: (0.7660)

Train Epoch: 218 [0/2500 (0%)]	Loss: 0.548933
Train Epoch: 218 [1280/2500 (50%)]	Loss: 0.581381

Test set: Average loss: 0.6845, Accuracy: (0.7440)

Train Epoch: 219 [0/2500 (0%)]	Loss: 0.487238
Train Epoch: 219 [1280/2500 (50%)]	Loss: 0.584105

Test set: Average loss: 0.6694, Accuracy: (0.7400)

Train Epoch: 220 [0/2500 (0%)]	Loss: 0.689108
Train Epoch: 220 [1280/2500 (50%)]	Loss: 0.728501

Test set: Average loss: 0.6633, Accuracy: (0.7460)

Train Epoch: 221 [0/2500 (0%)]	Loss: 0.611113
Train Epoch: 221 [1280/2500 (50%)]	Loss: 0.588371

Test set: Average loss: 0.7458, Accuracy: (0.7160)

Train Epoch: 222 [0/2500 (0%)]	Loss: 0.556453
Train Epoch: 222 [1280/2500 (50%)]	Loss: 0.602701

Test set: Average loss: 0.6551, Accuracy: (0.7480)

Train Epoch: 223 [0/2500 (0%)]	Loss: 0.566110
Train Epoch: 223 [1280/2500 (50%)]	Loss: 0.635017

Test set: Average loss: 0.6805, Accuracy: (0.7260)

Train Epoch: 224 [0/2500 (0%)]	Loss: 0.839993
Train Epoch: 224 [1280/2500 (50%)]	Loss: 0.524391

Test set: Average loss: 0.7072, Accuracy: (0.7300)

Train Epoch: 225 [0/2500 (0%)]	Loss: 0.478623
Train Epoch: 225 [1280/2500 (50%)]	Loss: 0.547785

Test set: Average loss: 0.6818, Accuracy: (0.7400)

Train Epoch: 226 [0/2500 (0%)]	Loss: 0.523445
Train Epoch: 226 [1280/2500 (50%)]	Loss: 0.573668

Test set: Average loss: 0.6953, Accuracy: (0.7500)

Train Epoch: 227 [0/2500 (0%)]	Loss: 0.608228
Train Epoch: 227 [1280/2500 (50%)]	Loss: 0.574150

Test set: Average loss: 0.6962, Accuracy: (0.7380)

Train Epoch: 228 [0/2500 (0%)]	Loss: 0.663890
Train Epoch: 228 [1280/2500 (50%)]	Loss: 0.519520

Test set: Average loss: 0.6969, Accuracy: (0.7500)

Train Epoch: 229 [0/2500 (0%)]	Loss: 0.652035
Train Epoch: 229 [1280/2500 (50%)]	Loss: 0.636508

Test set: Average loss: 0.6883, Accuracy: (0.7640)

Train Epoch: 230 [0/2500 (0%)]	Loss: 0.538595
Train Epoch: 230 [1280/2500 (50%)]	Loss: 0.592421

Test set: Average loss: 0.6791, Accuracy: (0.7340)

Train Epoch: 231 [0/2500 (0%)]	Loss: 0.686930
Train Epoch: 231 [1280/2500 (50%)]	Loss: 0.627936

Test set: Average loss: 0.6853, Accuracy: (0.7560)

Train Epoch: 232 [0/2500 (0%)]	Loss: 0.574150
Train Epoch: 232 [1280/2500 (50%)]	Loss: 0.534769

Test set: Average loss: 0.6699, Accuracy: (0.7460)

Train Epoch: 233 [0/2500 (0%)]	Loss: 0.603605
Train Epoch: 233 [1280/2500 (50%)]	Loss: 0.648766

Test set: Average loss: 0.6631, Accuracy: (0.7380)

Train Epoch: 234 [0/2500 (0%)]	Loss: 0.608762
Train Epoch: 234 [1280/2500 (50%)]	Loss: 0.660564

Test set: Average loss: 0.6907, Accuracy: (0.7400)

Train Epoch: 235 [0/2500 (0%)]	Loss: 0.567880
Train Epoch: 235 [1280/2500 (50%)]	Loss: 0.534456

Test set: Average loss: 0.7062, Accuracy: (0.7440)

Train Epoch: 236 [0/2500 (0%)]	Loss: 0.615082
Train Epoch: 236 [1280/2500 (50%)]	Loss: 0.643938

Test set: Average loss: 0.6904, Accuracy: (0.7380)

Train Epoch: 237 [0/2500 (0%)]	Loss: 0.760537
Train Epoch: 237 [1280/2500 (50%)]	Loss: 0.610395

Test set: Average loss: 0.6377, Accuracy: (0.7420)

Train Epoch: 238 [0/2500 (0%)]	Loss: 0.534532
Train Epoch: 238 [1280/2500 (50%)]	Loss: 0.504000

Test set: Average loss: 0.7006, Accuracy: (0.7280)

Train Epoch: 239 [0/2500 (0%)]	Loss: 0.603624
Train Epoch: 239 [1280/2500 (50%)]	Loss: 0.773000

Test set: Average loss: 0.6739, Accuracy: (0.7420)

Train Epoch: 240 [0/2500 (0%)]	Loss: 0.536378
Train Epoch: 240 [1280/2500 (50%)]	Loss: 0.596610

Test set: Average loss: 0.6926, Accuracy: (0.7440)

Train Epoch: 241 [0/2500 (0%)]	Loss: 0.593141
Train Epoch: 241 [1280/2500 (50%)]	Loss: 0.575151

Test set: Average loss: 0.6484, Accuracy: (0.7680)

Train Epoch: 242 [0/2500 (0%)]	Loss: 0.508224
Train Epoch: 242 [1280/2500 (50%)]	Loss: 0.553952

Test set: Average loss: 0.6488, Accuracy: (0.7520)

Train Epoch: 243 [0/2500 (0%)]	Loss: 0.458658
Train Epoch: 243 [1280/2500 (50%)]	Loss: 0.686532

Test set: Average loss: 0.6695, Accuracy: (0.7400)

Train Epoch: 244 [0/2500 (0%)]	Loss: 0.546157
Train Epoch: 244 [1280/2500 (50%)]	Loss: 0.559732

Test set: Average loss: 0.6720, Accuracy: (0.7540)

Train Epoch: 245 [0/2500 (0%)]	Loss: 0.586458
Train Epoch: 245 [1280/2500 (50%)]	Loss: 0.552073

Test set: Average loss: 0.6814, Accuracy: (0.7400)

Train Epoch: 246 [0/2500 (0%)]	Loss: 0.632472
Train Epoch: 246 [1280/2500 (50%)]	Loss: 0.569572

Test set: Average loss: 0.6702, Accuracy: (0.7600)

Train Epoch: 247 [0/2500 (0%)]	Loss: 0.607453
Train Epoch: 247 [1280/2500 (50%)]	Loss: 0.583368

Test set: Average loss: 0.6379, Accuracy: (0.7520)

Train Epoch: 248 [0/2500 (0%)]	Loss: 0.601733
Train Epoch: 248 [1280/2500 (50%)]	Loss: 0.677681

Test set: Average loss: 0.6440, Accuracy: (0.7520)

Train Epoch: 249 [0/2500 (0%)]	Loss: 0.555880
Train Epoch: 249 [1280/2500 (50%)]	Loss: 0.660467

Test set: Average loss: 0.6374, Accuracy: (0.7580)

Train Epoch: 250 [0/2500 (0%)]	Loss: 0.605798
Train Epoch: 250 [1280/2500 (50%)]	Loss: 0.563036

Test set: Average loss: 0.6477, Accuracy: (0.7500)

Task RandSplitCIFAR100: 2
Train Epoch: 1 [0/2500 (0%)]	Loss: 1.714806
Train Epoch: 1 [1280/2500 (50%)]	Loss: 1.417777

Test set: Average loss: 1.2756, Accuracy: (0.4520)

Train Epoch: 2 [0/2500 (0%)]	Loss: 1.387113
Train Epoch: 2 [1280/2500 (50%)]	Loss: 1.144054

Test set: Average loss: 1.1286, Accuracy: (0.5320)

Train Epoch: 3 [0/2500 (0%)]	Loss: 1.176983
Train Epoch: 3 [1280/2500 (50%)]	Loss: 1.160333

Test set: Average loss: 1.0335, Accuracy: (0.5660)

Train Epoch: 4 [0/2500 (0%)]	Loss: 0.958518
Train Epoch: 4 [1280/2500 (50%)]	Loss: 0.878017

Test set: Average loss: 0.9057, Accuracy: (0.6120)

Train Epoch: 5 [0/2500 (0%)]	Loss: 1.090504
Train Epoch: 5 [1280/2500 (50%)]	Loss: 0.993794

Test set: Average loss: 0.9875, Accuracy: (0.5920)

Train Epoch: 6 [0/2500 (0%)]	Loss: 0.935382
Train Epoch: 6 [1280/2500 (50%)]	Loss: 1.036142

Test set: Average loss: 0.8828, Accuracy: (0.6360)

Train Epoch: 7 [0/2500 (0%)]	Loss: 0.851893
Train Epoch: 7 [1280/2500 (50%)]	Loss: 0.850942

Test set: Average loss: 0.8528, Accuracy: (0.6400)

Train Epoch: 8 [0/2500 (0%)]	Loss: 0.927290
Train Epoch: 8 [1280/2500 (50%)]	Loss: 0.970152

Test set: Average loss: 0.8399, Accuracy: (0.6580)

Train Epoch: 9 [0/2500 (0%)]	Loss: 0.849668
Train Epoch: 9 [1280/2500 (50%)]	Loss: 0.881962

Test set: Average loss: 0.8159, Accuracy: (0.6840)

Train Epoch: 10 [0/2500 (0%)]	Loss: 0.759816
Train Epoch: 10 [1280/2500 (50%)]	Loss: 0.858269

Test set: Average loss: 0.8207, Accuracy: (0.7060)

Train Epoch: 11 [0/2500 (0%)]	Loss: 0.917411
Train Epoch: 11 [1280/2500 (50%)]	Loss: 0.820377

Test set: Average loss: 0.8722, Accuracy: (0.6840)

Train Epoch: 12 [0/2500 (0%)]	Loss: 0.821381
Train Epoch: 12 [1280/2500 (50%)]	Loss: 0.739636

Test set: Average loss: 0.8062, Accuracy: (0.6840)

Train Epoch: 13 [0/2500 (0%)]	Loss: 0.844257
Train Epoch: 13 [1280/2500 (50%)]	Loss: 0.734181

Test set: Average loss: 0.7341, Accuracy: (0.7420)

Train Epoch: 14 [0/2500 (0%)]	Loss: 0.929323
Train Epoch: 14 [1280/2500 (50%)]	Loss: 0.635760

Test set: Average loss: 0.7498, Accuracy: (0.7160)

Train Epoch: 15 [0/2500 (0%)]	Loss: 0.822111
Train Epoch: 15 [1280/2500 (50%)]	Loss: 0.841034

Test set: Average loss: 0.7278, Accuracy: (0.7240)

Train Epoch: 16 [0/2500 (0%)]	Loss: 0.626928
Train Epoch: 16 [1280/2500 (50%)]	Loss: 0.667309

Test set: Average loss: 0.7343, Accuracy: (0.7260)

Train Epoch: 17 [0/2500 (0%)]	Loss: 0.757595
Train Epoch: 17 [1280/2500 (50%)]	Loss: 0.793305

Test set: Average loss: 0.7523, Accuracy: (0.6920)

Train Epoch: 18 [0/2500 (0%)]	Loss: 0.828483
Train Epoch: 18 [1280/2500 (50%)]	Loss: 0.623138

Test set: Average loss: 0.7415, Accuracy: (0.7020)

Train Epoch: 19 [0/2500 (0%)]	Loss: 0.584159
Train Epoch: 19 [1280/2500 (50%)]	Loss: 0.589110

Test set: Average loss: 0.6977, Accuracy: (0.7500)

Train Epoch: 20 [0/2500 (0%)]	Loss: 0.516973
Train Epoch: 20 [1280/2500 (50%)]	Loss: 0.766976

Test set: Average loss: 0.6349, Accuracy: (0.7780)

Train Epoch: 21 [0/2500 (0%)]	Loss: 0.669873
Train Epoch: 21 [1280/2500 (50%)]	Loss: 0.773721

Test set: Average loss: 0.6842, Accuracy: (0.7500)

Train Epoch: 22 [0/2500 (0%)]	Loss: 0.680688
Train Epoch: 22 [1280/2500 (50%)]	Loss: 0.702688

Test set: Average loss: 0.7210, Accuracy: (0.7240)

Train Epoch: 23 [0/2500 (0%)]	Loss: 0.629871
Train Epoch: 23 [1280/2500 (50%)]	Loss: 0.726065

Test set: Average loss: 0.6502, Accuracy: (0.7780)

Train Epoch: 24 [0/2500 (0%)]	Loss: 0.681134
Train Epoch: 24 [1280/2500 (50%)]	Loss: 0.744876

Test set: Average loss: 0.6341, Accuracy: (0.7680)

Train Epoch: 25 [0/2500 (0%)]	Loss: 0.596342
Train Epoch: 25 [1280/2500 (50%)]	Loss: 0.809133

Test set: Average loss: 0.6977, Accuracy: (0.7540)

Train Epoch: 26 [0/2500 (0%)]	Loss: 0.741299
Train Epoch: 26 [1280/2500 (50%)]	Loss: 0.626904

Test set: Average loss: 0.6318, Accuracy: (0.7620)

Train Epoch: 27 [0/2500 (0%)]	Loss: 0.727112
Train Epoch: 27 [1280/2500 (50%)]	Loss: 0.813686

Test set: Average loss: 0.6466, Accuracy: (0.7680)

Train Epoch: 28 [0/2500 (0%)]	Loss: 0.661526
Train Epoch: 28 [1280/2500 (50%)]	Loss: 0.515334

Test set: Average loss: 0.6460, Accuracy: (0.7520)

Train Epoch: 29 [0/2500 (0%)]	Loss: 0.596100
Train Epoch: 29 [1280/2500 (50%)]	Loss: 0.631323

Test set: Average loss: 0.6690, Accuracy: (0.7480)

Train Epoch: 30 [0/2500 (0%)]	Loss: 0.575915
Train Epoch: 30 [1280/2500 (50%)]	Loss: 0.631013

Test set: Average loss: 0.6377, Accuracy: (0.7520)

Train Epoch: 31 [0/2500 (0%)]	Loss: 0.568612
Train Epoch: 31 [1280/2500 (50%)]	Loss: 0.693259

Test set: Average loss: 0.5952, Accuracy: (0.7880)

Train Epoch: 32 [0/2500 (0%)]	Loss: 0.511254
Train Epoch: 32 [1280/2500 (50%)]	Loss: 0.674943

Test set: Average loss: 0.6368, Accuracy: (0.7460)

Train Epoch: 33 [0/2500 (0%)]	Loss: 0.669471
Train Epoch: 33 [1280/2500 (50%)]	Loss: 0.780686

Test set: Average loss: 0.6500, Accuracy: (0.7640)

Train Epoch: 34 [0/2500 (0%)]	Loss: 0.607826
Train Epoch: 34 [1280/2500 (50%)]	Loss: 0.545111

Test set: Average loss: 0.5972, Accuracy: (0.7820)

Train Epoch: 35 [0/2500 (0%)]	Loss: 0.657725
Train Epoch: 35 [1280/2500 (50%)]	Loss: 0.558983

Test set: Average loss: 0.6339, Accuracy: (0.7700)

Train Epoch: 36 [0/2500 (0%)]	Loss: 0.472675
Train Epoch: 36 [1280/2500 (50%)]	Loss: 0.627669

Test set: Average loss: 0.5872, Accuracy: (0.7880)

Train Epoch: 37 [0/2500 (0%)]	Loss: 0.679181
Train Epoch: 37 [1280/2500 (50%)]	Loss: 0.598041

Test set: Average loss: 0.6206, Accuracy: (0.7780)

Train Epoch: 38 [0/2500 (0%)]	Loss: 0.780406
Train Epoch: 38 [1280/2500 (50%)]	Loss: 0.579564

Test set: Average loss: 0.5827, Accuracy: (0.7840)

Train Epoch: 39 [0/2500 (0%)]	Loss: 0.533862
Train Epoch: 39 [1280/2500 (50%)]	Loss: 0.580300

Test set: Average loss: 0.5920, Accuracy: (0.7800)

Train Epoch: 40 [0/2500 (0%)]	Loss: 0.522093
Train Epoch: 40 [1280/2500 (50%)]	Loss: 0.679779

Test set: Average loss: 0.5760, Accuracy: (0.7920)

Train Epoch: 41 [0/2500 (0%)]	Loss: 0.649097
Train Epoch: 41 [1280/2500 (50%)]	Loss: 0.701337

Test set: Average loss: 0.5762, Accuracy: (0.7880)

Train Epoch: 42 [0/2500 (0%)]	Loss: 0.513217
Train Epoch: 42 [1280/2500 (50%)]	Loss: 0.731404

Test set: Average loss: 0.5932, Accuracy: (0.7900)

Train Epoch: 43 [0/2500 (0%)]	Loss: 0.695114
Train Epoch: 43 [1280/2500 (50%)]	Loss: 0.530487

Test set: Average loss: 0.6010, Accuracy: (0.7680)

Train Epoch: 44 [0/2500 (0%)]	Loss: 0.569386
Train Epoch: 44 [1280/2500 (50%)]	Loss: 0.641970

Test set: Average loss: 0.6084, Accuracy: (0.7600)

Train Epoch: 45 [0/2500 (0%)]	Loss: 0.541997
Train Epoch: 45 [1280/2500 (50%)]	Loss: 0.612355

Test set: Average loss: 0.5995, Accuracy: (0.7820)

Train Epoch: 46 [0/2500 (0%)]	Loss: 0.656356
Train Epoch: 46 [1280/2500 (50%)]	Loss: 0.667148

Test set: Average loss: 0.5830, Accuracy: (0.8020)

Train Epoch: 47 [0/2500 (0%)]	Loss: 0.479717
Train Epoch: 47 [1280/2500 (50%)]	Loss: 0.536766

Test set: Average loss: 0.5920, Accuracy: (0.7860)

Train Epoch: 48 [0/2500 (0%)]	Loss: 0.623983
Train Epoch: 48 [1280/2500 (50%)]	Loss: 0.557032

Test set: Average loss: 0.5674, Accuracy: (0.7800)

Train Epoch: 49 [0/2500 (0%)]	Loss: 0.546599
Train Epoch: 49 [1280/2500 (50%)]	Loss: 0.610877

Test set: Average loss: 0.5593, Accuracy: (0.7980)

Train Epoch: 50 [0/2500 (0%)]	Loss: 0.504955
Train Epoch: 50 [1280/2500 (50%)]	Loss: 0.654933

Test set: Average loss: 0.6091, Accuracy: (0.7880)

Train Epoch: 51 [0/2500 (0%)]	Loss: 0.692730
Train Epoch: 51 [1280/2500 (50%)]	Loss: 0.540522

Test set: Average loss: 0.5846, Accuracy: (0.7880)

Train Epoch: 52 [0/2500 (0%)]	Loss: 0.558338
Train Epoch: 52 [1280/2500 (50%)]	Loss: 0.512893

Test set: Average loss: 0.5376, Accuracy: (0.8100)

Train Epoch: 53 [0/2500 (0%)]	Loss: 0.582725
Train Epoch: 53 [1280/2500 (50%)]	Loss: 0.560380

Test set: Average loss: 0.5626, Accuracy: (0.8040)

Train Epoch: 54 [0/2500 (0%)]	Loss: 0.531788
Train Epoch: 54 [1280/2500 (50%)]	Loss: 0.593740

Test set: Average loss: 0.5865, Accuracy: (0.7760)

Train Epoch: 55 [0/2500 (0%)]	Loss: 0.566958
Train Epoch: 55 [1280/2500 (50%)]	Loss: 0.578886

Test set: Average loss: 0.6232, Accuracy: (0.7620)

Train Epoch: 56 [0/2500 (0%)]	Loss: 0.611092
Train Epoch: 56 [1280/2500 (50%)]	Loss: 0.553913

Test set: Average loss: 0.5856, Accuracy: (0.7860)

Train Epoch: 57 [0/2500 (0%)]	Loss: 0.452707
Train Epoch: 57 [1280/2500 (50%)]	Loss: 0.602725

Test set: Average loss: 0.5667, Accuracy: (0.7900)

Train Epoch: 58 [0/2500 (0%)]	Loss: 0.587782
Train Epoch: 58 [1280/2500 (50%)]	Loss: 0.546068

Test set: Average loss: 0.5668, Accuracy: (0.7860)

Train Epoch: 59 [0/2500 (0%)]	Loss: 0.611166
Train Epoch: 59 [1280/2500 (50%)]	Loss: 0.713238

Test set: Average loss: 0.5698, Accuracy: (0.8020)

Train Epoch: 60 [0/2500 (0%)]	Loss: 0.579911
Train Epoch: 60 [1280/2500 (50%)]	Loss: 0.598142

Test set: Average loss: 0.5867, Accuracy: (0.7940)

Train Epoch: 61 [0/2500 (0%)]	Loss: 0.530316
Train Epoch: 61 [1280/2500 (50%)]	Loss: 0.663174

Test set: Average loss: 0.5530, Accuracy: (0.7900)

Train Epoch: 62 [0/2500 (0%)]	Loss: 0.563272
Train Epoch: 62 [1280/2500 (50%)]	Loss: 0.662726

Test set: Average loss: 0.5579, Accuracy: (0.7780)

Train Epoch: 63 [0/2500 (0%)]	Loss: 0.574551
Train Epoch: 63 [1280/2500 (50%)]	Loss: 0.637658

Test set: Average loss: 0.5276, Accuracy: (0.8220)

Train Epoch: 64 [0/2500 (0%)]	Loss: 0.505199
Train Epoch: 64 [1280/2500 (50%)]	Loss: 0.572319

Test set: Average loss: 0.5502, Accuracy: (0.8020)

Train Epoch: 65 [0/2500 (0%)]	Loss: 0.750168
Train Epoch: 65 [1280/2500 (50%)]	Loss: 0.681797

Test set: Average loss: 0.5969, Accuracy: (0.7780)

Train Epoch: 66 [0/2500 (0%)]	Loss: 0.497278
Train Epoch: 66 [1280/2500 (50%)]	Loss: 0.544650

Test set: Average loss: 0.5720, Accuracy: (0.7820)

Train Epoch: 67 [0/2500 (0%)]	Loss: 0.507851
Train Epoch: 67 [1280/2500 (50%)]	Loss: 0.741567

Test set: Average loss: 0.6551, Accuracy: (0.7640)

Train Epoch: 68 [0/2500 (0%)]	Loss: 0.630753
Train Epoch: 68 [1280/2500 (50%)]	Loss: 0.632909

Test set: Average loss: 0.6662, Accuracy: (0.7400)

Train Epoch: 69 [0/2500 (0%)]	Loss: 0.585623
Train Epoch: 69 [1280/2500 (50%)]	Loss: 0.655957

Test set: Average loss: 0.5448, Accuracy: (0.8020)

Train Epoch: 70 [0/2500 (0%)]	Loss: 0.527739
Train Epoch: 70 [1280/2500 (50%)]	Loss: 0.461002

Test set: Average loss: 0.5446, Accuracy: (0.7920)

Train Epoch: 71 [0/2500 (0%)]	Loss: 0.570467
Train Epoch: 71 [1280/2500 (50%)]	Loss: 0.498450

Test set: Average loss: 0.5894, Accuracy: (0.7920)

Train Epoch: 72 [0/2500 (0%)]	Loss: 0.512615
Train Epoch: 72 [1280/2500 (50%)]	Loss: 0.573015

Test set: Average loss: 0.5214, Accuracy: (0.8260)

Train Epoch: 73 [0/2500 (0%)]	Loss: 0.518208
Train Epoch: 73 [1280/2500 (50%)]	Loss: 0.564417

Test set: Average loss: 0.5545, Accuracy: (0.7940)

Train Epoch: 74 [0/2500 (0%)]	Loss: 0.625162
Train Epoch: 74 [1280/2500 (50%)]	Loss: 0.524117

Test set: Average loss: 0.5502, Accuracy: (0.7960)

Train Epoch: 75 [0/2500 (0%)]	Loss: 0.456373
Train Epoch: 75 [1280/2500 (50%)]	Loss: 0.511634

Test set: Average loss: 0.5447, Accuracy: (0.8020)

Train Epoch: 76 [0/2500 (0%)]	Loss: 0.556860
Train Epoch: 76 [1280/2500 (50%)]	Loss: 0.629897

Test set: Average loss: 0.5691, Accuracy: (0.7960)

Train Epoch: 77 [0/2500 (0%)]	Loss: 0.467752
Train Epoch: 77 [1280/2500 (50%)]	Loss: 0.459523

Test set: Average loss: 0.6264, Accuracy: (0.7780)

Train Epoch: 78 [0/2500 (0%)]	Loss: 0.590298
Train Epoch: 78 [1280/2500 (50%)]	Loss: 0.428521

Test set: Average loss: 0.5448, Accuracy: (0.7920)

Train Epoch: 79 [0/2500 (0%)]	Loss: 0.464820
Train Epoch: 79 [1280/2500 (50%)]	Loss: 0.556040

Test set: Average loss: 0.6420, Accuracy: (0.7680)

Train Epoch: 80 [0/2500 (0%)]	Loss: 0.614643
Train Epoch: 80 [1280/2500 (50%)]	Loss: 0.518908

Test set: Average loss: 0.5178, Accuracy: (0.8120)

Train Epoch: 81 [0/2500 (0%)]	Loss: 0.545691
Train Epoch: 81 [1280/2500 (50%)]	Loss: 0.520592

Test set: Average loss: 0.5470, Accuracy: (0.7940)

Train Epoch: 82 [0/2500 (0%)]	Loss: 0.570230
Train Epoch: 82 [1280/2500 (50%)]	Loss: 0.647396

Test set: Average loss: 0.5764, Accuracy: (0.7820)

Train Epoch: 83 [0/2500 (0%)]	Loss: 0.601796
Train Epoch: 83 [1280/2500 (50%)]	Loss: 0.548431

Test set: Average loss: 0.5344, Accuracy: (0.7980)

Train Epoch: 84 [0/2500 (0%)]	Loss: 0.446509
Train Epoch: 84 [1280/2500 (50%)]	Loss: 0.414813

Test set: Average loss: 0.5098, Accuracy: (0.8200)

Train Epoch: 85 [0/2500 (0%)]	Loss: 0.530202
Train Epoch: 85 [1280/2500 (50%)]	Loss: 0.576013

Test set: Average loss: 0.5160, Accuracy: (0.8040)

Train Epoch: 86 [0/2500 (0%)]	Loss: 0.391521
Train Epoch: 86 [1280/2500 (50%)]	Loss: 0.554197

Test set: Average loss: 0.5015, Accuracy: (0.8180)

Train Epoch: 87 [0/2500 (0%)]	Loss: 0.483772
Train Epoch: 87 [1280/2500 (50%)]	Loss: 0.515000

Test set: Average loss: 0.5402, Accuracy: (0.7980)

Train Epoch: 88 [0/2500 (0%)]	Loss: 0.643289
Train Epoch: 88 [1280/2500 (50%)]	Loss: 0.458160

Test set: Average loss: 0.4909, Accuracy: (0.8280)

Train Epoch: 89 [0/2500 (0%)]	Loss: 0.471587
Train Epoch: 89 [1280/2500 (50%)]	Loss: 0.498679

Test set: Average loss: 0.5493, Accuracy: (0.7980)

Train Epoch: 90 [0/2500 (0%)]	Loss: 0.496892
Train Epoch: 90 [1280/2500 (50%)]	Loss: 0.504617

Test set: Average loss: 0.5209, Accuracy: (0.8220)

Train Epoch: 91 [0/2500 (0%)]	Loss: 0.608319
Train Epoch: 91 [1280/2500 (50%)]	Loss: 0.493563

Test set: Average loss: 0.5810, Accuracy: (0.7760)

Train Epoch: 92 [0/2500 (0%)]	Loss: 0.560136
Train Epoch: 92 [1280/2500 (50%)]	Loss: 0.587952

Test set: Average loss: 0.5431, Accuracy: (0.8020)

Train Epoch: 93 [0/2500 (0%)]	Loss: 0.513864
Train Epoch: 93 [1280/2500 (50%)]	Loss: 0.496646

Test set: Average loss: 0.5117, Accuracy: (0.8240)

Train Epoch: 94 [0/2500 (0%)]	Loss: 0.459516
Train Epoch: 94 [1280/2500 (50%)]	Loss: 0.536102

Test set: Average loss: 0.5291, Accuracy: (0.8020)

Train Epoch: 95 [0/2500 (0%)]	Loss: 0.476698
Train Epoch: 95 [1280/2500 (50%)]	Loss: 0.668656

Test set: Average loss: 0.5478, Accuracy: (0.8020)

Train Epoch: 96 [0/2500 (0%)]	Loss: 0.526785
Train Epoch: 96 [1280/2500 (50%)]	Loss: 0.582341

Test set: Average loss: 0.5266, Accuracy: (0.8080)

Train Epoch: 97 [0/2500 (0%)]	Loss: 0.627615
Train Epoch: 97 [1280/2500 (50%)]	Loss: 0.508213

Test set: Average loss: 0.5054, Accuracy: (0.8140)

Train Epoch: 98 [0/2500 (0%)]	Loss: 0.501372
Train Epoch: 98 [1280/2500 (50%)]	Loss: 0.652013

Test set: Average loss: 0.5059, Accuracy: (0.8240)

Train Epoch: 99 [0/2500 (0%)]	Loss: 0.474478
Train Epoch: 99 [1280/2500 (50%)]	Loss: 0.431293

Test set: Average loss: 0.5055, Accuracy: (0.8280)

Train Epoch: 100 [0/2500 (0%)]	Loss: 0.449615
Train Epoch: 100 [1280/2500 (50%)]	Loss: 0.625142

Test set: Average loss: 0.5416, Accuracy: (0.8100)

Train Epoch: 101 [0/2500 (0%)]	Loss: 0.497048
Train Epoch: 101 [1280/2500 (50%)]	Loss: 0.550328

Test set: Average loss: 0.5145, Accuracy: (0.8080)

Train Epoch: 102 [0/2500 (0%)]	Loss: 0.581201
Train Epoch: 102 [1280/2500 (50%)]	Loss: 0.616277

Test set: Average loss: 0.5913, Accuracy: (0.7720)

