Collecting package metadata (current_repodata.json): ...working... done
Solving environment: ...working... done

# All requested packages already installed.

Looking in links: https://download.pytorch.org/whl/torch_stable.html
Requirement already satisfied: torch==1.5.0+cu101 in /home/at2507/miniconda3/lib/python3.8/site-packages (1.5.0+cu101)
Requirement already satisfied: torchvision==0.6.0+cu101 in /home/at2507/miniconda3/lib/python3.8/site-packages (0.6.0+cu101)
Requirement already satisfied: numpy in /home/at2507/miniconda3/lib/python3.8/site-packages (from torch==1.5.0+cu101) (1.18.1)
Requirement already satisfied: future in /home/at2507/miniconda3/lib/python3.8/site-packages (from torch==1.5.0+cu101) (0.18.2)
Requirement already satisfied: pillow>=4.1.1 in /home/at2507/miniconda3/lib/python3.8/site-packages (from torchvision==0.6.0+cu101) (7.2.0)
[{'config': 'experiments/SupsupSeed/splitcifar100/configs/rn18-supsup_3.yaml', 'name': 'id=supsup~seed=0~sparsity=1', 'sparsity': 1, 'seed': 0, 'log-dir': 'runs/SupsupSeed/rn18-supsup_gpu2_num_masks_3', 'epochs': 250, 'data': './data'}, {'config': 'experiments/SupsupSeed/splitcifar100/configs/rn18-supsup_3.yaml', 'name': 'id=supsup~seed=0~sparsity=2', 'sparsity': 2, 'seed': 0, 'log-dir': 'runs/SupsupSeed/rn18-supsup_gpu2_num_masks_3', 'epochs': 250, 'data': './data'}, {'config': 'experiments/SupsupSeed/splitcifar100/configs/rn18-supsup_3.yaml', 'name': 'id=supsup~seed=0~sparsity=4', 'sparsity': 4, 'seed': 0, 'log-dir': 'runs/SupsupSeed/rn18-supsup_gpu2_num_masks_3', 'epochs': 250, 'data': './data'}, {'config': 'experiments/SupsupSeed/splitcifar100/configs/rn18-supsup_3.yaml', 'name': 'id=supsup~seed=0~sparsity=8', 'sparsity': 8, 'seed': 0, 'log-dir': 'runs/SupsupSeed/rn18-supsup_gpu2_num_masks_3', 'epochs': 250, 'data': './data'}, {'config': 'experiments/SupsupSeed/splitcifar100/configs/rn18-supsup_3.yaml', 'name': 'id=supsup~seed=0~sparsity=16', 'sparsity': 16, 'seed': 0, 'log-dir': 'runs/SupsupSeed/rn18-supsup_gpu2_num_masks_3', 'epochs': 250, 'data': './data'}, {'config': 'experiments/SupsupSeed/splitcifar100/configs/rn18-supsup_3.yaml', 'name': 'id=supsup~seed=0~sparsity=32', 'sparsity': 32, 'seed': 0, 'log-dir': 'runs/SupsupSeed/rn18-supsup_gpu2_num_masks_3', 'epochs': 250, 'data': './data'}]
=> Reading YAML config from experiments/SupsupSeed/splitcifar100/configs/rn18-supsup_3.yaml
=> Saving data in runs/SupsupSeed/rn18-supsup_gpu2_num_masks_3/id=supsup~seed=0~sparsity=1~try=7
Files already downloaded and verified
Files already downloaded and verified
[26 86  2 55 75 93 16 73 54 95 53 92 78 13  7 30 22 24 33  8 43 62  3 71
 45 48  6 99 82 76 60 80 90 68 51 27 18 56 63 74  1 61 42 41  4 15 17 40
 38  5 91 59  0 34 28 50 11 35 23 52 10 31 66 57 79 85 32 84 14 89 19 29
 49 97 98 69 20 94 72 77 25 37 81 46 39 65 58 12 88 70 87 36 21 83  9 96
 67 64 47 44]
[26 86  2 55 75]
[93 16 73 54 95]
[53 92 78 13  7]
Set sparsity of conv1 to 0.04259259259259259
Set sparsity of layer1.0.conv1 to 0.011111111111111112
Set sparsity of layer1.0.conv2 to 0.011111111111111112
Set sparsity of layer1.1.conv1 to 0.011111111111111112
Set sparsity of layer1.1.conv2 to 0.011111111111111112
Set sparsity of layer2.0.conv1 to 0.008333333333333333
Set sparsity of layer2.0.conv2 to 0.005555555555555556
Set sparsity of layer2.0.shortcut.0 to 0.075
Set sparsity of layer2.1.conv1 to 0.005555555555555556
Set sparsity of layer2.1.conv2 to 0.005555555555555556
Set sparsity of layer3.0.conv1 to 0.004166666666666667
Set sparsity of layer3.0.conv2 to 0.002777777777777778
Set sparsity of layer3.0.shortcut.0 to 0.0375
Set sparsity of layer3.1.conv1 to 0.002777777777777778
Set sparsity of layer3.1.conv2 to 0.002777777777777778
Set sparsity of layer4.0.conv1 to 0.0020833333333333333
Set sparsity of layer4.0.conv2 to 0.001388888888888889
Set sparsity of layer4.0.shortcut.0 to 0.01875
Set sparsity of layer4.1.conv1 to 0.001388888888888889
Set sparsity of layer4.1.conv2 to 0.001388888888888889
Set sparsity of linear to 0.20625
=> Parallelizing on [0] gpus
=> Using trainer <module 'trainers.default' from '/home/at2507/supsup_team/supsup/trainers/default.py'>
Task RandSplitCIFAR100: 0
Train Epoch: 1 [0/2500 (0%)]	Loss: 1.670147
Train Epoch: 1 [1280/2500 (50%)]	Loss: 1.427125

Test set: Average loss: 1.3809, Accuracy: (0.4220)

Train Epoch: 2 [0/2500 (0%)]	Loss: 1.440543
Train Epoch: 2 [1280/2500 (50%)]	Loss: 1.508847

Test set: Average loss: 1.2763, Accuracy: (0.4420)

Train Epoch: 3 [0/2500 (0%)]	Loss: 1.296674
Train Epoch: 3 [1280/2500 (50%)]	Loss: 1.284483

Test set: Average loss: 1.2022, Accuracy: (0.5240)

Train Epoch: 4 [0/2500 (0%)]	Loss: 1.213592
Train Epoch: 4 [1280/2500 (50%)]	Loss: 1.284631

Test set: Average loss: 1.1793, Accuracy: (0.5420)

Train Epoch: 5 [0/2500 (0%)]	Loss: 1.230855
Train Epoch: 5 [1280/2500 (50%)]	Loss: 1.124439

Test set: Average loss: 1.0867, Accuracy: (0.6120)

Train Epoch: 6 [0/2500 (0%)]	Loss: 1.051805
Train Epoch: 6 [1280/2500 (50%)]	Loss: 1.099308

Test set: Average loss: 1.0565, Accuracy: (0.6060)

Train Epoch: 7 [0/2500 (0%)]	Loss: 1.069177
Train Epoch: 7 [1280/2500 (50%)]	Loss: 1.254582

Test set: Average loss: 1.0327, Accuracy: (0.6380)

Train Epoch: 8 [0/2500 (0%)]	Loss: 1.059437
Train Epoch: 8 [1280/2500 (50%)]	Loss: 1.175814

Test set: Average loss: 1.1049, Accuracy: (0.5660)

Train Epoch: 9 [0/2500 (0%)]	Loss: 1.025501
Train Epoch: 9 [1280/2500 (50%)]	Loss: 1.237854

Test set: Average loss: 1.0996, Accuracy: (0.5720)

Train Epoch: 10 [0/2500 (0%)]	Loss: 1.220660
Train Epoch: 10 [1280/2500 (50%)]	Loss: 1.016532

Test set: Average loss: 1.0290, Accuracy: (0.6180)

Train Epoch: 11 [0/2500 (0%)]	Loss: 0.976122
Train Epoch: 11 [1280/2500 (50%)]	Loss: 0.974214

Test set: Average loss: 1.0252, Accuracy: (0.6260)

Train Epoch: 12 [0/2500 (0%)]	Loss: 1.127923
Train Epoch: 12 [1280/2500 (50%)]	Loss: 1.038999

Test set: Average loss: 1.1396, Accuracy: (0.5560)

Train Epoch: 13 [0/2500 (0%)]	Loss: 1.108705
Train Epoch: 13 [1280/2500 (50%)]	Loss: 1.172344

Test set: Average loss: 1.0099, Accuracy: (0.6240)

Train Epoch: 14 [0/2500 (0%)]	Loss: 1.025891
Train Epoch: 14 [1280/2500 (50%)]	Loss: 0.992772

Test set: Average loss: 0.9710, Accuracy: (0.6360)

Train Epoch: 15 [0/2500 (0%)]	Loss: 1.134615
Train Epoch: 15 [1280/2500 (50%)]	Loss: 1.016219

Test set: Average loss: 0.9841, Accuracy: (0.6320)

Train Epoch: 16 [0/2500 (0%)]	Loss: 1.098870
Train Epoch: 16 [1280/2500 (50%)]	Loss: 0.911354

Test set: Average loss: 0.9639, Accuracy: (0.6220)

Train Epoch: 17 [0/2500 (0%)]	Loss: 0.885493
Train Epoch: 17 [1280/2500 (50%)]	Loss: 1.021128

Test set: Average loss: 0.9842, Accuracy: (0.6140)

Train Epoch: 18 [0/2500 (0%)]	Loss: 1.075068
Train Epoch: 18 [1280/2500 (50%)]	Loss: 1.014399

Test set: Average loss: 1.0051, Accuracy: (0.6380)

Train Epoch: 19 [0/2500 (0%)]	Loss: 0.944126
Train Epoch: 19 [1280/2500 (50%)]	Loss: 0.958493

Test set: Average loss: 0.9756, Accuracy: (0.6260)

Train Epoch: 20 [0/2500 (0%)]	Loss: 0.908100
Train Epoch: 20 [1280/2500 (50%)]	Loss: 1.033510

Test set: Average loss: 0.9752, Accuracy: (0.6320)

Train Epoch: 21 [0/2500 (0%)]	Loss: 0.975119
Train Epoch: 21 [1280/2500 (50%)]	Loss: 0.926348

Test set: Average loss: 0.9424, Accuracy: (0.6440)

Train Epoch: 22 [0/2500 (0%)]	Loss: 0.946566
Train Epoch: 22 [1280/2500 (50%)]	Loss: 0.870167

Test set: Average loss: 0.9729, Accuracy: (0.6260)

Train Epoch: 23 [0/2500 (0%)]	Loss: 1.022018
Train Epoch: 23 [1280/2500 (50%)]	Loss: 0.947893

Test set: Average loss: 0.9791, Accuracy: (0.6260)

Train Epoch: 24 [0/2500 (0%)]	Loss: 0.951985
Train Epoch: 24 [1280/2500 (50%)]	Loss: 1.004215

Test set: Average loss: 0.9292, Accuracy: (0.6460)

Train Epoch: 25 [0/2500 (0%)]	Loss: 0.942385
Train Epoch: 25 [1280/2500 (50%)]	Loss: 0.956012

Test set: Average loss: 0.9718, Accuracy: (0.6280)

Train Epoch: 26 [0/2500 (0%)]	Loss: 1.003700
Train Epoch: 26 [1280/2500 (50%)]	Loss: 0.976885

Test set: Average loss: 0.9757, Accuracy: (0.6580)

Train Epoch: 27 [0/2500 (0%)]	Loss: 0.854420
Train Epoch: 27 [1280/2500 (50%)]	Loss: 1.006608

Test set: Average loss: 1.0005, Accuracy: (0.6400)

Train Epoch: 28 [0/2500 (0%)]	Loss: 0.912761
Train Epoch: 28 [1280/2500 (50%)]	Loss: 0.874510

Test set: Average loss: 0.9476, Accuracy: (0.6560)

Train Epoch: 29 [0/2500 (0%)]	Loss: 0.819725
Train Epoch: 29 [1280/2500 (50%)]	Loss: 1.017570

Test set: Average loss: 0.9349, Accuracy: (0.6440)

Train Epoch: 30 [0/2500 (0%)]	Loss: 1.022115
Train Epoch: 30 [1280/2500 (50%)]	Loss: 0.951193

Test set: Average loss: 0.8780, Accuracy: (0.6780)

Train Epoch: 31 [0/2500 (0%)]	Loss: 1.005483
Train Epoch: 31 [1280/2500 (50%)]	Loss: 1.092566

Test set: Average loss: 0.9254, Accuracy: (0.6560)

Train Epoch: 32 [0/2500 (0%)]	Loss: 0.806124
Train Epoch: 32 [1280/2500 (50%)]	Loss: 1.004398

Test set: Average loss: 0.9846, Accuracy: (0.6120)

Train Epoch: 33 [0/2500 (0%)]	Loss: 0.923089
Train Epoch: 33 [1280/2500 (50%)]	Loss: 1.051852

Test set: Average loss: 0.8807, Accuracy: (0.6820)

Train Epoch: 34 [0/2500 (0%)]	Loss: 0.984779
Train Epoch: 34 [1280/2500 (50%)]	Loss: 1.018684

Test set: Average loss: 0.9000, Accuracy: (0.6540)

Train Epoch: 35 [0/2500 (0%)]	Loss: 0.985035
Train Epoch: 35 [1280/2500 (50%)]	Loss: 0.859007

Test set: Average loss: 0.8942, Accuracy: (0.6640)

Train Epoch: 36 [0/2500 (0%)]	Loss: 1.030481
Train Epoch: 36 [1280/2500 (50%)]	Loss: 0.911711

Test set: Average loss: 0.8640, Accuracy: (0.6760)

Train Epoch: 37 [0/2500 (0%)]	Loss: 0.739643
Train Epoch: 37 [1280/2500 (50%)]	Loss: 0.843176

Test set: Average loss: 0.9308, Accuracy: (0.6340)

Train Epoch: 38 [0/2500 (0%)]	Loss: 0.909216
Train Epoch: 38 [1280/2500 (50%)]	Loss: 1.076723

Test set: Average loss: 0.9179, Accuracy: (0.6540)

Train Epoch: 39 [0/2500 (0%)]	Loss: 0.908598
Train Epoch: 39 [1280/2500 (50%)]	Loss: 0.908173

Test set: Average loss: 0.8944, Accuracy: (0.6440)

Train Epoch: 40 [0/2500 (0%)]	Loss: 0.824611
Train Epoch: 40 [1280/2500 (50%)]	Loss: 0.872332

Test set: Average loss: 0.9124, Accuracy: (0.6580)

Train Epoch: 41 [0/2500 (0%)]	Loss: 0.954245
Train Epoch: 41 [1280/2500 (50%)]	Loss: 0.879206

Test set: Average loss: 0.8835, Accuracy: (0.6580)

Train Epoch: 42 [0/2500 (0%)]	Loss: 0.733983
Train Epoch: 42 [1280/2500 (50%)]	Loss: 0.832650

Test set: Average loss: 0.9114, Accuracy: (0.6420)

Train Epoch: 43 [0/2500 (0%)]	Loss: 0.912915
Train Epoch: 43 [1280/2500 (50%)]	Loss: 0.984758

Test set: Average loss: 0.8704, Accuracy: (0.6800)

Train Epoch: 44 [0/2500 (0%)]	Loss: 0.908590
Train Epoch: 44 [1280/2500 (50%)]	Loss: 0.884034

Test set: Average loss: 0.9167, Accuracy: (0.6360)

Train Epoch: 45 [0/2500 (0%)]	Loss: 0.952404
Train Epoch: 45 [1280/2500 (50%)]	Loss: 0.789848

Test set: Average loss: 0.8813, Accuracy: (0.6600)

Train Epoch: 46 [0/2500 (0%)]	Loss: 0.895978
Train Epoch: 46 [1280/2500 (50%)]	Loss: 1.009881

Test set: Average loss: 0.8763, Accuracy: (0.6700)

Train Epoch: 47 [0/2500 (0%)]	Loss: 0.772267
Train Epoch: 47 [1280/2500 (50%)]	Loss: 0.796907

Test set: Average loss: 0.8402, Accuracy: (0.6660)

Train Epoch: 48 [0/2500 (0%)]	Loss: 0.797828
Train Epoch: 48 [1280/2500 (50%)]	Loss: 0.979443

Test set: Average loss: 0.8876, Accuracy: (0.6520)

Train Epoch: 49 [0/2500 (0%)]	Loss: 1.079383
Train Epoch: 49 [1280/2500 (50%)]	Loss: 0.709842

Test set: Average loss: 0.8718, Accuracy: (0.6740)

Train Epoch: 50 [0/2500 (0%)]	Loss: 0.822498
Train Epoch: 50 [1280/2500 (50%)]	Loss: 0.955295

Test set: Average loss: 0.8501, Accuracy: (0.6800)

Train Epoch: 51 [0/2500 (0%)]	Loss: 0.876470
Train Epoch: 51 [1280/2500 (50%)]	Loss: 0.797026

Test set: Average loss: 0.8895, Accuracy: (0.6620)

Train Epoch: 52 [0/2500 (0%)]	Loss: 0.838318
Train Epoch: 52 [1280/2500 (50%)]	Loss: 0.822932

Test set: Average loss: 0.8873, Accuracy: (0.6720)

Train Epoch: 53 [0/2500 (0%)]	Loss: 0.889019
Train Epoch: 53 [1280/2500 (50%)]	Loss: 0.896119

Test set: Average loss: 0.8719, Accuracy: (0.6620)

Train Epoch: 54 [0/2500 (0%)]	Loss: 0.805516
Train Epoch: 54 [1280/2500 (50%)]	Loss: 0.821056

Test set: Average loss: 0.8549, Accuracy: (0.6920)

Train Epoch: 55 [0/2500 (0%)]	Loss: 0.951470
Train Epoch: 55 [1280/2500 (50%)]	Loss: 0.916544

Test set: Average loss: 0.8283, Accuracy: (0.6880)

Train Epoch: 56 [0/2500 (0%)]	Loss: 0.871426
Train Epoch: 56 [1280/2500 (50%)]	Loss: 0.855617

Test set: Average loss: 0.8307, Accuracy: (0.6880)

Train Epoch: 57 [0/2500 (0%)]	Loss: 0.868973
Train Epoch: 57 [1280/2500 (50%)]	Loss: 0.810394

Test set: Average loss: 0.8570, Accuracy: (0.6780)

Train Epoch: 58 [0/2500 (0%)]	Loss: 0.867571
Train Epoch: 58 [1280/2500 (50%)]	Loss: 0.978502

Test set: Average loss: 0.8507, Accuracy: (0.6800)

Train Epoch: 59 [0/2500 (0%)]	Loss: 0.926656
Train Epoch: 59 [1280/2500 (50%)]	Loss: 0.808298

Test set: Average loss: 0.8844, Accuracy: (0.6640)

Train Epoch: 60 [0/2500 (0%)]	Loss: 0.952853
Train Epoch: 60 [1280/2500 (50%)]	Loss: 0.871893

Test set: Average loss: 0.8739, Accuracy: (0.6620)

Train Epoch: 61 [0/2500 (0%)]	Loss: 0.758092
Train Epoch: 61 [1280/2500 (50%)]	Loss: 0.859593

Test set: Average loss: 0.8873, Accuracy: (0.6600)

Train Epoch: 62 [0/2500 (0%)]	Loss: 0.756426
Train Epoch: 62 [1280/2500 (50%)]	Loss: 0.783169

Test set: Average loss: 0.8662, Accuracy: (0.6760)

Train Epoch: 63 [0/2500 (0%)]	Loss: 0.864211
Train Epoch: 63 [1280/2500 (50%)]	Loss: 0.780635

Test set: Average loss: 0.8873, Accuracy: (0.6780)

Train Epoch: 64 [0/2500 (0%)]	Loss: 0.658962
Train Epoch: 64 [1280/2500 (50%)]	Loss: 0.890030

Test set: Average loss: 0.8637, Accuracy: (0.6480)

Train Epoch: 65 [0/2500 (0%)]	Loss: 0.858207
Train Epoch: 65 [1280/2500 (50%)]	Loss: 0.820657

Test set: Average loss: 0.8995, Accuracy: (0.6420)

Train Epoch: 66 [0/2500 (0%)]	Loss: 0.982218
Train Epoch: 66 [1280/2500 (50%)]	Loss: 0.777844

Test set: Average loss: 0.8420, Accuracy: (0.6500)

Train Epoch: 67 [0/2500 (0%)]	Loss: 0.835125
Train Epoch: 67 [1280/2500 (50%)]	Loss: 0.816664

Test set: Average loss: 0.8400, Accuracy: (0.6840)

Train Epoch: 68 [0/2500 (0%)]	Loss: 0.712305
Train Epoch: 68 [1280/2500 (50%)]	Loss: 0.879279

Test set: Average loss: 0.8737, Accuracy: (0.6680)

Train Epoch: 69 [0/2500 (0%)]	Loss: 0.755525
Train Epoch: 69 [1280/2500 (50%)]	Loss: 0.976919

Test set: Average loss: 0.8372, Accuracy: (0.6920)

Train Epoch: 70 [0/2500 (0%)]	Loss: 0.908936
Train Epoch: 70 [1280/2500 (50%)]	Loss: 0.724802

Test set: Average loss: 0.8174, Accuracy: (0.6880)

Train Epoch: 71 [0/2500 (0%)]	Loss: 0.800143
Train Epoch: 71 [1280/2500 (50%)]	Loss: 0.914314

Test set: Average loss: 0.9086, Accuracy: (0.6600)

Train Epoch: 72 [0/2500 (0%)]	Loss: 0.855226
Train Epoch: 72 [1280/2500 (50%)]	Loss: 0.832145

Test set: Average loss: 0.8652, Accuracy: (0.6540)

Train Epoch: 73 [0/2500 (0%)]	Loss: 0.759483
Train Epoch: 73 [1280/2500 (50%)]	Loss: 0.970550

Test set: Average loss: 0.8482, Accuracy: (0.6740)

Train Epoch: 74 [0/2500 (0%)]	Loss: 0.812099
Train Epoch: 74 [1280/2500 (50%)]	Loss: 0.918332

Test set: Average loss: 0.8061, Accuracy: (0.6980)

Train Epoch: 75 [0/2500 (0%)]	Loss: 0.775418
Train Epoch: 75 [1280/2500 (50%)]	Loss: 0.827459

Test set: Average loss: 0.8326, Accuracy: (0.6900)

Train Epoch: 76 [0/2500 (0%)]	Loss: 0.937275
Train Epoch: 76 [1280/2500 (50%)]	Loss: 0.968990

Test set: Average loss: 0.8522, Accuracy: (0.6520)

Train Epoch: 77 [0/2500 (0%)]	Loss: 0.716760
Train Epoch: 77 [1280/2500 (50%)]	Loss: 0.900131

Test set: Average loss: 0.8314, Accuracy: (0.6780)

Train Epoch: 78 [0/2500 (0%)]	Loss: 0.944229
Train Epoch: 78 [1280/2500 (50%)]	Loss: 0.849033

Test set: Average loss: 0.8138, Accuracy: (0.6880)

Train Epoch: 79 [0/2500 (0%)]	Loss: 0.809935
Train Epoch: 79 [1280/2500 (50%)]	Loss: 0.956804

Test set: Average loss: 0.7986, Accuracy: (0.6940)

Train Epoch: 80 [0/2500 (0%)]	Loss: 0.748314
Train Epoch: 80 [1280/2500 (50%)]	Loss: 0.764716

Test set: Average loss: 0.8272, Accuracy: (0.6860)

Train Epoch: 81 [0/2500 (0%)]	Loss: 0.843070
Train Epoch: 81 [1280/2500 (50%)]	Loss: 0.896584

Test set: Average loss: 0.8129, Accuracy: (0.6920)

Train Epoch: 82 [0/2500 (0%)]	Loss: 0.829293
Train Epoch: 82 [1280/2500 (50%)]	Loss: 0.800869

Test set: Average loss: 0.8338, Accuracy: (0.6820)

Train Epoch: 83 [0/2500 (0%)]	Loss: 0.757050
Train Epoch: 83 [1280/2500 (50%)]	Loss: 0.843578

Test set: Average loss: 0.8204, Accuracy: (0.6960)

Train Epoch: 84 [0/2500 (0%)]	Loss: 0.661621
Train Epoch: 84 [1280/2500 (50%)]	Loss: 0.855214

Test set: Average loss: 0.8518, Accuracy: (0.6560)

Train Epoch: 85 [0/2500 (0%)]	Loss: 0.778571
Train Epoch: 85 [1280/2500 (50%)]	Loss: 0.783404

Test set: Average loss: 0.8708, Accuracy: (0.6740)

Train Epoch: 86 [0/2500 (0%)]	Loss: 0.817915
Train Epoch: 86 [1280/2500 (50%)]	Loss: 0.692284

Test set: Average loss: 0.8491, Accuracy: (0.6640)

Train Epoch: 87 [0/2500 (0%)]	Loss: 0.836341
Train Epoch: 87 [1280/2500 (50%)]	Loss: 0.763296

Test set: Average loss: 0.8496, Accuracy: (0.6700)

Train Epoch: 88 [0/2500 (0%)]	Loss: 1.020992
Train Epoch: 88 [1280/2500 (50%)]	Loss: 0.859330

Test set: Average loss: 0.9632, Accuracy: (0.6200)

Train Epoch: 89 [0/2500 (0%)]	Loss: 0.978844
Train Epoch: 89 [1280/2500 (50%)]	Loss: 0.751043

Test set: Average loss: 0.8216, Accuracy: (0.7040)

Train Epoch: 90 [0/2500 (0%)]	Loss: 0.822508
Train Epoch: 90 [1280/2500 (50%)]	Loss: 0.871835

Test set: Average loss: 0.8207, Accuracy: (0.6700)

Train Epoch: 91 [0/2500 (0%)]	Loss: 0.784753
Train Epoch: 91 [1280/2500 (50%)]	Loss: 0.744458

Test set: Average loss: 0.8068, Accuracy: (0.6760)

Train Epoch: 92 [0/2500 (0%)]	Loss: 0.923823
Train Epoch: 92 [1280/2500 (50%)]	Loss: 0.703391

Test set: Average loss: 0.8164, Accuracy: (0.6940)

Train Epoch: 93 [0/2500 (0%)]	Loss: 0.815103
Train Epoch: 93 [1280/2500 (50%)]	Loss: 0.887969

Test set: Average loss: 0.8686, Accuracy: (0.6600)

Train Epoch: 94 [0/2500 (0%)]	Loss: 0.862460
Train Epoch: 94 [1280/2500 (50%)]	Loss: 0.845985

Test set: Average loss: 0.8547, Accuracy: (0.6800)

Train Epoch: 95 [0/2500 (0%)]	Loss: 0.790693
Train Epoch: 95 [1280/2500 (50%)]	Loss: 0.933928

Test set: Average loss: 0.8236, Accuracy: (0.6920)

Train Epoch: 96 [0/2500 (0%)]	Loss: 0.799103
Train Epoch: 96 [1280/2500 (50%)]	Loss: 0.841848

Test set: Average loss: 0.7958, Accuracy: (0.6960)

Train Epoch: 97 [0/2500 (0%)]	Loss: 0.744822
Train Epoch: 97 [1280/2500 (50%)]	Loss: 0.739533

Test set: Average loss: 0.8246, Accuracy: (0.7040)

Train Epoch: 98 [0/2500 (0%)]	Loss: 0.716537
Train Epoch: 98 [1280/2500 (50%)]	Loss: 0.689740

Test set: Average loss: 0.8354, Accuracy: (0.6860)

Train Epoch: 99 [0/2500 (0%)]	Loss: 0.775426
Train Epoch: 99 [1280/2500 (50%)]	Loss: 0.808277

Test set: Average loss: 0.8384, Accuracy: (0.6640)

Train Epoch: 100 [0/2500 (0%)]	Loss: 0.738192
Train Epoch: 100 [1280/2500 (50%)]	Loss: 0.760658

Test set: Average loss: 0.7787, Accuracy: (0.7020)

Train Epoch: 101 [0/2500 (0%)]	Loss: 0.950473
Train Epoch: 101 [1280/2500 (50%)]	Loss: 0.776370

Test set: Average loss: 0.8321, Accuracy: (0.6780)

Train Epoch: 102 [0/2500 (0%)]	Loss: 0.860058
Train Epoch: 102 [1280/2500 (50%)]	Loss: 0.928493

Test set: Average loss: 0.9002, Accuracy: (0.6400)

Train Epoch: 103 [0/2500 (0%)]	Loss: 0.750079
Train Epoch: 103 [1280/2500 (50%)]	Loss: 0.743266

Test set: Average loss: 0.8352, Accuracy: (0.6740)

Train Epoch: 104 [0/2500 (0%)]	Loss: 0.747258
Train Epoch: 104 [1280/2500 (50%)]	Loss: 0.885232

Test set: Average loss: 0.8961, Accuracy: (0.6480)

Train Epoch: 105 [0/2500 (0%)]	Loss: 0.833633
Train Epoch: 105 [1280/2500 (50%)]	Loss: 0.879307

Test set: Average loss: 0.8214, Accuracy: (0.6820)

Train Epoch: 106 [0/2500 (0%)]	Loss: 0.704609
Train Epoch: 106 [1280/2500 (50%)]	Loss: 0.819475

Test set: Average loss: 0.8628, Accuracy: (0.6680)

Train Epoch: 107 [0/2500 (0%)]	Loss: 0.873181
Train Epoch: 107 [1280/2500 (50%)]	Loss: 0.796043

Test set: Average loss: 0.8438, Accuracy: (0.6780)

Train Epoch: 108 [0/2500 (0%)]	Loss: 0.833493
Train Epoch: 108 [1280/2500 (50%)]	Loss: 0.767714

Test set: Average loss: 0.8120, Accuracy: (0.6980)

Train Epoch: 109 [0/2500 (0%)]	Loss: 0.739446
Train Epoch: 109 [1280/2500 (50%)]	Loss: 0.912398

Test set: Average loss: 0.8208, Accuracy: (0.6820)

Train Epoch: 110 [0/2500 (0%)]	Loss: 0.839492
Train Epoch: 110 [1280/2500 (50%)]	Loss: 0.807618

Test set: Average loss: 0.8011, Accuracy: (0.7040)

Train Epoch: 111 [0/2500 (0%)]	Loss: 0.711104
Train Epoch: 111 [1280/2500 (50%)]	Loss: 1.049296

Test set: Average loss: 0.8189, Accuracy: (0.6820)

Train Epoch: 112 [0/2500 (0%)]	Loss: 0.880631
Train Epoch: 112 [1280/2500 (50%)]	Loss: 0.791460

Test set: Average loss: 0.8276, Accuracy: (0.6740)

Train Epoch: 113 [0/2500 (0%)]	Loss: 0.607136
Train Epoch: 113 [1280/2500 (50%)]	Loss: 0.796898

Test set: Average loss: 0.8303, Accuracy: (0.6860)

Train Epoch: 114 [0/2500 (0%)]	Loss: 0.901844
Train Epoch: 114 [1280/2500 (50%)]	Loss: 0.784380

Test set: Average loss: 0.8313, Accuracy: (0.6760)

Train Epoch: 115 [0/2500 (0%)]	Loss: 0.674976
Train Epoch: 115 [1280/2500 (50%)]	Loss: 0.720746

Test set: Average loss: 0.8195, Accuracy: (0.6840)

Train Epoch: 116 [0/2500 (0%)]	Loss: 0.891163
Train Epoch: 116 [1280/2500 (50%)]	Loss: 0.722006

Test set: Average loss: 0.7993, Accuracy: (0.6820)

Train Epoch: 117 [0/2500 (0%)]	Loss: 0.679203
Train Epoch: 117 [1280/2500 (50%)]	Loss: 0.887631

Test set: Average loss: 0.8359, Accuracy: (0.6760)

Train Epoch: 118 [0/2500 (0%)]	Loss: 0.735570
Train Epoch: 118 [1280/2500 (50%)]	Loss: 0.750966

Test set: Average loss: 0.7919, Accuracy: (0.7020)

Train Epoch: 119 [0/2500 (0%)]	Loss: 0.862724
Train Epoch: 119 [1280/2500 (50%)]	Loss: 0.786768

Test set: Average loss: 0.7597, Accuracy: (0.6960)

Train Epoch: 120 [0/2500 (0%)]	Loss: 0.736081
Train Epoch: 120 [1280/2500 (50%)]	Loss: 0.908851

Test set: Average loss: 0.8146, Accuracy: (0.6860)

Train Epoch: 121 [0/2500 (0%)]	Loss: 0.914672
Train Epoch: 121 [1280/2500 (50%)]	Loss: 0.792538

Test set: Average loss: 0.8010, Accuracy: (0.6960)

Train Epoch: 122 [0/2500 (0%)]	Loss: 0.786125
Train Epoch: 122 [1280/2500 (50%)]	Loss: 0.740980

Test set: Average loss: 0.8559, Accuracy: (0.6780)

Train Epoch: 123 [0/2500 (0%)]	Loss: 0.893164
Train Epoch: 123 [1280/2500 (50%)]	Loss: 0.819211

Test set: Average loss: 0.8386, Accuracy: (0.6780)

Train Epoch: 124 [0/2500 (0%)]	Loss: 0.766726
Train Epoch: 124 [1280/2500 (50%)]	Loss: 0.695008

Test set: Average loss: 0.8118, Accuracy: (0.6880)

Train Epoch: 125 [0/2500 (0%)]	Loss: 0.925679
Train Epoch: 125 [1280/2500 (50%)]	Loss: 0.821757

Test set: Average loss: 0.8284, Accuracy: (0.6580)

Train Epoch: 126 [0/2500 (0%)]	Loss: 0.778076
Train Epoch: 126 [1280/2500 (50%)]	Loss: 0.847064

Test set: Average loss: 0.8187, Accuracy: (0.7000)

Train Epoch: 127 [0/2500 (0%)]	Loss: 0.834078
Train Epoch: 127 [1280/2500 (50%)]	Loss: 0.673733

Test set: Average loss: 0.9097, Accuracy: (0.6660)

Train Epoch: 128 [0/2500 (0%)]	Loss: 0.883443
Train Epoch: 128 [1280/2500 (50%)]	Loss: 0.850041

Test set: Average loss: 0.7876, Accuracy: (0.6880)

Train Epoch: 129 [0/2500 (0%)]	Loss: 0.694040
Train Epoch: 129 [1280/2500 (50%)]	Loss: 0.779428

Test set: Average loss: 0.8193, Accuracy: (0.6900)

Train Epoch: 130 [0/2500 (0%)]	Loss: 0.817237
Train Epoch: 130 [1280/2500 (50%)]	Loss: 0.826872

Test set: Average loss: 0.8221, Accuracy: (0.6980)

Train Epoch: 131 [0/2500 (0%)]	Loss: 0.826751
Train Epoch: 131 [1280/2500 (50%)]	Loss: 0.737393

Test set: Average loss: 0.8166, Accuracy: (0.6880)

Train Epoch: 132 [0/2500 (0%)]	Loss: 0.759748
Train Epoch: 132 [1280/2500 (50%)]	Loss: 0.732609

Test set: Average loss: 0.7757, Accuracy: (0.7060)

Train Epoch: 133 [0/2500 (0%)]	Loss: 0.707937
Train Epoch: 133 [1280/2500 (50%)]	Loss: 0.759350

Test set: Average loss: 0.8416, Accuracy: (0.6760)

Train Epoch: 134 [0/2500 (0%)]	Loss: 0.795411
Train Epoch: 134 [1280/2500 (50%)]	Loss: 0.603403

Test set: Average loss: 0.8247, Accuracy: (0.6920)

Train Epoch: 135 [0/2500 (0%)]	Loss: 0.795066
Train Epoch: 135 [1280/2500 (50%)]	Loss: 0.811422

Test set: Average loss: 0.8309, Accuracy: (0.6960)

Train Epoch: 136 [0/2500 (0%)]	Loss: 0.904858
Train Epoch: 136 [1280/2500 (50%)]	Loss: 0.795172

Test set: Average loss: 0.7655, Accuracy: (0.7180)

Train Epoch: 137 [0/2500 (0%)]	Loss: 0.736154
Train Epoch: 137 [1280/2500 (50%)]	Loss: 0.672785

Test set: Average loss: 0.8006, Accuracy: (0.6940)

Train Epoch: 138 [0/2500 (0%)]	Loss: 0.698808
Train Epoch: 138 [1280/2500 (50%)]	Loss: 0.760067

Test set: Average loss: 0.8031, Accuracy: (0.6840)

Train Epoch: 139 [0/2500 (0%)]	Loss: 0.559388
Train Epoch: 139 [1280/2500 (50%)]	Loss: 0.661480

Test set: Average loss: 0.7808, Accuracy: (0.7040)

Train Epoch: 140 [0/2500 (0%)]	Loss: 0.777332
Train Epoch: 140 [1280/2500 (50%)]	Loss: 0.715432

Test set: Average loss: 0.7691, Accuracy: (0.7040)

Train Epoch: 141 [0/2500 (0%)]	Loss: 0.777316
Train Epoch: 141 [1280/2500 (50%)]	Loss: 0.881230

Test set: Average loss: 0.8411, Accuracy: (0.6880)

Train Epoch: 142 [0/2500 (0%)]	Loss: 0.735378
Train Epoch: 142 [1280/2500 (50%)]	Loss: 0.620228

Test set: Average loss: 0.7987, Accuracy: (0.6920)

Train Epoch: 143 [0/2500 (0%)]	Loss: 0.734189
Train Epoch: 143 [1280/2500 (50%)]	Loss: 0.772766

Test set: Average loss: 0.8098, Accuracy: (0.7060)

Train Epoch: 144 [0/2500 (0%)]	Loss: 0.791273
Train Epoch: 144 [1280/2500 (50%)]	Loss: 0.790729

Test set: Average loss: 0.7463, Accuracy: (0.7320)

Train Epoch: 145 [0/2500 (0%)]	Loss: 0.898822
Train Epoch: 145 [1280/2500 (50%)]	Loss: 0.810714

Test set: Average loss: 0.7992, Accuracy: (0.7000)

Train Epoch: 146 [0/2500 (0%)]	Loss: 0.820086
Train Epoch: 146 [1280/2500 (50%)]	Loss: 0.703167

Test set: Average loss: 0.7885, Accuracy: (0.6980)

Train Epoch: 147 [0/2500 (0%)]	Loss: 0.799609
Train Epoch: 147 [1280/2500 (50%)]	Loss: 0.856507

Test set: Average loss: 0.8045, Accuracy: (0.6700)

Train Epoch: 148 [0/2500 (0%)]	Loss: 0.787245
Train Epoch: 148 [1280/2500 (50%)]	Loss: 0.741612

Test set: Average loss: 0.7817, Accuracy: (0.7000)

Train Epoch: 149 [0/2500 (0%)]	Loss: 0.832365
Train Epoch: 149 [1280/2500 (50%)]	Loss: 0.690902

Test set: Average loss: 0.7880, Accuracy: (0.7000)

Train Epoch: 150 [0/2500 (0%)]	Loss: 0.764878
Train Epoch: 150 [1280/2500 (50%)]	Loss: 0.758528

Test set: Average loss: 0.8258, Accuracy: (0.6920)

Train Epoch: 151 [0/2500 (0%)]	Loss: 0.830054
Train Epoch: 151 [1280/2500 (50%)]	Loss: 0.714533

Test set: Average loss: 0.7872, Accuracy: (0.7060)

Train Epoch: 152 [0/2500 (0%)]	Loss: 0.746971
Train Epoch: 152 [1280/2500 (50%)]	Loss: 0.825899

Test set: Average loss: 0.8040, Accuracy: (0.6860)

Train Epoch: 153 [0/2500 (0%)]	Loss: 0.762002
Train Epoch: 153 [1280/2500 (50%)]	Loss: 0.678750

Test set: Average loss: 0.7755, Accuracy: (0.6880)

Train Epoch: 154 [0/2500 (0%)]	Loss: 0.740716
Train Epoch: 154 [1280/2500 (50%)]	Loss: 0.846123

Test set: Average loss: 0.8302, Accuracy: (0.6640)

Train Epoch: 155 [0/2500 (0%)]	Loss: 0.891170
Train Epoch: 155 [1280/2500 (50%)]	Loss: 0.753937

Test set: Average loss: 0.7763, Accuracy: (0.7220)

Train Epoch: 156 [0/2500 (0%)]	Loss: 0.713619
Train Epoch: 156 [1280/2500 (50%)]	Loss: 0.688093

Test set: Average loss: 0.8119, Accuracy: (0.6820)

Train Epoch: 157 [0/2500 (0%)]	Loss: 0.796515
Train Epoch: 157 [1280/2500 (50%)]	Loss: 0.790143

Test set: Average loss: 0.7841, Accuracy: (0.7140)

Train Epoch: 158 [0/2500 (0%)]	Loss: 0.669452
Train Epoch: 158 [1280/2500 (50%)]	Loss: 0.643532

Test set: Average loss: 0.7822, Accuracy: (0.6980)

Train Epoch: 159 [0/2500 (0%)]	Loss: 0.829787
Train Epoch: 159 [1280/2500 (50%)]	Loss: 0.819016

Test set: Average loss: 0.7611, Accuracy: (0.7160)

Train Epoch: 160 [0/2500 (0%)]	Loss: 0.733734
Train Epoch: 160 [1280/2500 (50%)]	Loss: 0.759343

Test set: Average loss: 0.7967, Accuracy: (0.6980)

Train Epoch: 161 [0/2500 (0%)]	Loss: 0.775795
Train Epoch: 161 [1280/2500 (50%)]	Loss: 0.848424

Test set: Average loss: 0.8040, Accuracy: (0.6860)

Train Epoch: 162 [0/2500 (0%)]	Loss: 0.827341
Train Epoch: 162 [1280/2500 (50%)]	Loss: 0.768741

Test set: Average loss: 0.7974, Accuracy: (0.6980)

Train Epoch: 163 [0/2500 (0%)]	Loss: 0.825606
Train Epoch: 163 [1280/2500 (50%)]	Loss: 0.866802

Test set: Average loss: 0.7868, Accuracy: (0.7060)

Train Epoch: 164 [0/2500 (0%)]	Loss: 0.684075
Train Epoch: 164 [1280/2500 (50%)]	Loss: 0.723696

Test set: Average loss: 0.7935, Accuracy: (0.7180)

Train Epoch: 165 [0/2500 (0%)]	Loss: 0.856062
Train Epoch: 165 [1280/2500 (50%)]	Loss: 0.790246

Test set: Average loss: 0.7557, Accuracy: (0.7160)

Train Epoch: 166 [0/2500 (0%)]	Loss: 0.640492
Train Epoch: 166 [1280/2500 (50%)]	Loss: 0.718213

Test set: Average loss: 0.7622, Accuracy: (0.7160)

Train Epoch: 167 [0/2500 (0%)]	Loss: 0.665938
Train Epoch: 167 [1280/2500 (50%)]	Loss: 0.703314

Test set: Average loss: 0.7601, Accuracy: (0.7320)

Train Epoch: 168 [0/2500 (0%)]	Loss: 0.795914
Train Epoch: 168 [1280/2500 (50%)]	Loss: 0.672901

Test set: Average loss: 0.7850, Accuracy: (0.6840)

Train Epoch: 169 [0/2500 (0%)]	Loss: 0.736347
Train Epoch: 169 [1280/2500 (50%)]	Loss: 0.736539

Test set: Average loss: 0.7965, Accuracy: (0.6940)

Train Epoch: 170 [0/2500 (0%)]	Loss: 0.671053
Train Epoch: 170 [1280/2500 (50%)]	Loss: 0.632262

Test set: Average loss: 0.7959, Accuracy: (0.7180)

Train Epoch: 171 [0/2500 (0%)]	Loss: 0.679676
Train Epoch: 171 [1280/2500 (50%)]	Loss: 0.758803

Test set: Average loss: 0.7636, Accuracy: (0.7200)

Train Epoch: 172 [0/2500 (0%)]	Loss: 0.669227
Train Epoch: 172 [1280/2500 (50%)]	Loss: 0.765218

Test set: Average loss: 0.7659, Accuracy: (0.7120)

Train Epoch: 173 [0/2500 (0%)]	Loss: 0.803643
Train Epoch: 173 [1280/2500 (50%)]	Loss: 0.803104

Test set: Average loss: 0.7940, Accuracy: (0.7100)

Train Epoch: 174 [0/2500 (0%)]	Loss: 0.806443
Train Epoch: 174 [1280/2500 (50%)]	Loss: 0.737401

Test set: Average loss: 0.7730, Accuracy: (0.7120)

Train Epoch: 175 [0/2500 (0%)]	Loss: 0.852188
Train Epoch: 175 [1280/2500 (50%)]	Loss: 0.902763

Test set: Average loss: 0.7571, Accuracy: (0.7180)

Train Epoch: 176 [0/2500 (0%)]	Loss: 0.796828
Train Epoch: 176 [1280/2500 (50%)]	Loss: 0.691872

Test set: Average loss: 0.7504, Accuracy: (0.7100)

Train Epoch: 177 [0/2500 (0%)]	Loss: 0.668152
Train Epoch: 177 [1280/2500 (50%)]	Loss: 0.722830

Test set: Average loss: 0.7789, Accuracy: (0.6960)

Train Epoch: 178 [0/2500 (0%)]	Loss: 0.741003
Train Epoch: 178 [1280/2500 (50%)]	Loss: 0.775082

Test set: Average loss: 0.7541, Accuracy: (0.7140)

Train Epoch: 179 [0/2500 (0%)]	Loss: 0.716036
Train Epoch: 179 [1280/2500 (50%)]	Loss: 0.652031

Test set: Average loss: 0.7734, Accuracy: (0.7080)

Train Epoch: 180 [0/2500 (0%)]	Loss: 0.835917
Train Epoch: 180 [1280/2500 (50%)]	Loss: 0.721146

Test set: Average loss: 0.7517, Accuracy: (0.7320)

Train Epoch: 181 [0/2500 (0%)]	Loss: 0.508267
Train Epoch: 181 [1280/2500 (50%)]	Loss: 0.786461

Test set: Average loss: 0.7838, Accuracy: (0.7020)

Train Epoch: 182 [0/2500 (0%)]	Loss: 0.657713
Train Epoch: 182 [1280/2500 (50%)]	Loss: 0.859442

Test set: Average loss: 0.7498, Accuracy: (0.7100)

Train Epoch: 183 [0/2500 (0%)]	Loss: 0.751583
Train Epoch: 183 [1280/2500 (50%)]	Loss: 0.599926

Test set: Average loss: 0.8010, Accuracy: (0.6820)

Train Epoch: 184 [0/2500 (0%)]	Loss: 0.757552
Train Epoch: 184 [1280/2500 (50%)]	Loss: 0.733325

Test set: Average loss: 0.7670, Accuracy: (0.7020)

Train Epoch: 185 [0/2500 (0%)]	Loss: 0.675275
Train Epoch: 185 [1280/2500 (50%)]	Loss: 0.867649

Test set: Average loss: 0.7517, Accuracy: (0.7220)

Train Epoch: 186 [0/2500 (0%)]	Loss: 0.750920
Train Epoch: 186 [1280/2500 (50%)]	Loss: 0.912723

Test set: Average loss: 0.7686, Accuracy: (0.7160)

Train Epoch: 187 [0/2500 (0%)]	Loss: 0.805461
Train Epoch: 187 [1280/2500 (50%)]	Loss: 0.572891

Test set: Average loss: 0.7560, Accuracy: (0.6980)

Train Epoch: 188 [0/2500 (0%)]	Loss: 0.607489
Train Epoch: 188 [1280/2500 (50%)]	Loss: 0.686810

Test set: Average loss: 0.7678, Accuracy: (0.7080)

Train Epoch: 189 [0/2500 (0%)]	Loss: 0.718689
Train Epoch: 189 [1280/2500 (50%)]	Loss: 0.787371

Test set: Average loss: 0.7792, Accuracy: (0.6900)

Train Epoch: 190 [0/2500 (0%)]	Loss: 0.735107
Train Epoch: 190 [1280/2500 (50%)]	Loss: 0.696106

Test set: Average loss: 0.8019, Accuracy: (0.6980)

Train Epoch: 191 [0/2500 (0%)]	Loss: 0.755346
Train Epoch: 191 [1280/2500 (50%)]	Loss: 0.702260

Test set: Average loss: 0.7813, Accuracy: (0.7080)

Train Epoch: 192 [0/2500 (0%)]	Loss: 0.707265
Train Epoch: 192 [1280/2500 (50%)]	Loss: 0.630342

Test set: Average loss: 0.7652, Accuracy: (0.7000)

Train Epoch: 193 [0/2500 (0%)]	Loss: 0.807482
Train Epoch: 193 [1280/2500 (50%)]	Loss: 0.539424

Test set: Average loss: 0.8310, Accuracy: (0.6740)

Train Epoch: 194 [0/2500 (0%)]	Loss: 0.696582
Train Epoch: 194 [1280/2500 (50%)]	Loss: 0.682343

Test set: Average loss: 0.7980, Accuracy: (0.6800)

Train Epoch: 195 [0/2500 (0%)]	Loss: 0.578664
Train Epoch: 195 [1280/2500 (50%)]	Loss: 0.628735

Test set: Average loss: 0.7457, Accuracy: (0.7120)

Train Epoch: 196 [0/2500 (0%)]	Loss: 0.675710
Train Epoch: 196 [1280/2500 (50%)]	Loss: 0.759630

Test set: Average loss: 0.7660, Accuracy: (0.7200)

Train Epoch: 197 [0/2500 (0%)]	Loss: 0.718537
Train Epoch: 197 [1280/2500 (50%)]	Loss: 0.759278

Test set: Average loss: 0.8008, Accuracy: (0.6920)

Train Epoch: 198 [0/2500 (0%)]	Loss: 0.606435
Train Epoch: 198 [1280/2500 (50%)]	Loss: 0.720602

Test set: Average loss: 0.7574, Accuracy: (0.7280)

Train Epoch: 199 [0/2500 (0%)]	Loss: 0.732989
Train Epoch: 199 [1280/2500 (50%)]	Loss: 0.601452

Test set: Average loss: 0.7786, Accuracy: (0.7040)

Train Epoch: 200 [0/2500 (0%)]	Loss: 0.669654
Train Epoch: 200 [1280/2500 (50%)]	Loss: 0.655961

Test set: Average loss: 0.7730, Accuracy: (0.7060)

Train Epoch: 201 [0/2500 (0%)]	Loss: 0.750159
Train Epoch: 201 [1280/2500 (50%)]	Loss: 0.839414

Test set: Average loss: 0.7760, Accuracy: (0.7160)

Train Epoch: 202 [0/2500 (0%)]	Loss: 0.686486
Train Epoch: 202 [1280/2500 (50%)]	Loss: 0.778250

Test set: Average loss: 0.8088, Accuracy: (0.6860)

Train Epoch: 203 [0/2500 (0%)]	Loss: 0.723345
Train Epoch: 203 [1280/2500 (50%)]	Loss: 0.708186

Test set: Average loss: 0.8170, Accuracy: (0.6920)

Train Epoch: 204 [0/2500 (0%)]	Loss: 0.763147
Train Epoch: 204 [1280/2500 (50%)]	Loss: 0.762436

Test set: Average loss: 0.8073, Accuracy: (0.7080)

Train Epoch: 205 [0/2500 (0%)]	Loss: 0.704315
Train Epoch: 205 [1280/2500 (50%)]	Loss: 0.554806

Test set: Average loss: 0.7719, Accuracy: (0.7080)

Train Epoch: 206 [0/2500 (0%)]	Loss: 0.707340
Train Epoch: 206 [1280/2500 (50%)]	Loss: 0.765994

Test set: Average loss: 0.7701, Accuracy: (0.7080)

Train Epoch: 207 [0/2500 (0%)]	Loss: 0.688260
Train Epoch: 207 [1280/2500 (50%)]	Loss: 0.656723

Test set: Average loss: 0.7576, Accuracy: (0.7140)

Train Epoch: 208 [0/2500 (0%)]	Loss: 0.673762
Train Epoch: 208 [1280/2500 (50%)]	Loss: 0.619740

Test set: Average loss: 0.7407, Accuracy: (0.7100)

Train Epoch: 209 [0/2500 (0%)]	Loss: 0.661755
Train Epoch: 209 [1280/2500 (50%)]	Loss: 0.803644

Test set: Average loss: 0.7587, Accuracy: (0.7120)

Train Epoch: 210 [0/2500 (0%)]	Loss: 0.642895
Train Epoch: 210 [1280/2500 (50%)]	Loss: 0.655110

Test set: Average loss: 0.7257, Accuracy: (0.7220)

Train Epoch: 211 [0/2500 (0%)]	Loss: 0.790783
Train Epoch: 211 [1280/2500 (50%)]	Loss: 0.671213

Test set: Average loss: 0.8454, Accuracy: (0.6660)

Train Epoch: 212 [0/2500 (0%)]	Loss: 0.745966
Train Epoch: 212 [1280/2500 (50%)]	Loss: 0.742145

Test set: Average loss: 0.7436, Accuracy: (0.7280)

Train Epoch: 213 [0/2500 (0%)]	Loss: 0.615102
Train Epoch: 213 [1280/2500 (50%)]	Loss: 0.755158

Test set: Average loss: 0.7832, Accuracy: (0.7080)

Train Epoch: 214 [0/2500 (0%)]	Loss: 0.778245
Train Epoch: 214 [1280/2500 (50%)]	Loss: 0.706477

Test set: Average loss: 0.7769, Accuracy: (0.7160)

Train Epoch: 215 [0/2500 (0%)]	Loss: 0.628790
Train Epoch: 215 [1280/2500 (50%)]	Loss: 0.704067

Test set: Average loss: 0.7478, Accuracy: (0.7320)

Train Epoch: 216 [0/2500 (0%)]	Loss: 0.806898
Train Epoch: 216 [1280/2500 (50%)]	Loss: 0.752933

Test set: Average loss: 0.7681, Accuracy: (0.7140)

Train Epoch: 217 [0/2500 (0%)]	Loss: 0.707549
Train Epoch: 217 [1280/2500 (50%)]	Loss: 0.597138

Test set: Average loss: 0.7773, Accuracy: (0.6880)

Train Epoch: 218 [0/2500 (0%)]	Loss: 0.659939
Train Epoch: 218 [1280/2500 (50%)]	Loss: 0.621182

Test set: Average loss: 0.7711, Accuracy: (0.6980)

Train Epoch: 219 [0/2500 (0%)]	Loss: 0.728254
Train Epoch: 219 [1280/2500 (50%)]	Loss: 0.659260

Test set: Average loss: 0.7430, Accuracy: (0.7020)

Train Epoch: 220 [0/2500 (0%)]	Loss: 0.679304
Train Epoch: 220 [1280/2500 (50%)]	Loss: 0.805908

Test set: Average loss: 0.7585, Accuracy: (0.7040)

Train Epoch: 221 [0/2500 (0%)]	Loss: 0.592193
Train Epoch: 221 [1280/2500 (50%)]	Loss: 0.662198

Test set: Average loss: 0.7284, Accuracy: (0.7080)

Train Epoch: 222 [0/2500 (0%)]	Loss: 0.777113
Train Epoch: 222 [1280/2500 (50%)]	Loss: 0.666136

Test set: Average loss: 0.7423, Accuracy: (0.7280)

Train Epoch: 223 [0/2500 (0%)]	Loss: 0.674787
Train Epoch: 223 [1280/2500 (50%)]	Loss: 0.613806

Test set: Average loss: 0.7808, Accuracy: (0.7140)

Train Epoch: 224 [0/2500 (0%)]	Loss: 0.711406
Train Epoch: 224 [1280/2500 (50%)]	Loss: 0.654379

Test set: Average loss: 0.7497, Accuracy: (0.7120)

Train Epoch: 225 [0/2500 (0%)]	Loss: 0.646944
Train Epoch: 225 [1280/2500 (50%)]	Loss: 0.759965

Test set: Average loss: 0.7645, Accuracy: (0.7080)

Train Epoch: 226 [0/2500 (0%)]	Loss: 0.695523
Train Epoch: 226 [1280/2500 (50%)]	Loss: 0.799597

Test set: Average loss: 0.7692, Accuracy: (0.7140)

Train Epoch: 227 [0/2500 (0%)]	Loss: 0.667052
Train Epoch: 227 [1280/2500 (50%)]	Loss: 0.594594

Test set: Average loss: 0.7337, Accuracy: (0.7220)

Train Epoch: 228 [0/2500 (0%)]	Loss: 0.689255
Train Epoch: 228 [1280/2500 (50%)]	Loss: 0.588641

Test set: Average loss: 0.7515, Accuracy: (0.7160)

Train Epoch: 229 [0/2500 (0%)]	Loss: 0.667230
Train Epoch: 229 [1280/2500 (50%)]	Loss: 0.740236

Test set: Average loss: 0.7698, Accuracy: (0.7260)

Train Epoch: 230 [0/2500 (0%)]	Loss: 0.739130
Train Epoch: 230 [1280/2500 (50%)]	Loss: 0.657906

Test set: Average loss: 0.7752, Accuracy: (0.7140)

Train Epoch: 231 [0/2500 (0%)]	Loss: 0.751946
Train Epoch: 231 [1280/2500 (50%)]	Loss: 0.679579

Test set: Average loss: 0.7564, Accuracy: (0.7320)

Train Epoch: 232 [0/2500 (0%)]	Loss: 0.620237
Train Epoch: 232 [1280/2500 (50%)]	Loss: 0.588482

Test set: Average loss: 0.7556, Accuracy: (0.7160)

Train Epoch: 233 [0/2500 (0%)]	Loss: 0.633326
Train Epoch: 233 [1280/2500 (50%)]	Loss: 0.848897

Test set: Average loss: 0.7272, Accuracy: (0.7280)

Train Epoch: 234 [0/2500 (0%)]	Loss: 0.767467
Train Epoch: 234 [1280/2500 (50%)]	Loss: 0.609611

Test set: Average loss: 0.7466, Accuracy: (0.7160)

Train Epoch: 235 [0/2500 (0%)]	Loss: 0.740609
Train Epoch: 235 [1280/2500 (50%)]	Loss: 0.721627

Test set: Average loss: 0.7353, Accuracy: (0.7220)

Train Epoch: 236 [0/2500 (0%)]	Loss: 0.544263
Train Epoch: 236 [1280/2500 (50%)]	Loss: 0.755624

Test set: Average loss: 0.7244, Accuracy: (0.7200)

Train Epoch: 237 [0/2500 (0%)]	Loss: 0.672655
Train Epoch: 237 [1280/2500 (50%)]	Loss: 0.829976

Test set: Average loss: 0.7214, Accuracy: (0.7300)

Train Epoch: 238 [0/2500 (0%)]	Loss: 0.684604
Train Epoch: 238 [1280/2500 (50%)]	Loss: 0.720438

Test set: Average loss: 0.7593, Accuracy: (0.7300)

Train Epoch: 239 [0/2500 (0%)]	Loss: 0.634878
Train Epoch: 239 [1280/2500 (50%)]	Loss: 0.697350

Test set: Average loss: 0.7169, Accuracy: (0.7360)

Train Epoch: 240 [0/2500 (0%)]	Loss: 0.538536
Train Epoch: 240 [1280/2500 (50%)]	Loss: 0.643094

Test set: Average loss: 0.7221, Accuracy: (0.7220)

Train Epoch: 241 [0/2500 (0%)]	Loss: 0.685443
Train Epoch: 241 [1280/2500 (50%)]	Loss: 0.696117

Test set: Average loss: 0.7189, Accuracy: (0.7300)

Train Epoch: 242 [0/2500 (0%)]	Loss: 0.599300
Train Epoch: 242 [1280/2500 (50%)]	Loss: 0.613372

Test set: Average loss: 0.7257, Accuracy: (0.7340)

Train Epoch: 243 [0/2500 (0%)]	Loss: 0.704714
Train Epoch: 243 [1280/2500 (50%)]	Loss: 0.731760

Test set: Average loss: 0.7230, Accuracy: (0.7520)

Train Epoch: 244 [0/2500 (0%)]	Loss: 0.605235
Train Epoch: 244 [1280/2500 (50%)]	Loss: 0.725843

Test set: Average loss: 0.7043, Accuracy: (0.7320)

Train Epoch: 245 [0/2500 (0%)]	Loss: 0.704390
Train Epoch: 245 [1280/2500 (50%)]	Loss: 0.646868

Test set: Average loss: 0.7480, Accuracy: (0.7320)

Train Epoch: 246 [0/2500 (0%)]	Loss: 0.806959
Train Epoch: 246 [1280/2500 (50%)]	Loss: 0.597582

Test set: Average loss: 0.7094, Accuracy: (0.7400)

Train Epoch: 247 [0/2500 (0%)]	Loss: 0.680958
Train Epoch: 247 [1280/2500 (50%)]	Loss: 0.715158

Test set: Average loss: 0.6907, Accuracy: (0.7520)

Train Epoch: 248 [0/2500 (0%)]	Loss: 0.636961
Train Epoch: 248 [1280/2500 (50%)]	Loss: 0.696705

Test set: Average loss: 0.7519, Accuracy: (0.7180)

Train Epoch: 249 [0/2500 (0%)]	Loss: 0.580733
Train Epoch: 249 [1280/2500 (50%)]	Loss: 0.635331

Test set: Average loss: 0.7026, Accuracy: (0.7420)

Train Epoch: 250 [0/2500 (0%)]	Loss: 0.774216
Train Epoch: 250 [1280/2500 (50%)]	Loss: 0.668001

Test set: Average loss: 0.7035, Accuracy: (0.7560)

Task RandSplitCIFAR100: 1
Train Epoch: 1 [0/2500 (0%)]	Loss: 1.585848
Train Epoch: 1 [1280/2500 (50%)]	Loss: 1.318607

Test set: Average loss: 1.3289, Accuracy: (0.3960)

Train Epoch: 2 [0/2500 (0%)]	Loss: 1.212268
Train Epoch: 2 [1280/2500 (50%)]	Loss: 1.241177

Test set: Average loss: 1.1592, Accuracy: (0.5080)

Train Epoch: 3 [0/2500 (0%)]	Loss: 1.203135
Train Epoch: 3 [1280/2500 (50%)]	Loss: 1.210510

Test set: Average loss: 1.2870, Accuracy: (0.4320)

Train Epoch: 4 [0/2500 (0%)]	Loss: 1.141813
Train Epoch: 4 [1280/2500 (50%)]	Loss: 1.065870

Test set: Average loss: 1.2300, Accuracy: (0.4640)

Train Epoch: 5 [0/2500 (0%)]	Loss: 1.235367
Train Epoch: 5 [1280/2500 (50%)]	Loss: 1.037866

Test set: Average loss: 1.1197, Accuracy: (0.5300)

Train Epoch: 6 [0/2500 (0%)]	Loss: 1.027614
Train Epoch: 6 [1280/2500 (50%)]	Loss: 0.998298

Test set: Average loss: 1.1786, Accuracy: (0.5120)

Train Epoch: 7 [0/2500 (0%)]	Loss: 1.131155
Train Epoch: 7 [1280/2500 (50%)]	Loss: 1.023465

Test set: Average loss: 1.0804, Accuracy: (0.5620)

Train Epoch: 8 [0/2500 (0%)]	Loss: 0.992224
Train Epoch: 8 [1280/2500 (50%)]	Loss: 1.113425

Test set: Average loss: 1.0896, Accuracy: (0.5700)

Train Epoch: 9 [0/2500 (0%)]	Loss: 1.028297
Train Epoch: 9 [1280/2500 (50%)]	Loss: 1.064043

Test set: Average loss: 1.0855, Accuracy: (0.5380)

Train Epoch: 10 [0/2500 (0%)]	Loss: 1.019624
Train Epoch: 10 [1280/2500 (50%)]	Loss: 0.951921

Test set: Average loss: 1.0232, Accuracy: (0.5940)

Train Epoch: 11 [0/2500 (0%)]	Loss: 0.902432
Train Epoch: 11 [1280/2500 (50%)]	Loss: 1.100658

Test set: Average loss: 1.0398, Accuracy: (0.5860)

Train Epoch: 12 [0/2500 (0%)]	Loss: 0.897702
Train Epoch: 12 [1280/2500 (50%)]	Loss: 1.021763

Test set: Average loss: 1.0555, Accuracy: (0.5720)

Train Epoch: 13 [0/2500 (0%)]	Loss: 1.064641
Train Epoch: 13 [1280/2500 (50%)]	Loss: 1.143578

Test set: Average loss: 1.0316, Accuracy: (0.5760)

Train Epoch: 14 [0/2500 (0%)]	Loss: 0.875390
Train Epoch: 14 [1280/2500 (50%)]	Loss: 0.960901

Test set: Average loss: 1.0399, Accuracy: (0.5820)

Train Epoch: 15 [0/2500 (0%)]	Loss: 1.063537
Train Epoch: 15 [1280/2500 (50%)]	Loss: 1.010388

Test set: Average loss: 0.9737, Accuracy: (0.5960)

Train Epoch: 16 [0/2500 (0%)]	Loss: 0.951506
Train Epoch: 16 [1280/2500 (50%)]	Loss: 0.957271

Test set: Average loss: 1.0331, Accuracy: (0.5980)

Train Epoch: 17 [0/2500 (0%)]	Loss: 0.934987
Train Epoch: 17 [1280/2500 (50%)]	Loss: 0.914292

Test set: Average loss: 1.0509, Accuracy: (0.5660)

Train Epoch: 18 [0/2500 (0%)]	Loss: 1.029848
Train Epoch: 18 [1280/2500 (50%)]	Loss: 0.963332

Test set: Average loss: 0.9659, Accuracy: (0.5940)

Train Epoch: 19 [0/2500 (0%)]	Loss: 1.057807
Train Epoch: 19 [1280/2500 (50%)]	Loss: 1.026007

Test set: Average loss: 0.9911, Accuracy: (0.6080)

Train Epoch: 20 [0/2500 (0%)]	Loss: 0.942297
Train Epoch: 20 [1280/2500 (50%)]	Loss: 0.892385

Test set: Average loss: 0.9581, Accuracy: (0.6020)

Train Epoch: 21 [0/2500 (0%)]	Loss: 0.821353
Train Epoch: 21 [1280/2500 (50%)]	Loss: 0.888371

Test set: Average loss: 0.9425, Accuracy: (0.6240)

Train Epoch: 22 [0/2500 (0%)]	Loss: 0.844472
Train Epoch: 22 [1280/2500 (50%)]	Loss: 1.008941

Test set: Average loss: 0.9371, Accuracy: (0.6260)

Train Epoch: 23 [0/2500 (0%)]	Loss: 0.915504
Train Epoch: 23 [1280/2500 (50%)]	Loss: 0.906791

Test set: Average loss: 0.9115, Accuracy: (0.6120)

Train Epoch: 24 [0/2500 (0%)]	Loss: 0.876649
Train Epoch: 24 [1280/2500 (50%)]	Loss: 0.921857

Test set: Average loss: 0.9136, Accuracy: (0.6180)

Train Epoch: 25 [0/2500 (0%)]	Loss: 0.865404
Train Epoch: 25 [1280/2500 (50%)]	Loss: 0.889670

Test set: Average loss: 0.8788, Accuracy: (0.6540)

Train Epoch: 26 [0/2500 (0%)]	Loss: 0.890882
Train Epoch: 26 [1280/2500 (50%)]	Loss: 0.888004

Test set: Average loss: 0.9324, Accuracy: (0.6220)

Train Epoch: 27 [0/2500 (0%)]	Loss: 0.949590
Train Epoch: 27 [1280/2500 (50%)]	Loss: 0.912467

Test set: Average loss: 0.8809, Accuracy: (0.6340)

Train Epoch: 28 [0/2500 (0%)]	Loss: 0.884617
Train Epoch: 28 [1280/2500 (50%)]	Loss: 0.823872

Test set: Average loss: 0.9377, Accuracy: (0.6420)

Train Epoch: 29 [0/2500 (0%)]	Loss: 0.915436
Train Epoch: 29 [1280/2500 (50%)]	Loss: 0.820727

Test set: Average loss: 0.9550, Accuracy: (0.6040)

Train Epoch: 30 [0/2500 (0%)]	Loss: 0.800549
Train Epoch: 30 [1280/2500 (50%)]	Loss: 0.789774

Test set: Average loss: 0.9102, Accuracy: (0.6260)

Train Epoch: 31 [0/2500 (0%)]	Loss: 0.978336
Train Epoch: 31 [1280/2500 (50%)]	Loss: 0.808535

Test set: Average loss: 0.9036, Accuracy: (0.6380)

Train Epoch: 32 [0/2500 (0%)]	Loss: 0.836569
Train Epoch: 32 [1280/2500 (50%)]	Loss: 0.896259

Test set: Average loss: 0.8950, Accuracy: (0.6400)

Train Epoch: 33 [0/2500 (0%)]	Loss: 0.989970
Train Epoch: 33 [1280/2500 (50%)]	Loss: 0.972615

Test set: Average loss: 0.8793, Accuracy: (0.6480)

Train Epoch: 34 [0/2500 (0%)]	Loss: 0.823467
Train Epoch: 34 [1280/2500 (50%)]	Loss: 0.955429

Test set: Average loss: 0.8197, Accuracy: (0.6460)

Train Epoch: 35 [0/2500 (0%)]	Loss: 0.740837
Train Epoch: 35 [1280/2500 (50%)]	Loss: 0.939297

Test set: Average loss: 0.9055, Accuracy: (0.6520)

Train Epoch: 36 [0/2500 (0%)]	Loss: 0.765117
Train Epoch: 36 [1280/2500 (50%)]	Loss: 0.829301

Test set: Average loss: 0.8339, Accuracy: (0.6600)

Train Epoch: 37 [0/2500 (0%)]	Loss: 0.887787
Train Epoch: 37 [1280/2500 (50%)]	Loss: 0.814802

Test set: Average loss: 0.9071, Accuracy: (0.6680)

Train Epoch: 38 [0/2500 (0%)]	Loss: 0.968879
Train Epoch: 38 [1280/2500 (50%)]	Loss: 0.865128

Test set: Average loss: 0.8477, Accuracy: (0.6640)

Train Epoch: 39 [0/2500 (0%)]	Loss: 0.752073
Train Epoch: 39 [1280/2500 (50%)]	Loss: 0.775003

Test set: Average loss: 0.8852, Accuracy: (0.6540)

Train Epoch: 40 [0/2500 (0%)]	Loss: 0.944831
Train Epoch: 40 [1280/2500 (50%)]	Loss: 0.863013

Test set: Average loss: 0.8487, Accuracy: (0.6740)

Train Epoch: 41 [0/2500 (0%)]	Loss: 0.835635
Train Epoch: 41 [1280/2500 (50%)]	Loss: 0.818121

Test set: Average loss: 0.8433, Accuracy: (0.6580)

Train Epoch: 42 [0/2500 (0%)]	Loss: 0.657631
Train Epoch: 42 [1280/2500 (50%)]	Loss: 0.666527

Test set: Average loss: 0.8239, Accuracy: (0.6840)

Train Epoch: 43 [0/2500 (0%)]	Loss: 0.765995
Train Epoch: 43 [1280/2500 (50%)]	Loss: 0.756771

Test set: Average loss: 0.8687, Accuracy: (0.6500)

Train Epoch: 44 [0/2500 (0%)]	Loss: 0.778546
Train Epoch: 44 [1280/2500 (50%)]	Loss: 0.775588

Test set: Average loss: 0.8279, Accuracy: (0.6900)

Train Epoch: 45 [0/2500 (0%)]	Loss: 0.766720
Train Epoch: 45 [1280/2500 (50%)]	Loss: 0.852170

Test set: Average loss: 0.8626, Accuracy: (0.6800)

Train Epoch: 46 [0/2500 (0%)]	Loss: 0.776275
Train Epoch: 46 [1280/2500 (50%)]	Loss: 0.953721

Test set: Average loss: 0.8793, Accuracy: (0.6500)

Train Epoch: 47 [0/2500 (0%)]	Loss: 0.950076
Train Epoch: 47 [1280/2500 (50%)]	Loss: 0.851394

Test set: Average loss: 0.8545, Accuracy: (0.6680)

Train Epoch: 48 [0/2500 (0%)]	Loss: 0.825315
Train Epoch: 48 [1280/2500 (50%)]	Loss: 0.882295

Test set: Average loss: 0.8900, Accuracy: (0.6480)

Train Epoch: 49 [0/2500 (0%)]	Loss: 0.651679
Train Epoch: 49 [1280/2500 (50%)]	Loss: 0.793149

Test set: Average loss: 0.8598, Accuracy: (0.6380)

Train Epoch: 50 [0/2500 (0%)]	Loss: 0.740314
Train Epoch: 50 [1280/2500 (50%)]	Loss: 0.871397

Test set: Average loss: 0.8213, Accuracy: (0.6800)

Train Epoch: 51 [0/2500 (0%)]	Loss: 0.791884
Train Epoch: 51 [1280/2500 (50%)]	Loss: 0.813320

Test set: Average loss: 0.8402, Accuracy: (0.6680)

Train Epoch: 52 [0/2500 (0%)]	Loss: 0.735343
Train Epoch: 52 [1280/2500 (50%)]	Loss: 0.869888

Test set: Average loss: 0.8087, Accuracy: (0.7060)

Train Epoch: 53 [0/2500 (0%)]	Loss: 0.780526
Train Epoch: 53 [1280/2500 (50%)]	Loss: 0.761301

Test set: Average loss: 0.8414, Accuracy: (0.6520)

Train Epoch: 54 [0/2500 (0%)]	Loss: 0.856012
Train Epoch: 54 [1280/2500 (50%)]	Loss: 0.815454

Test set: Average loss: 0.8278, Accuracy: (0.6820)

Train Epoch: 55 [0/2500 (0%)]	Loss: 0.766293
Train Epoch: 55 [1280/2500 (50%)]	Loss: 0.809970

Test set: Average loss: 0.8479, Accuracy: (0.6560)

Train Epoch: 56 [0/2500 (0%)]	Loss: 0.867500
Train Epoch: 56 [1280/2500 (50%)]	Loss: 0.713670

Test set: Average loss: 0.8031, Accuracy: (0.6880)

Train Epoch: 57 [0/2500 (0%)]	Loss: 0.733270
Train Epoch: 57 [1280/2500 (50%)]	Loss: 0.672562

Test set: Average loss: 0.8606, Accuracy: (0.6760)

Train Epoch: 58 [0/2500 (0%)]	Loss: 0.704477
Train Epoch: 58 [1280/2500 (50%)]	Loss: 0.837114

Test set: Average loss: 0.8201, Accuracy: (0.6820)

Train Epoch: 59 [0/2500 (0%)]	Loss: 0.864711
Train Epoch: 59 [1280/2500 (50%)]	Loss: 0.752951

Test set: Average loss: 0.7636, Accuracy: (0.7020)

Train Epoch: 60 [0/2500 (0%)]	Loss: 0.696715
Train Epoch: 60 [1280/2500 (50%)]	Loss: 0.817889

Test set: Average loss: 0.8143, Accuracy: (0.6900)

Train Epoch: 61 [0/2500 (0%)]	Loss: 0.771386
Train Epoch: 61 [1280/2500 (50%)]	Loss: 0.801711

Test set: Average loss: 0.7762, Accuracy: (0.7080)

Train Epoch: 62 [0/2500 (0%)]	Loss: 0.771353
Train Epoch: 62 [1280/2500 (50%)]	Loss: 0.867889

Test set: Average loss: 0.8864, Accuracy: (0.6560)

Train Epoch: 63 [0/2500 (0%)]	Loss: 0.972283
Train Epoch: 63 [1280/2500 (50%)]	Loss: 0.782364

Test set: Average loss: 0.8054, Accuracy: (0.6900)

Train Epoch: 64 [0/2500 (0%)]	Loss: 0.671388
Train Epoch: 64 [1280/2500 (50%)]	Loss: 0.727932

Test set: Average loss: 0.8679, Accuracy: (0.6700)

Train Epoch: 65 [0/2500 (0%)]	Loss: 0.864471
Train Epoch: 65 [1280/2500 (50%)]	Loss: 0.863418

Test set: Average loss: 0.7923, Accuracy: (0.6700)

Train Epoch: 66 [0/2500 (0%)]	Loss: 0.739661
Train Epoch: 66 [1280/2500 (50%)]	Loss: 0.807047

Test set: Average loss: 0.7995, Accuracy: (0.6780)

Train Epoch: 67 [0/2500 (0%)]	Loss: 0.699719
Train Epoch: 67 [1280/2500 (50%)]	Loss: 0.791461

Test set: Average loss: 0.7938, Accuracy: (0.6900)

Train Epoch: 68 [0/2500 (0%)]	Loss: 0.814210
Train Epoch: 68 [1280/2500 (50%)]	Loss: 0.767011

Test set: Average loss: 0.7827, Accuracy: (0.6780)

Train Epoch: 69 [0/2500 (0%)]	Loss: 0.781513
Train Epoch: 69 [1280/2500 (50%)]	Loss: 0.809142

Test set: Average loss: 0.7877, Accuracy: (0.6800)

Train Epoch: 70 [0/2500 (0%)]	Loss: 0.808193
Train Epoch: 70 [1280/2500 (50%)]	Loss: 0.758550

Test set: Average loss: 0.7659, Accuracy: (0.6860)

Train Epoch: 71 [0/2500 (0%)]	Loss: 0.818740
Train Epoch: 71 [1280/2500 (50%)]	Loss: 0.800392

Test set: Average loss: 0.8383, Accuracy: (0.6660)

Train Epoch: 72 [0/2500 (0%)]	Loss: 0.831026
Train Epoch: 72 [1280/2500 (50%)]	Loss: 0.693326

Test set: Average loss: 0.7924, Accuracy: (0.6940)

Train Epoch: 73 [0/2500 (0%)]	Loss: 0.637793
Train Epoch: 73 [1280/2500 (50%)]	Loss: 0.640577

Test set: Average loss: 0.7437, Accuracy: (0.7100)

Train Epoch: 74 [0/2500 (0%)]	Loss: 0.737974
Train Epoch: 74 [1280/2500 (50%)]	Loss: 0.840770

Test set: Average loss: 0.7861, Accuracy: (0.7040)

Train Epoch: 75 [0/2500 (0%)]	Loss: 0.695642
Train Epoch: 75 [1280/2500 (50%)]	Loss: 0.703690

Test set: Average loss: 0.7475, Accuracy: (0.6940)

Train Epoch: 76 [0/2500 (0%)]	Loss: 0.640359
Train Epoch: 76 [1280/2500 (50%)]	Loss: 0.961415

Test set: Average loss: 0.7791, Accuracy: (0.6900)

Train Epoch: 77 [0/2500 (0%)]	Loss: 0.724228
Train Epoch: 77 [1280/2500 (50%)]	Loss: 0.779031

Test set: Average loss: 0.7599, Accuracy: (0.7160)

Train Epoch: 78 [0/2500 (0%)]	Loss: 0.674496
Train Epoch: 78 [1280/2500 (50%)]	Loss: 0.669811

Test set: Average loss: 0.7472, Accuracy: (0.6960)

Train Epoch: 79 [0/2500 (0%)]	Loss: 0.613107
Train Epoch: 79 [1280/2500 (50%)]	Loss: 0.840119

Test set: Average loss: 0.7763, Accuracy: (0.6960)

Train Epoch: 80 [0/2500 (0%)]	Loss: 0.784943
Train Epoch: 80 [1280/2500 (50%)]	Loss: 0.735901

Test set: Average loss: 0.7864, Accuracy: (0.7060)

Train Epoch: 81 [0/2500 (0%)]	Loss: 0.850262
Train Epoch: 81 [1280/2500 (50%)]	Loss: 0.660673

Test set: Average loss: 0.8071, Accuracy: (0.7000)

Train Epoch: 82 [0/2500 (0%)]	Loss: 0.760120
Train Epoch: 82 [1280/2500 (50%)]	Loss: 0.634488

Test set: Average loss: 0.8802, Accuracy: (0.6620)

Train Epoch: 83 [0/2500 (0%)]	Loss: 0.848194
Train Epoch: 83 [1280/2500 (50%)]	Loss: 0.851076

Test set: Average loss: 0.7793, Accuracy: (0.7020)

Train Epoch: 84 [0/2500 (0%)]	Loss: 0.888992
Train Epoch: 84 [1280/2500 (50%)]	Loss: 0.754903

Test set: Average loss: 0.8259, Accuracy: (0.6760)

Train Epoch: 85 [0/2500 (0%)]	Loss: 0.685607
Train Epoch: 85 [1280/2500 (50%)]	Loss: 0.692342

Test set: Average loss: 0.7659, Accuracy: (0.6920)

Train Epoch: 86 [0/2500 (0%)]	Loss: 0.807791
Train Epoch: 86 [1280/2500 (50%)]	Loss: 0.722773

Test set: Average loss: 0.7432, Accuracy: (0.6940)

Train Epoch: 87 [0/2500 (0%)]	Loss: 0.799020
Train Epoch: 87 [1280/2500 (50%)]	Loss: 0.725396

Test set: Average loss: 0.7888, Accuracy: (0.6660)

Train Epoch: 88 [0/2500 (0%)]	Loss: 0.569066
Train Epoch: 88 [1280/2500 (50%)]	Loss: 0.680567

Test set: Average loss: 0.7782, Accuracy: (0.6980)

Train Epoch: 89 [0/2500 (0%)]	Loss: 0.669100
Train Epoch: 89 [1280/2500 (50%)]	Loss: 0.734365

Test set: Average loss: 0.7669, Accuracy: (0.7060)

Train Epoch: 90 [0/2500 (0%)]	Loss: 0.691667
Train Epoch: 90 [1280/2500 (50%)]	Loss: 0.701233

Test set: Average loss: 0.7649, Accuracy: (0.7080)

Train Epoch: 91 [0/2500 (0%)]	Loss: 0.596013
Train Epoch: 91 [1280/2500 (50%)]	Loss: 0.769058

Test set: Average loss: 0.7854, Accuracy: (0.6860)

Train Epoch: 92 [0/2500 (0%)]	Loss: 0.678088
Train Epoch: 92 [1280/2500 (50%)]	Loss: 0.707437

Test set: Average loss: 0.7549, Accuracy: (0.7020)

Train Epoch: 93 [0/2500 (0%)]	Loss: 0.827309
Train Epoch: 93 [1280/2500 (50%)]	Loss: 0.745376

Test set: Average loss: 0.7656, Accuracy: (0.7120)

Train Epoch: 94 [0/2500 (0%)]	Loss: 0.755558
Train Epoch: 94 [1280/2500 (50%)]	Loss: 0.812478

Test set: Average loss: 0.8207, Accuracy: (0.6860)

Train Epoch: 95 [0/2500 (0%)]	Loss: 0.769897
Train Epoch: 95 [1280/2500 (50%)]	Loss: 0.776779

Test set: Average loss: 0.7879, Accuracy: (0.6880)

Train Epoch: 96 [0/2500 (0%)]	Loss: 0.675940
Train Epoch: 96 [1280/2500 (50%)]	Loss: 0.813090

Test set: Average loss: 0.7705, Accuracy: (0.7020)

Train Epoch: 97 [0/2500 (0%)]	Loss: 0.794109
Train Epoch: 97 [1280/2500 (50%)]	Loss: 0.693453

Test set: Average loss: 0.7407, Accuracy: (0.7000)

Train Epoch: 98 [0/2500 (0%)]	Loss: 0.828066
Train Epoch: 98 [1280/2500 (50%)]	Loss: 0.663150

Test set: Average loss: 0.7353, Accuracy: (0.7420)

Train Epoch: 99 [0/2500 (0%)]	Loss: 0.642746
Train Epoch: 99 [1280/2500 (50%)]	Loss: 0.622789

Test set: Average loss: 0.7670, Accuracy: (0.7120)

Train Epoch: 100 [0/2500 (0%)]	Loss: 0.607975
Train Epoch: 100 [1280/2500 (50%)]	Loss: 0.816714

Test set: Average loss: 0.7714, Accuracy: (0.7100)

Train Epoch: 101 [0/2500 (0%)]	Loss: 0.712972
Train Epoch: 101 [1280/2500 (50%)]	Loss: 0.727913

Test set: Average loss: 0.7470, Accuracy: (0.7200)

Train Epoch: 102 [0/2500 (0%)]	Loss: 0.572882
Train Epoch: 102 [1280/2500 (50%)]	Loss: 0.680532

Test set: Average loss: 0.7765, Accuracy: (0.6880)

Train Epoch: 103 [0/2500 (0%)]	Loss: 0.466074
Train Epoch: 103 [1280/2500 (50%)]	Loss: 0.786922

Test set: Average loss: 0.7202, Accuracy: (0.7120)

Train Epoch: 104 [0/2500 (0%)]	Loss: 0.709866
Train Epoch: 104 [1280/2500 (50%)]	Loss: 0.672897

Test set: Average loss: 0.7979, Accuracy: (0.6960)

Train Epoch: 105 [0/2500 (0%)]	Loss: 0.801133
Train Epoch: 105 [1280/2500 (50%)]	Loss: 0.762979

Test set: Average loss: 0.7774, Accuracy: (0.6980)

Train Epoch: 106 [0/2500 (0%)]	Loss: 0.603601
Train Epoch: 106 [1280/2500 (50%)]	Loss: 0.726288

Test set: Average loss: 0.7608, Accuracy: (0.7060)

Train Epoch: 107 [0/2500 (0%)]	Loss: 0.590622
Train Epoch: 107 [1280/2500 (50%)]	Loss: 0.778557

Test set: Average loss: 0.7111, Accuracy: (0.7140)

Train Epoch: 108 [0/2500 (0%)]	Loss: 0.667572
Train Epoch: 108 [1280/2500 (50%)]	Loss: 0.820839

Test set: Average loss: 0.7212, Accuracy: (0.7120)

Train Epoch: 109 [0/2500 (0%)]	Loss: 0.577743
Train Epoch: 109 [1280/2500 (50%)]	Loss: 0.633815

Test set: Average loss: 0.7188, Accuracy: (0.7020)

Train Epoch: 110 [0/2500 (0%)]	Loss: 0.625705
Train Epoch: 110 [1280/2500 (50%)]	Loss: 0.663475

Test set: Average loss: 0.7815, Accuracy: (0.6800)

Train Epoch: 111 [0/2500 (0%)]	Loss: 0.612695
Train Epoch: 111 [1280/2500 (50%)]	Loss: 0.777363

Test set: Average loss: 0.7133, Accuracy: (0.7320)

Train Epoch: 112 [0/2500 (0%)]	Loss: 0.654356
Train Epoch: 112 [1280/2500 (50%)]	Loss: 0.678180

Test set: Average loss: 0.7267, Accuracy: (0.7320)

Train Epoch: 113 [0/2500 (0%)]	Loss: 0.637997
Train Epoch: 113 [1280/2500 (50%)]	Loss: 0.720613

Test set: Average loss: 0.7092, Accuracy: (0.7100)

Train Epoch: 114 [0/2500 (0%)]	Loss: 0.834596
Train Epoch: 114 [1280/2500 (50%)]	Loss: 0.639127

Test set: Average loss: 0.7175, Accuracy: (0.7020)

Train Epoch: 115 [0/2500 (0%)]	Loss: 0.716818
Train Epoch: 115 [1280/2500 (50%)]	Loss: 0.815671

Test set: Average loss: 0.7052, Accuracy: (0.7340)

Train Epoch: 116 [0/2500 (0%)]	Loss: 0.600179
Train Epoch: 116 [1280/2500 (50%)]	Loss: 0.729163

Test set: Average loss: 0.7214, Accuracy: (0.7280)

Train Epoch: 117 [0/2500 (0%)]	Loss: 0.788321
Train Epoch: 117 [1280/2500 (50%)]	Loss: 0.642944

Test set: Average loss: 0.7428, Accuracy: (0.7080)

Train Epoch: 118 [0/2500 (0%)]	Loss: 0.617378
Train Epoch: 118 [1280/2500 (50%)]	Loss: 0.794101

Test set: Average loss: 0.7746, Accuracy: (0.6800)

Train Epoch: 119 [0/2500 (0%)]	Loss: 0.867042
Train Epoch: 119 [1280/2500 (50%)]	Loss: 0.707508

Test set: Average loss: 0.7278, Accuracy: (0.7400)

Train Epoch: 120 [0/2500 (0%)]	Loss: 0.662729
Train Epoch: 120 [1280/2500 (50%)]	Loss: 0.645641

Test set: Average loss: 0.7685, Accuracy: (0.7120)

Train Epoch: 121 [0/2500 (0%)]	Loss: 0.699862
Train Epoch: 121 [1280/2500 (50%)]	Loss: 0.582975

Test set: Average loss: 0.7203, Accuracy: (0.7320)

Train Epoch: 122 [0/2500 (0%)]	Loss: 0.623430
Train Epoch: 122 [1280/2500 (50%)]	Loss: 0.673545

Test set: Average loss: 0.7254, Accuracy: (0.6800)

Train Epoch: 123 [0/2500 (0%)]	Loss: 0.526888
Train Epoch: 123 [1280/2500 (50%)]	Loss: 0.728364

Test set: Average loss: 0.7225, Accuracy: (0.7400)

Train Epoch: 124 [0/2500 (0%)]	Loss: 0.549138
Train Epoch: 124 [1280/2500 (50%)]	Loss: 0.570305

Test set: Average loss: 0.7267, Accuracy: (0.7080)

Train Epoch: 125 [0/2500 (0%)]	Loss: 0.567697
Train Epoch: 125 [1280/2500 (50%)]	Loss: 0.745795

Test set: Average loss: 0.7636, Accuracy: (0.7000)

Train Epoch: 126 [0/2500 (0%)]	Loss: 0.712167
Train Epoch: 126 [1280/2500 (50%)]	Loss: 0.703392

Test set: Average loss: 0.7609, Accuracy: (0.7100)

Train Epoch: 127 [0/2500 (0%)]	Loss: 0.768624
Train Epoch: 127 [1280/2500 (50%)]	Loss: 0.615804

Test set: Average loss: 0.7447, Accuracy: (0.7180)

Train Epoch: 128 [0/2500 (0%)]	Loss: 0.661181
Train Epoch: 128 [1280/2500 (50%)]	Loss: 0.644880

Test set: Average loss: 0.7859, Accuracy: (0.7120)

Train Epoch: 129 [0/2500 (0%)]	Loss: 0.809824
Train Epoch: 129 [1280/2500 (50%)]	Loss: 0.720067

Test set: Average loss: 0.8226, Accuracy: (0.6800)

Train Epoch: 130 [0/2500 (0%)]	Loss: 0.630392
Train Epoch: 130 [1280/2500 (50%)]	Loss: 0.662769

Test set: Average loss: 0.7152, Accuracy: (0.7300)

Train Epoch: 131 [0/2500 (0%)]	Loss: 0.627358
Train Epoch: 131 [1280/2500 (50%)]	Loss: 0.578540

Test set: Average loss: 0.7211, Accuracy: (0.7180)

Train Epoch: 132 [0/2500 (0%)]	Loss: 0.585936
Train Epoch: 132 [1280/2500 (50%)]	Loss: 0.608417

Test set: Average loss: 0.7999, Accuracy: (0.7160)

Train Epoch: 133 [0/2500 (0%)]	Loss: 0.721467
Train Epoch: 133 [1280/2500 (50%)]	Loss: 0.679890

Test set: Average loss: 0.6900, Accuracy: (0.7240)

Train Epoch: 134 [0/2500 (0%)]	Loss: 0.639877
Train Epoch: 134 [1280/2500 (50%)]	Loss: 0.729633

Test set: Average loss: 0.7982, Accuracy: (0.6740)

Train Epoch: 135 [0/2500 (0%)]	Loss: 0.714731
Train Epoch: 135 [1280/2500 (50%)]	Loss: 0.580738

Test set: Average loss: 0.7140, Accuracy: (0.7260)

Train Epoch: 136 [0/2500 (0%)]	Loss: 0.707495
Train Epoch: 136 [1280/2500 (50%)]	Loss: 0.628372

Test set: Average loss: 0.7511, Accuracy: (0.7160)

Train Epoch: 137 [0/2500 (0%)]	Loss: 0.649497
Train Epoch: 137 [1280/2500 (50%)]	Loss: 0.672739

Test set: Average loss: 0.6975, Accuracy: (0.7140)

Train Epoch: 138 [0/2500 (0%)]	Loss: 0.655029
Train Epoch: 138 [1280/2500 (50%)]	Loss: 0.752618

Test set: Average loss: 0.7512, Accuracy: (0.7000)

Train Epoch: 139 [0/2500 (0%)]	Loss: 0.726163
Train Epoch: 139 [1280/2500 (50%)]	Loss: 0.623948

Test set: Average loss: 0.7342, Accuracy: (0.7320)

Train Epoch: 140 [0/2500 (0%)]	Loss: 0.654885
Train Epoch: 140 [1280/2500 (50%)]	Loss: 0.678927

Test set: Average loss: 0.7294, Accuracy: (0.7200)

Train Epoch: 141 [0/2500 (0%)]	Loss: 0.727408
Train Epoch: 141 [1280/2500 (50%)]	Loss: 0.834885

Test set: Average loss: 0.7938, Accuracy: (0.6860)

Train Epoch: 142 [0/2500 (0%)]	Loss: 0.569873
Train Epoch: 142 [1280/2500 (50%)]	Loss: 0.571197

Test set: Average loss: 0.8052, Accuracy: (0.6800)

Train Epoch: 143 [0/2500 (0%)]	Loss: 0.734711
Train Epoch: 143 [1280/2500 (50%)]	Loss: 0.574028

Test set: Average loss: 0.7793, Accuracy: (0.7000)

Train Epoch: 144 [0/2500 (0%)]	Loss: 0.732500
Train Epoch: 144 [1280/2500 (50%)]	Loss: 0.753107

Test set: Average loss: 0.7592, Accuracy: (0.7040)

Train Epoch: 145 [0/2500 (0%)]	Loss: 0.766953
Train Epoch: 145 [1280/2500 (50%)]	Loss: 0.661030

Test set: Average loss: 0.7376, Accuracy: (0.7180)

Train Epoch: 146 [0/2500 (0%)]	Loss: 0.700212
Train Epoch: 146 [1280/2500 (50%)]	Loss: 0.647995

Test set: Average loss: 0.7854, Accuracy: (0.7000)

Train Epoch: 147 [0/2500 (0%)]	Loss: 0.610941
Train Epoch: 147 [1280/2500 (50%)]	Loss: 0.576375

Test set: Average loss: 0.7245, Accuracy: (0.7200)

Train Epoch: 148 [0/2500 (0%)]	Loss: 0.706653
Train Epoch: 148 [1280/2500 (50%)]	Loss: 0.608118

Test set: Average loss: 0.7510, Accuracy: (0.7080)

Train Epoch: 149 [0/2500 (0%)]	Loss: 0.663114
Train Epoch: 149 [1280/2500 (50%)]	Loss: 0.670442

Test set: Average loss: 0.7026, Accuracy: (0.7400)

Train Epoch: 150 [0/2500 (0%)]	Loss: 0.538593
Train Epoch: 150 [1280/2500 (50%)]	Loss: 0.696548

Test set: Average loss: 0.7458, Accuracy: (0.7260)

Train Epoch: 151 [0/2500 (0%)]	Loss: 0.697108
Train Epoch: 151 [1280/2500 (50%)]	Loss: 0.624874

Test set: Average loss: 0.6833, Accuracy: (0.7400)

Train Epoch: 152 [0/2500 (0%)]	Loss: 0.726193
Train Epoch: 152 [1280/2500 (50%)]	Loss: 0.700093

Test set: Average loss: 0.7073, Accuracy: (0.7140)

Train Epoch: 153 [0/2500 (0%)]	Loss: 0.681985
Train Epoch: 153 [1280/2500 (50%)]	Loss: 0.605636

Test set: Average loss: 0.7280, Accuracy: (0.7220)

Train Epoch: 154 [0/2500 (0%)]	Loss: 0.654179
Train Epoch: 154 [1280/2500 (50%)]	Loss: 0.564301

Test set: Average loss: 0.7521, Accuracy: (0.6960)

Train Epoch: 155 [0/2500 (0%)]	Loss: 0.730023
Train Epoch: 155 [1280/2500 (50%)]	Loss: 0.710712

Test set: Average loss: 0.6716, Accuracy: (0.7440)

Train Epoch: 156 [0/2500 (0%)]	Loss: 0.532096
Train Epoch: 156 [1280/2500 (50%)]	Loss: 0.896861

Test set: Average loss: 0.7232, Accuracy: (0.7160)

Train Epoch: 157 [0/2500 (0%)]	Loss: 0.594197
Train Epoch: 157 [1280/2500 (50%)]	Loss: 0.686233

Test set: Average loss: 0.7220, Accuracy: (0.7180)

Train Epoch: 158 [0/2500 (0%)]	Loss: 0.507547
Train Epoch: 158 [1280/2500 (50%)]	Loss: 0.642123

Test set: Average loss: 0.7492, Accuracy: (0.7280)

Train Epoch: 159 [0/2500 (0%)]	Loss: 0.655104
Train Epoch: 159 [1280/2500 (50%)]	Loss: 0.642422

Test set: Average loss: 0.7643, Accuracy: (0.7060)

Train Epoch: 160 [0/2500 (0%)]	Loss: 0.615229
Train Epoch: 160 [1280/2500 (50%)]	Loss: 0.609772

Test set: Average loss: 0.7090, Accuracy: (0.7360)

Train Epoch: 161 [0/2500 (0%)]	Loss: 0.592358
Train Epoch: 161 [1280/2500 (50%)]	Loss: 0.798172

Test set: Average loss: 0.7634, Accuracy: (0.7060)

Train Epoch: 162 [0/2500 (0%)]	Loss: 0.741098
Train Epoch: 162 [1280/2500 (50%)]	Loss: 0.655537

Test set: Average loss: 0.7294, Accuracy: (0.7100)

Train Epoch: 163 [0/2500 (0%)]	Loss: 0.662023
Train Epoch: 163 [1280/2500 (50%)]	Loss: 0.633450

Test set: Average loss: 0.6847, Accuracy: (0.7360)

Train Epoch: 164 [0/2500 (0%)]	Loss: 0.479582
Train Epoch: 164 [1280/2500 (50%)]	Loss: 0.712686

Test set: Average loss: 0.6842, Accuracy: (0.7420)

Train Epoch: 165 [0/2500 (0%)]	Loss: 0.538262
Train Epoch: 165 [1280/2500 (50%)]	Loss: 0.659709

Test set: Average loss: 0.7098, Accuracy: (0.7260)

Train Epoch: 166 [0/2500 (0%)]	Loss: 0.661702
Train Epoch: 166 [1280/2500 (50%)]	Loss: 0.658880

Test set: Average loss: 0.7287, Accuracy: (0.7020)

Train Epoch: 167 [0/2500 (0%)]	Loss: 0.699652
Train Epoch: 167 [1280/2500 (50%)]	Loss: 0.577644

Test set: Average loss: 0.7216, Accuracy: (0.7080)

Train Epoch: 168 [0/2500 (0%)]	Loss: 0.616510
Train Epoch: 168 [1280/2500 (50%)]	Loss: 0.599367

Test set: Average loss: 0.6944, Accuracy: (0.7320)

Train Epoch: 169 [0/2500 (0%)]	Loss: 0.628863
Train Epoch: 169 [1280/2500 (50%)]	Loss: 0.651085

Test set: Average loss: 0.7014, Accuracy: (0.7400)

Train Epoch: 170 [0/2500 (0%)]	Loss: 0.575555
Train Epoch: 170 [1280/2500 (50%)]	Loss: 0.665079

Test set: Average loss: 0.7323, Accuracy: (0.7240)

Train Epoch: 171 [0/2500 (0%)]	Loss: 0.553256
Train Epoch: 171 [1280/2500 (50%)]	Loss: 0.742261

Test set: Average loss: 0.6992, Accuracy: (0.7320)

Train Epoch: 172 [0/2500 (0%)]	Loss: 0.723846
Train Epoch: 172 [1280/2500 (50%)]	Loss: 0.592952

Test set: Average loss: 0.7110, Accuracy: (0.7280)

Train Epoch: 173 [0/2500 (0%)]	Loss: 0.695022
Train Epoch: 173 [1280/2500 (50%)]	Loss: 0.714483

Test set: Average loss: 0.7459, Accuracy: (0.7200)

Train Epoch: 174 [0/2500 (0%)]	Loss: 0.764931
Train Epoch: 174 [1280/2500 (50%)]	Loss: 0.544637

Test set: Average loss: 0.7056, Accuracy: (0.7260)

Train Epoch: 175 [0/2500 (0%)]	Loss: 0.667973
Train Epoch: 175 [1280/2500 (50%)]	Loss: 0.630531

Test set: Average loss: 0.7459, Accuracy: (0.6820)

Train Epoch: 176 [0/2500 (0%)]	Loss: 0.650633
Train Epoch: 176 [1280/2500 (50%)]	Loss: 0.752719

Test set: Average loss: 0.6882, Accuracy: (0.7500)

Train Epoch: 177 [0/2500 (0%)]	Loss: 0.581482
Train Epoch: 177 [1280/2500 (50%)]	Loss: 0.624463

Test set: Average loss: 0.6943, Accuracy: (0.7280)

Train Epoch: 178 [0/2500 (0%)]	Loss: 0.613083
Train Epoch: 178 [1280/2500 (50%)]	Loss: 0.697747

Test set: Average loss: 0.7590, Accuracy: (0.7060)

Train Epoch: 179 [0/2500 (0%)]	Loss: 0.515154
Train Epoch: 179 [1280/2500 (50%)]	Loss: 0.639355

Test set: Average loss: 0.7475, Accuracy: (0.7120)

Train Epoch: 180 [0/2500 (0%)]	Loss: 0.745797
Train Epoch: 180 [1280/2500 (50%)]	Loss: 0.805705

Test set: Average loss: 0.7050, Accuracy: (0.7220)

Train Epoch: 181 [0/2500 (0%)]	Loss: 0.657871
Train Epoch: 181 [1280/2500 (50%)]	Loss: 0.632551

Test set: Average loss: 0.7215, Accuracy: (0.7300)

Train Epoch: 182 [0/2500 (0%)]	Loss: 0.685733
Train Epoch: 182 [1280/2500 (50%)]	Loss: 0.678853

Test set: Average loss: 0.6739, Accuracy: (0.7400)

Train Epoch: 183 [0/2500 (0%)]	Loss: 0.672331
Train Epoch: 183 [1280/2500 (50%)]	Loss: 0.565461

Test set: Average loss: 0.7376, Accuracy: (0.7440)

Train Epoch: 184 [0/2500 (0%)]	Loss: 0.522022
Train Epoch: 184 [1280/2500 (50%)]	Loss: 0.650624

Test set: Average loss: 0.7093, Accuracy: (0.7140)

Train Epoch: 185 [0/2500 (0%)]	Loss: 0.606057
Train Epoch: 185 [1280/2500 (50%)]	Loss: 0.739562

Test set: Average loss: 0.6654, Accuracy: (0.7520)

Train Epoch: 186 [0/2500 (0%)]	Loss: 0.674720
Train Epoch: 186 [1280/2500 (50%)]	Loss: 0.559519

Test set: Average loss: 0.7209, Accuracy: (0.7120)

Train Epoch: 187 [0/2500 (0%)]	Loss: 0.540248
Train Epoch: 187 [1280/2500 (50%)]	Loss: 0.654913

Test set: Average loss: 0.7247, Accuracy: (0.7300)

Train Epoch: 188 [0/2500 (0%)]	Loss: 0.646095
Train Epoch: 188 [1280/2500 (50%)]	Loss: 0.830242

Test set: Average loss: 0.7254, Accuracy: (0.7380)

Train Epoch: 189 [0/2500 (0%)]	Loss: 0.565279
Train Epoch: 189 [1280/2500 (50%)]	Loss: 0.649060

Test set: Average loss: 0.7157, Accuracy: (0.7180)

Train Epoch: 190 [0/2500 (0%)]	Loss: 0.685020
Train Epoch: 190 [1280/2500 (50%)]	Loss: 0.674917

Test set: Average loss: 0.7079, Accuracy: (0.7140)

Train Epoch: 191 [0/2500 (0%)]	Loss: 0.600683
Train Epoch: 191 [1280/2500 (50%)]	Loss: 0.641333

Test set: Average loss: 0.7081, Accuracy: (0.7220)

Train Epoch: 192 [0/2500 (0%)]	Loss: 0.589829
Train Epoch: 192 [1280/2500 (50%)]	Loss: 0.567967

Test set: Average loss: 0.7553, Accuracy: (0.7280)

Train Epoch: 193 [0/2500 (0%)]	Loss: 0.750728
Train Epoch: 193 [1280/2500 (50%)]	Loss: 0.652517

Test set: Average loss: 0.7104, Accuracy: (0.7080)

Train Epoch: 194 [0/2500 (0%)]	Loss: 0.714435
Train Epoch: 194 [1280/2500 (50%)]	Loss: 0.605539

Test set: Average loss: 0.7166, Accuracy: (0.7320)

Train Epoch: 195 [0/2500 (0%)]	Loss: 0.576328
Train Epoch: 195 [1280/2500 (50%)]	Loss: 0.688500

Test set: Average loss: 0.6873, Accuracy: (0.7380)

Train Epoch: 196 [0/2500 (0%)]	Loss: 0.610751
Train Epoch: 196 [1280/2500 (50%)]	Loss: 0.648435

Test set: Average loss: 0.6940, Accuracy: (0.7220)

Train Epoch: 197 [0/2500 (0%)]	Loss: 0.632404
Train Epoch: 197 [1280/2500 (50%)]	Loss: 0.639811

Test set: Average loss: 0.7037, Accuracy: (0.7360)

Train Epoch: 198 [0/2500 (0%)]	Loss: 0.602806
Train Epoch: 198 [1280/2500 (50%)]	Loss: 0.725211

Test set: Average loss: 0.6753, Accuracy: (0.7400)

Train Epoch: 199 [0/2500 (0%)]	Loss: 0.629329
Train Epoch: 199 [1280/2500 (50%)]	Loss: 0.605480

Test set: Average loss: 0.6997, Accuracy: (0.7480)

Train Epoch: 200 [0/2500 (0%)]	Loss: 0.799567
Train Epoch: 200 [1280/2500 (50%)]	Loss: 0.631235

Test set: Average loss: 0.7201, Accuracy: (0.7160)

Train Epoch: 201 [0/2500 (0%)]	Loss: 0.597398
Train Epoch: 201 [1280/2500 (50%)]	Loss: 0.683970

Test set: Average loss: 0.7758, Accuracy: (0.6880)

Train Epoch: 202 [0/2500 (0%)]	Loss: 0.603847
Train Epoch: 202 [1280/2500 (50%)]	Loss: 0.708201

Test set: Average loss: 0.6873, Accuracy: (0.7280)

Train Epoch: 203 [0/2500 (0%)]	Loss: 0.579528
Train Epoch: 203 [1280/2500 (50%)]	Loss: 0.606994

Test set: Average loss: 0.6858, Accuracy: (0.7300)

Train Epoch: 204 [0/2500 (0%)]	Loss: 0.638388
Train Epoch: 204 [1280/2500 (50%)]	Loss: 0.579027

Test set: Average loss: 0.7082, Accuracy: (0.7500)

Train Epoch: 205 [0/2500 (0%)]	Loss: 0.581061
Train Epoch: 205 [1280/2500 (50%)]	Loss: 0.605291

Test set: Average loss: 0.6316, Accuracy: (0.7560)

Train Epoch: 206 [0/2500 (0%)]	Loss: 0.640287
Train Epoch: 206 [1280/2500 (50%)]	Loss: 0.503101

Test set: Average loss: 0.6916, Accuracy: (0.7300)

Train Epoch: 207 [0/2500 (0%)]	Loss: 0.592477
Train Epoch: 207 [1280/2500 (50%)]	Loss: 0.613445

Test set: Average loss: 0.7035, Accuracy: (0.7380)

Train Epoch: 208 [0/2500 (0%)]	Loss: 0.547625
Train Epoch: 208 [1280/2500 (50%)]	Loss: 0.635553

Test set: Average loss: 0.6997, Accuracy: (0.7240)

Train Epoch: 209 [0/2500 (0%)]	Loss: 0.574732
Train Epoch: 209 [1280/2500 (50%)]	Loss: 0.589278

Test set: Average loss: 0.7011, Accuracy: (0.7320)

Train Epoch: 210 [0/2500 (0%)]	Loss: 0.552485
Train Epoch: 210 [1280/2500 (50%)]	Loss: 0.557726

Test set: Average loss: 0.7038, Accuracy: (0.7320)

Train Epoch: 211 [0/2500 (0%)]	Loss: 0.555681
Train Epoch: 211 [1280/2500 (50%)]	Loss: 0.524512

Test set: Average loss: 0.7033, Accuracy: (0.7440)

Train Epoch: 212 [0/2500 (0%)]	Loss: 0.627066
Train Epoch: 212 [1280/2500 (50%)]	Loss: 0.560144

Test set: Average loss: 0.6631, Accuracy: (0.7480)

Train Epoch: 213 [0/2500 (0%)]	Loss: 0.618929
Train Epoch: 213 [1280/2500 (50%)]	Loss: 0.514705

Test set: Average loss: 0.7074, Accuracy: (0.7440)

Train Epoch: 214 [0/2500 (0%)]	Loss: 0.584905
Train Epoch: 214 [1280/2500 (50%)]	Loss: 0.643200

Test set: Average loss: 0.7263, Accuracy: (0.7220)

Train Epoch: 215 [0/2500 (0%)]	Loss: 0.647331
Train Epoch: 215 [1280/2500 (50%)]	Loss: 0.585984

Test set: Average loss: 0.7010, Accuracy: (0.7300)

Train Epoch: 216 [0/2500 (0%)]	Loss: 0.611223
Train Epoch: 216 [1280/2500 (50%)]	Loss: 0.586229

Test set: Average loss: 0.6887, Accuracy: (0.7360)

Train Epoch: 217 [0/2500 (0%)]	Loss: 0.571510
Train Epoch: 217 [1280/2500 (50%)]	Loss: 0.500958

Test set: Average loss: 0.6897, Accuracy: (0.7240)

Train Epoch: 218 [0/2500 (0%)]	Loss: 0.560751
Train Epoch: 218 [1280/2500 (50%)]	Loss: 0.635855

Test set: Average loss: 0.6294, Accuracy: (0.7600)

Train Epoch: 219 [0/2500 (0%)]	Loss: 0.494152
Train Epoch: 219 [1280/2500 (50%)]	Loss: 0.586005

Test set: Average loss: 0.6685, Accuracy: (0.7380)

Train Epoch: 220 [0/2500 (0%)]	Loss: 0.574283
Train Epoch: 220 [1280/2500 (50%)]	Loss: 0.630485

Test set: Average loss: 0.6608, Accuracy: (0.7340)

Train Epoch: 221 [0/2500 (0%)]	Loss: 0.618528
Train Epoch: 221 [1280/2500 (50%)]	Loss: 0.578920

Test set: Average loss: 0.7169, Accuracy: (0.7160)

Train Epoch: 222 [0/2500 (0%)]	Loss: 0.526548
Train Epoch: 222 [1280/2500 (50%)]	Loss: 0.558718

Test set: Average loss: 0.6670, Accuracy: (0.7600)

Train Epoch: 223 [0/2500 (0%)]	Loss: 0.587765
Train Epoch: 223 [1280/2500 (50%)]	Loss: 0.590657

Test set: Average loss: 0.7129, Accuracy: (0.7380)

Train Epoch: 224 [0/2500 (0%)]	Loss: 0.820633
Train Epoch: 224 [1280/2500 (50%)]	Loss: 0.615392

Test set: Average loss: 0.6930, Accuracy: (0.7240)

Train Epoch: 225 [0/2500 (0%)]	Loss: 0.567121
Train Epoch: 225 [1280/2500 (50%)]	Loss: 0.520186

Test set: Average loss: 0.6728, Accuracy: (0.7420)

Train Epoch: 226 [0/2500 (0%)]	Loss: 0.529077
Train Epoch: 226 [1280/2500 (50%)]	Loss: 0.601994

Test set: Average loss: 0.6583, Accuracy: (0.7380)

Train Epoch: 227 [0/2500 (0%)]	Loss: 0.577399
Train Epoch: 227 [1280/2500 (50%)]	Loss: 0.653515

Test set: Average loss: 0.6950, Accuracy: (0.7400)

Train Epoch: 228 [0/2500 (0%)]	Loss: 0.632182
Train Epoch: 228 [1280/2500 (50%)]	Loss: 0.523970

Test set: Average loss: 0.6596, Accuracy: (0.7500)

Train Epoch: 229 [0/2500 (0%)]	Loss: 0.652352
Train Epoch: 229 [1280/2500 (50%)]	Loss: 0.589299

Test set: Average loss: 0.6867, Accuracy: (0.7360)

Train Epoch: 230 [0/2500 (0%)]	Loss: 0.635240
Train Epoch: 230 [1280/2500 (50%)]	Loss: 0.559700

Test set: Average loss: 0.6636, Accuracy: (0.7520)

Train Epoch: 231 [0/2500 (0%)]	Loss: 0.711380
Train Epoch: 231 [1280/2500 (50%)]	Loss: 0.608055

Test set: Average loss: 0.6624, Accuracy: (0.7160)

Train Epoch: 232 [0/2500 (0%)]	Loss: 0.558990
Train Epoch: 232 [1280/2500 (50%)]	Loss: 0.555064

Test set: Average loss: 0.6703, Accuracy: (0.7480)

Train Epoch: 233 [0/2500 (0%)]	Loss: 0.579268
Train Epoch: 233 [1280/2500 (50%)]	Loss: 0.614624

Test set: Average loss: 0.6596, Accuracy: (0.7480)

Train Epoch: 234 [0/2500 (0%)]	Loss: 0.703318
Train Epoch: 234 [1280/2500 (50%)]	Loss: 0.649132

Test set: Average loss: 0.6691, Accuracy: (0.7260)

Train Epoch: 235 [0/2500 (0%)]	Loss: 0.577180
Train Epoch: 235 [1280/2500 (50%)]	Loss: 0.625501

Test set: Average loss: 0.6326, Accuracy: (0.7560)

Train Epoch: 236 [0/2500 (0%)]	Loss: 0.525172
Train Epoch: 236 [1280/2500 (50%)]	Loss: 0.650993

Test set: Average loss: 0.6903, Accuracy: (0.7360)

Train Epoch: 237 [0/2500 (0%)]	Loss: 0.720947
Train Epoch: 237 [1280/2500 (50%)]	Loss: 0.605787

Test set: Average loss: 0.6517, Accuracy: (0.7480)

Train Epoch: 238 [0/2500 (0%)]	Loss: 0.541726
Train Epoch: 238 [1280/2500 (50%)]	Loss: 0.518078

Test set: Average loss: 0.7032, Accuracy: (0.7260)

Train Epoch: 239 [0/2500 (0%)]	Loss: 0.557012
Train Epoch: 239 [1280/2500 (50%)]	Loss: 0.626238

Test set: Average loss: 0.6750, Accuracy: (0.7340)

Train Epoch: 240 [0/2500 (0%)]	Loss: 0.578114
Train Epoch: 240 [1280/2500 (50%)]	Loss: 0.612906

Test set: Average loss: 0.6914, Accuracy: (0.7400)

Train Epoch: 241 [0/2500 (0%)]	Loss: 0.578802
Train Epoch: 241 [1280/2500 (50%)]	Loss: 0.478430

Test set: Average loss: 0.6431, Accuracy: (0.7660)

Train Epoch: 242 [0/2500 (0%)]	Loss: 0.502642
Train Epoch: 242 [1280/2500 (50%)]	Loss: 0.534673

Test set: Average loss: 0.6689, Accuracy: (0.7540)

Train Epoch: 243 [0/2500 (0%)]	Loss: 0.473415
Train Epoch: 243 [1280/2500 (50%)]	Loss: 0.700179

Test set: Average loss: 0.6324, Accuracy: (0.7620)

Train Epoch: 244 [0/2500 (0%)]	Loss: 0.572969
Train Epoch: 244 [1280/2500 (50%)]	Loss: 0.522776

Test set: Average loss: 0.6948, Accuracy: (0.7300)

Train Epoch: 245 [0/2500 (0%)]	Loss: 0.585484
Train Epoch: 245 [1280/2500 (50%)]	Loss: 0.532827

Test set: Average loss: 0.6534, Accuracy: (0.7560)

Train Epoch: 246 [0/2500 (0%)]	Loss: 0.475795
Train Epoch: 246 [1280/2500 (50%)]	Loss: 0.588684

Test set: Average loss: 0.6648, Accuracy: (0.7300)

Train Epoch: 247 [0/2500 (0%)]	Loss: 0.577460
Train Epoch: 247 [1280/2500 (50%)]	Loss: 0.539656

Test set: Average loss: 0.6661, Accuracy: (0.7480)

Train Epoch: 248 [0/2500 (0%)]	Loss: 0.653596
Train Epoch: 248 [1280/2500 (50%)]	Loss: 0.733488

Test set: Average loss: 0.6554, Accuracy: (0.7500)

Train Epoch: 249 [0/2500 (0%)]	Loss: 0.556601
Train Epoch: 249 [1280/2500 (50%)]	Loss: 0.699653

Test set: Average loss: 0.6395, Accuracy: (0.7460)

Train Epoch: 250 [0/2500 (0%)]	Loss: 0.601922
Train Epoch: 250 [1280/2500 (50%)]	Loss: 0.555454

Test set: Average loss: 0.6256, Accuracy: (0.7460)

Task RandSplitCIFAR100: 2
Train Epoch: 1 [0/2500 (0%)]	Loss: 1.714806
Train Epoch: 1 [1280/2500 (50%)]	Loss: 1.417777

Test set: Average loss: 1.2756, Accuracy: (0.4520)

Train Epoch: 2 [0/2500 (0%)]	Loss: 1.387113
Train Epoch: 2 [1280/2500 (50%)]	Loss: 1.144054

Test set: Average loss: 1.1286, Accuracy: (0.5320)

Train Epoch: 3 [0/2500 (0%)]	Loss: 1.176983
Train Epoch: 3 [1280/2500 (50%)]	Loss: 1.160333

Test set: Average loss: 1.0335, Accuracy: (0.5660)

Train Epoch: 4 [0/2500 (0%)]	Loss: 0.958518
Train Epoch: 4 [1280/2500 (50%)]	Loss: 0.878017

Test set: Average loss: 0.9057, Accuracy: (0.6120)

Train Epoch: 5 [0/2500 (0%)]	Loss: 1.090504
Train Epoch: 5 [1280/2500 (50%)]	Loss: 0.993794

Test set: Average loss: 0.9875, Accuracy: (0.5920)

Train Epoch: 6 [0/2500 (0%)]	Loss: 0.935382
Train Epoch: 6 [1280/2500 (50%)]	Loss: 1.036142

Test set: Average loss: 0.8828, Accuracy: (0.6360)

Train Epoch: 7 [0/2500 (0%)]	Loss: 0.851893
Train Epoch: 7 [1280/2500 (50%)]	Loss: 0.813227

Test set: Average loss: 0.8633, Accuracy: (0.6460)

Train Epoch: 8 [0/2500 (0%)]	Loss: 0.864865
Train Epoch: 8 [1280/2500 (50%)]	Loss: 0.979510

Test set: Average loss: 0.8999, Accuracy: (0.6540)

Train Epoch: 9 [0/2500 (0%)]	Loss: 0.889794
Train Epoch: 9 [1280/2500 (50%)]	Loss: 0.965229

Test set: Average loss: 0.8274, Accuracy: (0.6660)

Train Epoch: 10 [0/2500 (0%)]	Loss: 0.814448
Train Epoch: 10 [1280/2500 (50%)]	Loss: 0.847961

Test set: Average loss: 0.8322, Accuracy: (0.6680)

Train Epoch: 11 [0/2500 (0%)]	Loss: 0.895873
Train Epoch: 11 [1280/2500 (50%)]	Loss: 0.759977

Test set: Average loss: 0.8054, Accuracy: (0.6940)

Train Epoch: 12 [0/2500 (0%)]	Loss: 0.796164
Train Epoch: 12 [1280/2500 (50%)]	Loss: 0.687442

Test set: Average loss: 0.7767, Accuracy: (0.7300)

Train Epoch: 13 [0/2500 (0%)]	Loss: 0.822226
Train Epoch: 13 [1280/2500 (50%)]	Loss: 0.747312

Test set: Average loss: 0.7439, Accuracy: (0.7260)

Train Epoch: 14 [0/2500 (0%)]	Loss: 0.842140
Train Epoch: 14 [1280/2500 (50%)]	Loss: 0.587134

Test set: Average loss: 0.7688, Accuracy: (0.7140)

Train Epoch: 15 [0/2500 (0%)]	Loss: 0.880246
Train Epoch: 15 [1280/2500 (50%)]	Loss: 0.894345

Test set: Average loss: 0.7150, Accuracy: (0.7480)

Train Epoch: 16 [0/2500 (0%)]	Loss: 0.689243
Train Epoch: 16 [1280/2500 (50%)]	Loss: 0.755965

Test set: Average loss: 0.6758, Accuracy: (0.7640)

Train Epoch: 17 [0/2500 (0%)]	Loss: 0.750583
Train Epoch: 17 [1280/2500 (50%)]	Loss: 0.779942

Test set: Average loss: 0.7294, Accuracy: (0.7260)

Train Epoch: 18 [0/2500 (0%)]	Loss: 0.723269
Train Epoch: 18 [1280/2500 (50%)]	Loss: 0.573145

Test set: Average loss: 0.6845, Accuracy: (0.7420)

Train Epoch: 19 [0/2500 (0%)]	Loss: 0.609795
Train Epoch: 19 [1280/2500 (50%)]	Loss: 0.756032

Test set: Average loss: 0.6742, Accuracy: (0.7500)

Train Epoch: 20 [0/2500 (0%)]	Loss: 0.637458
Train Epoch: 20 [1280/2500 (50%)]	Loss: 0.689441

Test set: Average loss: 0.6682, Accuracy: (0.7700)

Train Epoch: 21 [0/2500 (0%)]	Loss: 0.655605
Train Epoch: 21 [1280/2500 (50%)]	Loss: 0.710503

Test set: Average loss: 0.6342, Accuracy: (0.7720)

Train Epoch: 22 [0/2500 (0%)]	Loss: 0.645420
Train Epoch: 22 [1280/2500 (50%)]	Loss: 0.754278

Test set: Average loss: 0.6425, Accuracy: (0.7660)

Train Epoch: 23 [0/2500 (0%)]	Loss: 0.571485
Train Epoch: 23 [1280/2500 (50%)]	Loss: 0.631736

Test set: Average loss: 0.6417, Accuracy: (0.7840)

Train Epoch: 24 [0/2500 (0%)]	Loss: 0.676669
Train Epoch: 24 [1280/2500 (50%)]	Loss: 0.759917

Test set: Average loss: 0.6656, Accuracy: (0.7500)

Train Epoch: 25 [0/2500 (0%)]	Loss: 0.671564
Train Epoch: 25 [1280/2500 (50%)]	Loss: 0.682716

Test set: Average loss: 0.6660, Accuracy: (0.7660)

Train Epoch: 26 [0/2500 (0%)]	Loss: 0.679479
Train Epoch: 26 [1280/2500 (50%)]	Loss: 0.591847

Test set: Average loss: 0.6716, Accuracy: (0.7620)

Train Epoch: 27 [0/2500 (0%)]	Loss: 0.731862
Train Epoch: 27 [1280/2500 (50%)]	Loss: 0.735464

Test set: Average loss: 0.6474, Accuracy: (0.7660)

Train Epoch: 28 [0/2500 (0%)]	Loss: 0.687783
Train Epoch: 28 [1280/2500 (50%)]	Loss: 0.605152

Test set: Average loss: 0.7445, Accuracy: (0.7500)

Train Epoch: 29 [0/2500 (0%)]	Loss: 0.619927
Train Epoch: 29 [1280/2500 (50%)]	Loss: 0.635273

Test set: Average loss: 0.6376, Accuracy: (0.7340)

Train Epoch: 30 [0/2500 (0%)]	Loss: 0.508418
Train Epoch: 30 [1280/2500 (50%)]	Loss: 0.595559

Test set: Average loss: 0.6242, Accuracy: (0.7860)

Train Epoch: 31 [0/2500 (0%)]	Loss: 0.572663
Train Epoch: 31 [1280/2500 (50%)]	Loss: 0.646587

Test set: Average loss: 0.6325, Accuracy: (0.7580)

Train Epoch: 32 [0/2500 (0%)]	Loss: 0.543715
Train Epoch: 32 [1280/2500 (50%)]	Loss: 0.664783

Test set: Average loss: 0.6055, Accuracy: (0.7760)

Train Epoch: 33 [0/2500 (0%)]	Loss: 0.662666
Train Epoch: 33 [1280/2500 (50%)]	Loss: 0.745444

Test set: Average loss: 0.5961, Accuracy: (0.7980)

Train Epoch: 34 [0/2500 (0%)]	Loss: 0.621677
Train Epoch: 34 [1280/2500 (50%)]	Loss: 0.616789

Test set: Average loss: 0.5744, Accuracy: (0.7920)

Train Epoch: 35 [0/2500 (0%)]	Loss: 0.586760
Train Epoch: 35 [1280/2500 (50%)]	Loss: 0.511398

Test set: Average loss: 0.6188, Accuracy: (0.7820)

Train Epoch: 36 [0/2500 (0%)]	Loss: 0.437002
Train Epoch: 36 [1280/2500 (50%)]	Loss: 0.592136

Test set: Average loss: 0.6213, Accuracy: (0.7760)

Train Epoch: 37 [0/2500 (0%)]	Loss: 0.636177
Train Epoch: 37 [1280/2500 (50%)]	Loss: 0.669801

Test set: Average loss: 0.6099, Accuracy: (0.7620)

Train Epoch: 38 [0/2500 (0%)]	Loss: 0.820017
Train Epoch: 38 [1280/2500 (50%)]	Loss: 0.537109

Test set: Average loss: 0.6069, Accuracy: (0.7780)

Train Epoch: 39 [0/2500 (0%)]	Loss: 0.531050
Train Epoch: 39 [1280/2500 (50%)]	Loss: 0.635083

Test set: Average loss: 0.5847, Accuracy: (0.7920)

Train Epoch: 40 [0/2500 (0%)]	Loss: 0.542280
Train Epoch: 40 [1280/2500 (50%)]	Loss: 0.665026

Test set: Average loss: 0.6094, Accuracy: (0.7980)

Train Epoch: 41 [0/2500 (0%)]	Loss: 0.694681
Train Epoch: 41 [1280/2500 (50%)]	Loss: 0.708763

Test set: Average loss: 0.5747, Accuracy: (0.8080)

Train Epoch: 42 [0/2500 (0%)]	Loss: 0.496933
Train Epoch: 42 [1280/2500 (50%)]	Loss: 0.757173

Test set: Average loss: 0.5726, Accuracy: (0.8000)

Train Epoch: 43 [0/2500 (0%)]	Loss: 0.644274
Train Epoch: 43 [1280/2500 (50%)]	Loss: 0.634267

Test set: Average loss: 0.5627, Accuracy: (0.8120)

Train Epoch: 44 [0/2500 (0%)]	Loss: 0.526252
Train Epoch: 44 [1280/2500 (50%)]	Loss: 0.592821

Test set: Average loss: 0.5601, Accuracy: (0.8060)

Train Epoch: 45 [0/2500 (0%)]	Loss: 0.554491
Train Epoch: 45 [1280/2500 (50%)]	Loss: 0.629029

Test set: Average loss: 0.5721, Accuracy: (0.8000)

Train Epoch: 46 [0/2500 (0%)]	Loss: 0.638283
Train Epoch: 46 [1280/2500 (50%)]	Loss: 0.723090

Test set: Average loss: 0.6027, Accuracy: (0.7740)

Train Epoch: 47 [0/2500 (0%)]	Loss: 0.566945
Train Epoch: 47 [1280/2500 (50%)]	Loss: 0.613490

Test set: Average loss: 0.6187, Accuracy: (0.7740)

Train Epoch: 48 [0/2500 (0%)]	Loss: 0.606031
Train Epoch: 48 [1280/2500 (50%)]	Loss: 0.568548

Test set: Average loss: 0.5953, Accuracy: (0.7880)

Train Epoch: 49 [0/2500 (0%)]	Loss: 0.595410
Train Epoch: 49 [1280/2500 (50%)]	Loss: 0.654279

Test set: Average loss: 0.5419, Accuracy: (0.7920)

Train Epoch: 50 [0/2500 (0%)]	Loss: 0.524389
Train Epoch: 50 [1280/2500 (50%)]	Loss: 0.590313

Test set: Average loss: 0.5677, Accuracy: (0.7940)

Train Epoch: 51 [0/2500 (0%)]	Loss: 0.673887
Train Epoch: 51 [1280/2500 (50%)]	Loss: 0.501481

Test set: Average loss: 0.6303, Accuracy: (0.7640)

Train Epoch: 52 [0/2500 (0%)]	Loss: 0.642485
Train Epoch: 52 [1280/2500 (50%)]	Loss: 0.517532

Test set: Average loss: 0.5582, Accuracy: (0.7920)

Train Epoch: 53 [0/2500 (0%)]	Loss: 0.557040
Train Epoch: 53 [1280/2500 (50%)]	Loss: 0.624755

Test set: Average loss: 0.6342, Accuracy: (0.7500)

Train Epoch: 54 [0/2500 (0%)]	Loss: 0.656646
Train Epoch: 54 [1280/2500 (50%)]	Loss: 0.565053

Test set: Average loss: 0.5203, Accuracy: (0.8000)

Train Epoch: 55 [0/2500 (0%)]	Loss: 0.545632
Train Epoch: 55 [1280/2500 (50%)]	Loss: 0.477921

Test set: Average loss: 0.6576, Accuracy: (0.7620)

Train Epoch: 56 [0/2500 (0%)]	Loss: 0.750230
Train Epoch: 56 [1280/2500 (50%)]	Loss: 0.650814

Test set: Average loss: 0.5387, Accuracy: (0.8020)

Train Epoch: 57 [0/2500 (0%)]	Loss: 0.474460
Train Epoch: 57 [1280/2500 (50%)]	Loss: 0.665104

Test set: Average loss: 0.5070, Accuracy: (0.8400)

Train Epoch: 58 [0/2500 (0%)]	Loss: 0.598626
Train Epoch: 58 [1280/2500 (50%)]	Loss: 0.680024

Test set: Average loss: 0.5162, Accuracy: (0.8180)

Train Epoch: 59 [0/2500 (0%)]	Loss: 0.581372
Train Epoch: 59 [1280/2500 (50%)]	Loss: 0.535744

Test set: Average loss: 0.5159, Accuracy: (0.8220)

Train Epoch: 60 [0/2500 (0%)]	Loss: 0.578216
Train Epoch: 60 [1280/2500 (50%)]	Loss: 0.532946

Test set: Average loss: 0.5715, Accuracy: (0.7980)

Train Epoch: 61 [0/2500 (0%)]	Loss: 0.507384
Train Epoch: 61 [1280/2500 (50%)]	Loss: 0.625883

Test set: Average loss: 0.4955, Accuracy: (0.8240)

Train Epoch: 62 [0/2500 (0%)]	Loss: 0.550584
Train Epoch: 62 [1280/2500 (50%)]	Loss: 0.506701

Test set: Average loss: 0.5549, Accuracy: (0.7860)

Train Epoch: 63 [0/2500 (0%)]	Loss: 0.573301
Train Epoch: 63 [1280/2500 (50%)]	Loss: 0.639587

Test set: Average loss: 0.5398, Accuracy: (0.8020)

Train Epoch: 64 [0/2500 (0%)]	Loss: 0.529736
Train Epoch: 64 [1280/2500 (50%)]	Loss: 0.613770

Test set: Average loss: 0.5418, Accuracy: (0.8040)

Train Epoch: 65 [0/2500 (0%)]	Loss: 0.774439
Train Epoch: 65 [1280/2500 (50%)]	Loss: 0.679589

Test set: Average loss: 0.5397, Accuracy: (0.8180)

Train Epoch: 66 [0/2500 (0%)]	Loss: 0.526977
Train Epoch: 66 [1280/2500 (50%)]	Loss: 0.567423

Test set: Average loss: 0.5560, Accuracy: (0.7860)

Train Epoch: 67 [0/2500 (0%)]	Loss: 0.520997
Train Epoch: 67 [1280/2500 (50%)]	Loss: 0.757532

Test set: Average loss: 0.5340, Accuracy: (0.8080)

Train Epoch: 68 [0/2500 (0%)]	Loss: 0.582126
Train Epoch: 68 [1280/2500 (50%)]	Loss: 0.496130

Test set: Average loss: 0.5659, Accuracy: (0.7860)

Train Epoch: 69 [0/2500 (0%)]	Loss: 0.515225
Train Epoch: 69 [1280/2500 (50%)]	Loss: 0.650008

Test set: Average loss: 0.5085, Accuracy: (0.8500)

Train Epoch: 70 [0/2500 (0%)]	Loss: 0.540068
Train Epoch: 70 [1280/2500 (50%)]	Loss: 0.523226

Test set: Average loss: 0.5023, Accuracy: (0.8260)

Train Epoch: 71 [0/2500 (0%)]	Loss: 0.645559
Train Epoch: 71 [1280/2500 (50%)]	Loss: 0.575072

Test set: Average loss: 0.5398, Accuracy: (0.7900)

Train Epoch: 72 [0/2500 (0%)]	Loss: 0.445247
Train Epoch: 72 [1280/2500 (50%)]	Loss: 0.552318

Test set: Average loss: 0.5540, Accuracy: (0.7920)

Train Epoch: 73 [0/2500 (0%)]	Loss: 0.627209
Train Epoch: 73 [1280/2500 (50%)]	Loss: 0.604349

Test set: Average loss: 0.5230, Accuracy: (0.8080)

Train Epoch: 74 [0/2500 (0%)]	Loss: 0.636502
Train Epoch: 74 [1280/2500 (50%)]	Loss: 0.517312

Test set: Average loss: 0.5926, Accuracy: (0.7860)

Train Epoch: 75 [0/2500 (0%)]	Loss: 0.553837
Train Epoch: 75 [1280/2500 (50%)]	Loss: 0.533374

Test set: Average loss: 0.5254, Accuracy: (0.8080)

Train Epoch: 76 [0/2500 (0%)]	Loss: 0.530356
Train Epoch: 76 [1280/2500 (50%)]	Loss: 0.510898

Test set: Average loss: 0.5561, Accuracy: (0.7860)

Train Epoch: 77 [0/2500 (0%)]	Loss: 0.441233
Train Epoch: 77 [1280/2500 (50%)]	Loss: 0.483231

Test set: Average loss: 0.5218, Accuracy: (0.8160)

Train Epoch: 78 [0/2500 (0%)]	Loss: 0.533328
Train Epoch: 78 [1280/2500 (50%)]	Loss: 0.479388

Test set: Average loss: 0.5260, Accuracy: (0.8140)

Train Epoch: 79 [0/2500 (0%)]	Loss: 0.512033
Train Epoch: 79 [1280/2500 (50%)]	Loss: 0.635330

Test set: Average loss: 0.5630, Accuracy: (0.7840)

Train Epoch: 80 [0/2500 (0%)]	Loss: 0.582370
Train Epoch: 80 [1280/2500 (50%)]	Loss: 0.520411

Test set: Average loss: 0.5186, Accuracy: (0.8140)

Train Epoch: 81 [0/2500 (0%)]	Loss: 0.608981
Train Epoch: 81 [1280/2500 (50%)]	Loss: 0.439290

Test set: Average loss: 0.5751, Accuracy: (0.7940)

Train Epoch: 82 [0/2500 (0%)]	Loss: 0.547033
Train Epoch: 82 [1280/2500 (50%)]	Loss: 0.575041

Test set: Average loss: 0.5068, Accuracy: (0.8280)

Train Epoch: 83 [0/2500 (0%)]	Loss: 0.539486
Train Epoch: 83 [1280/2500 (50%)]	Loss: 0.464808

Test set: Average loss: 0.5711, Accuracy: (0.7980)

Train Epoch: 84 [0/2500 (0%)]	Loss: 0.459187
Train Epoch: 84 [1280/2500 (50%)]	Loss: 0.450894

Test set: Average loss: 0.5200, Accuracy: (0.8240)

Train Epoch: 85 [0/2500 (0%)]	Loss: 0.636483
Train Epoch: 85 [1280/2500 (50%)]	Loss: 0.658043

Test set: Average loss: 0.5306, Accuracy: (0.7960)

Train Epoch: 86 [0/2500 (0%)]	Loss: 0.566865
Train Epoch: 86 [1280/2500 (50%)]	Loss: 0.514366

Test set: Average loss: 0.5636, Accuracy: (0.7940)

Train Epoch: 87 [0/2500 (0%)]	Loss: 0.503262
Train Epoch: 87 [1280/2500 (50%)]	Loss: 0.437297

Test set: Average loss: 0.5553, Accuracy: (0.7960)

Train Epoch: 88 [0/2500 (0%)]	Loss: 0.579633
Train Epoch: 88 [1280/2500 (50%)]	Loss: 0.448579

Test set: Average loss: 0.5239, Accuracy: (0.8020)

Train Epoch: 89 [0/2500 (0%)]	Loss: 0.620801
Train Epoch: 89 [1280/2500 (50%)]	Loss: 0.524683

Test set: Average loss: 0.4920, Accuracy: (0.8140)

Train Epoch: 90 [0/2500 (0%)]	Loss: 0.473219
Train Epoch: 90 [1280/2500 (50%)]	Loss: 0.563526

Test set: Average loss: 0.5198, Accuracy: (0.8020)

Train Epoch: 91 [0/2500 (0%)]	Loss: 0.617193
Train Epoch: 91 [1280/2500 (50%)]	Loss: 0.444444

Test set: Average loss: 0.5628, Accuracy: (0.7860)

Train Epoch: 92 [0/2500 (0%)]	Loss: 0.658234
Train Epoch: 92 [1280/2500 (50%)]	Loss: 0.535271

Test set: Average loss: 0.5118, Accuracy: (0.8300)

Train Epoch: 93 [0/2500 (0%)]	Loss: 0.453275
Train Epoch: 93 [1280/2500 (50%)]	Loss: 0.476001

Test set: Average loss: 0.5472, Accuracy: (0.7940)

Train Epoch: 94 [0/2500 (0%)]	Loss: 0.440190
Train Epoch: 94 [1280/2500 (50%)]	Loss: 0.538963

Test set: Average loss: 0.4960, Accuracy: (0.8200)

Train Epoch: 95 [0/2500 (0%)]	Loss: 0.487485
Train Epoch: 95 [1280/2500 (50%)]	Loss: 0.653605

Test set: Average loss: 0.5038, Accuracy: (0.8100)

Train Epoch: 96 [0/2500 (0%)]	Loss: 0.479811
Train Epoch: 96 [1280/2500 (50%)]	Loss: 0.606976

Test set: Average loss: 0.5026, Accuracy: (0.8040)

Train Epoch: 97 [0/2500 (0%)]	Loss: 0.564676
Train Epoch: 97 [1280/2500 (50%)]	Loss: 0.551184

Test set: Average loss: 0.5165, Accuracy: (0.8040)

Train Epoch: 98 [0/2500 (0%)]	Loss: 0.596816
Train Epoch: 98 [1280/2500 (50%)]	Loss: 0.650098

Test set: Average loss: 0.5230, Accuracy: (0.8060)

Train Epoch: 99 [0/2500 (0%)]	Loss: 0.537755
Train Epoch: 99 [1280/2500 (50%)]	Loss: 0.479775

Test set: Average loss: 0.5425, Accuracy: (0.8160)

Train Epoch: 100 [0/2500 (0%)]	Loss: 0.478076
Train Epoch: 100 [1280/2500 (50%)]	Loss: 0.692080

Test set: Average loss: 0.5249, Accuracy: (0.7960)

Train Epoch: 101 [0/2500 (0%)]	Loss: 0.482268
Train Epoch: 101 [1280/2500 (50%)]	Loss: 0.591304

Test set: Average loss: 0.5343, Accuracy: (0.8020)

Train Epoch: 102 [0/2500 (0%)]	Loss: 0.566310
Train Epoch: 102 [1280/2500 (50%)]	Loss: 0.561518

Test set: Average loss: 0.5338, Accuracy: (0.8000)

Train Epoch: 103 [0/2500 (0%)]	Loss: 0.518767
Train Epoch: 103 [1280/2500 (50%)]	Loss: 0.701598

Test set: Average loss: 0.5691, Accuracy: (0.7860)

Train Epoch: 104 [0/2500 (0%)]	Loss: 0.559894
Train Epoch: 104 [1280/2500 (50%)]	Loss: 0.604788

Test set: Average loss: 0.5507, Accuracy: (0.8040)

Train Epoch: 105 [0/2500 (0%)]	Loss: 0.503681
Train Epoch: 105 [1280/2500 (50%)]	Loss: 0.591948

Test set: Average loss: 0.5210, Accuracy: (0.8120)

Train Epoch: 106 [0/2500 (0%)]	Loss: 0.554759
Train Epoch: 106 [1280/2500 (50%)]	Loss: 0.471752

Test set: Average loss: 0.6040, Accuracy: (0.7780)

Train Epoch: 107 [0/2500 (0%)]	Loss: 0.741008
Train Epoch: 107 [1280/2500 (50%)]	Loss: 0.580411

Test set: Average loss: 0.5159, Accuracy: (0.8160)

Train Epoch: 108 [0/2500 (0%)]	Loss: 0.477792
Train Epoch: 108 [1280/2500 (50%)]	Loss: 0.505207

Test set: Average loss: 0.5802, Accuracy: (0.7820)

Train Epoch: 109 [0/2500 (0%)]	Loss: 0.641515
Train Epoch: 109 [1280/2500 (50%)]	Loss: 0.449766

Test set: Average loss: 0.5174, Accuracy: (0.8060)

Train Epoch: 110 [0/2500 (0%)]	Loss: 0.562188
Train Epoch: 110 [1280/2500 (50%)]	Loss: 0.470042

Test set: Average loss: 0.4748, Accuracy: (0.8120)

Train Epoch: 111 [0/2500 (0%)]	Loss: 0.482771
Train Epoch: 111 [1280/2500 (50%)]	Loss: 0.607400

Test set: Average loss: 0.5452, Accuracy: (0.8240)

Train Epoch: 112 [0/2500 (0%)]	Loss: 0.425537
Train Epoch: 112 [1280/2500 (50%)]	Loss: 0.442075

Test set: Average loss: 0.5800, Accuracy: (0.7800)

Train Epoch: 113 [0/2500 (0%)]	Loss: 0.613429
Train Epoch: 113 [1280/2500 (50%)]	Loss: 0.603043

Test set: Average loss: 0.5258, Accuracy: (0.8100)

Train Epoch: 114 [0/2500 (0%)]	Loss: 0.653409
Train Epoch: 114 [1280/2500 (50%)]	Loss: 0.618216

Test set: Average loss: 0.5474, Accuracy: (0.8200)

Train Epoch: 115 [0/2500 (0%)]	Loss: 0.506260
Train Epoch: 115 [1280/2500 (50%)]	Loss: 0.562650

Test set: Average loss: 0.5125, Accuracy: (0.8160)

Train Epoch: 116 [0/2500 (0%)]	Loss: 0.555378
Train Epoch: 116 [1280/2500 (50%)]	Loss: 0.665641

Test set: Average loss: 0.4988, Accuracy: (0.8180)

Train Epoch: 117 [0/2500 (0%)]	Loss: 0.381425
Train Epoch: 117 [1280/2500 (50%)]	Loss: 0.515043

Test set: Average loss: 0.5394, Accuracy: (0.8040)

Train Epoch: 118 [0/2500 (0%)]	Loss: 0.558261
Train Epoch: 118 [1280/2500 (50%)]	Loss: 0.501688

Test set: Average loss: 0.5116, Accuracy: (0.8060)

Train Epoch: 119 [0/2500 (0%)]	Loss: 0.604971
Train Epoch: 119 [1280/2500 (50%)]	Loss: 0.610452

Test set: Average loss: 0.5072, Accuracy: (0.8220)

Train Epoch: 120 [0/2500 (0%)]	Loss: 0.387866
Train Epoch: 120 [1280/2500 (50%)]	Loss: 0.565650

Test set: Average loss: 0.4909, Accuracy: (0.8240)

Train Epoch: 121 [0/2500 (0%)]	Loss: 0.402188
Train Epoch: 121 [1280/2500 (50%)]	Loss: 0.603772

Test set: Average loss: 0.5053, Accuracy: (0.8320)

Train Epoch: 122 [0/2500 (0%)]	Loss: 0.540701
Train Epoch: 122 [1280/2500 (50%)]	Loss: 0.551637

Test set: Average loss: 0.5967, Accuracy: (0.7780)

Train Epoch: 123 [0/2500 (0%)]	Loss: 0.519518
Train Epoch: 123 [1280/2500 (50%)]	Loss: 0.595495

Test set: Average loss: 0.4863, Accuracy: (0.8240)

Train Epoch: 124 [0/2500 (0%)]	Loss: 0.659541
Train Epoch: 124 [1280/2500 (50%)]	Loss: 0.534396

Test set: Average loss: 0.5039, Accuracy: (0.8200)

Train Epoch: 125 [0/2500 (0%)]	Loss: 0.634836
Train Epoch: 125 [1280/2500 (50%)]	Loss: 0.556665

Test set: Average loss: 0.5129, Accuracy: (0.8080)

Train Epoch: 126 [0/2500 (0%)]	Loss: 0.518064
Train Epoch: 126 [1280/2500 (50%)]	Loss: 0.518186
